2020-06-14 08:52:27.535  INFO 53756 --- [restartedMain] com.alvis.exam.ExamApplication           : Starting ExamApplication on DESKTOP-VT59QRS with PID 53756 (D:\ideaProject\uexam-mysql\source\exam\target\classes started by admin in D:\ideaProject\uexam-mysql\source\exam)
2020-06-14 08:52:27.537  INFO 53756 --- [restartedMain] com.alvis.exam.ExamApplication           : The following profiles are active: dev
2020-06-14 08:52:27.706  INFO 53756 --- [restartedMain] .e.DevToolsPropertyDefaultsPostProcessor : Devtools property defaults active! Set 'spring.devtools.add-properties' to 'false' to disable
2020-06-14 08:52:27.707  INFO 53756 --- [restartedMain] .e.DevToolsPropertyDefaultsPostProcessor : For additional web related logging consider setting the 'logging.level.web' property to 'DEBUG'
2020-06-14 08:52:28.939  INFO 53756 --- [restartedMain] .s.d.r.c.RepositoryConfigurationDelegate : Multiple Spring Data modules found, entering strict repository configuration mode!
2020-06-14 08:52:28.941  INFO 53756 --- [restartedMain] .s.d.r.c.RepositoryConfigurationDelegate : Bootstrapping Spring Data repositories in DEFAULT mode.
2020-06-14 08:52:29.058  INFO 53756 --- [restartedMain] .s.d.r.c.RepositoryConfigurationDelegate : Finished Spring Data repository scanning in 100ms. Found 0 repository interfaces.
2020-06-14 08:52:29.611  INFO 53756 --- [restartedMain] trationDelegate$BeanPostProcessorChecker : Bean 'cacheConfig' of type [com.alvis.exam.configuration.spring.cache.CacheConfig$$EnhancerBySpringCGLIB$$f8657826] is not eligible for getting processed by all BeanPostProcessors (for example: not eligible for auto-proxying)
2020-06-14 08:52:29.620  INFO 53756 --- [restartedMain] trationDelegate$BeanPostProcessorChecker : Bean 'org.springframework.transaction.annotation.ProxyTransactionManagementConfiguration' of type [org.springframework.transaction.annotation.ProxyTransactionManagementConfiguration$$EnhancerBySpringCGLIB$$9041c369] is not eligible for getting processed by all BeanPostProcessors (for example: not eligible for auto-proxying)
2020-06-14 08:52:30.006  WARN 53756 --- [restartedMain] io.undertow.websockets.jsr               : UT026010: Buffer pool was not set on WebSocketDeploymentInfo, the default pool will be used
2020-06-14 08:52:30.033  INFO 53756 --- [restartedMain] io.undertow.servlet                      : Initializing Spring embedded WebApplicationContext
2020-06-14 08:52:30.034  INFO 53756 --- [restartedMain] o.s.web.context.ContextLoader            : Root WebApplicationContext: initialization completed in 2327 ms
2020-06-14 08:52:31.897  INFO 53756 --- [restartedMain] o.s.s.web.DefaultSecurityFilterChain     : Creating filter chain: any request, [org.springframework.security.web.context.request.async.WebAsyncManagerIntegrationFilter@15ea6e03, org.springframework.security.web.context.SecurityContextPersistenceFilter@479e455d, org.springframework.security.web.header.HeaderWriterFilter@665779d3, org.springframework.web.filter.CorsFilter@d8c13f3, org.springframework.security.web.authentication.logout.LogoutFilter@3d08449d, com.alvis.exam.configuration.spring.security.RestLoginAuthenticationFilter@752ff40c, org.springframework.security.web.authentication.UsernamePasswordAuthenticationFilter@7ac4e199, org.springframework.security.web.savedrequest.RequestCacheAwareFilter@34926678, org.springframework.security.web.servletapi.SecurityContextHolderAwareRequestFilter@2aa4e428, org.springframework.security.web.authentication.rememberme.RememberMeAuthenticationFilter@2fdef45d, org.springframework.security.web.authentication.AnonymousAuthenticationFilter@6e087b3f, org.springframework.security.web.session.SessionManagementFilter@6085926b, org.springframework.security.web.access.ExceptionTranslationFilter@55833d15, org.springframework.security.web.access.intercept.FilterSecurityInterceptor@3c5fd12f]
2020-06-14 08:52:32.402  INFO 53756 --- [restartedMain] io.lettuce.core.EpollProvider            : Starting without optional epoll library
2020-06-14 08:52:32.403  INFO 53756 --- [restartedMain] io.lettuce.core.KqueueProvider           : Starting without optional kqueue library
2020-06-14 08:52:33.419  INFO 53756 --- [restartedMain] o.s.b.d.a.OptionalLiveReloadServer       : LiveReload server is running on port 35729
2020-06-14 08:52:34.009  INFO 53756 --- [restartedMain] s.a.ScheduledAnnotationBeanPostProcessor : No TaskScheduler/ScheduledExecutorService bean found for scheduled processing
2020-06-14 08:52:34.042  INFO 53756 --- [restartedMain] org.xnio                                 : XNIO version 3.3.8.Final
2020-06-14 08:52:34.054  INFO 53756 --- [restartedMain] org.xnio.nio                             : XNIO NIO Implementation Version 3.3.8.Final
2020-06-14 08:52:34.106  INFO 53756 --- [restartedMain] o.s.b.w.e.u.UndertowServletWebServer     : Undertow started on port(s) 8000 (http) with context path ''
2020-06-14 08:52:34.109  INFO 53756 --- [restartedMain] com.alvis.exam.ExamApplication           : Started ExamApplication in 7.532 seconds (JVM running for 9.74)
2020-06-14 09:34:17.716  INFO 53756 --- [XNIO-1 task-1] io.undertow.servlet                      : Initializing Spring DispatcherServlet 'dispatcherServlet'
2020-06-14 09:34:17.726  INFO 53756 --- [XNIO-1 task-1] o.s.web.servlet.DispatcherServlet        : Initializing Servlet 'dispatcherServlet'
2020-06-14 09:34:17.780  INFO 53756 --- [XNIO-1 task-1] o.s.web.servlet.DispatcherServlet        : Completed initialization in 54 ms
2020-06-14 09:50:36.776  INFO 55032 --- [restartedMain] com.alvis.exam.ExamApplication           : Starting ExamApplication on DESKTOP-VT59QRS with PID 55032 (D:\ideaProject\uexam-mysql\source\exam\target\classes started by admin in D:\ideaProject\uexam-mysql\source\exam)
2020-06-14 09:50:36.779  INFO 55032 --- [restartedMain] com.alvis.exam.ExamApplication           : The following profiles are active: dev
2020-06-14 09:50:36.841  INFO 55032 --- [restartedMain] .e.DevToolsPropertyDefaultsPostProcessor : Devtools property defaults active! Set 'spring.devtools.add-properties' to 'false' to disable
2020-06-14 09:50:36.842  INFO 55032 --- [restartedMain] .e.DevToolsPropertyDefaultsPostProcessor : For additional web related logging consider setting the 'logging.level.web' property to 'DEBUG'
2020-06-14 09:50:37.991  INFO 55032 --- [restartedMain] .s.d.r.c.RepositoryConfigurationDelegate : Multiple Spring Data modules found, entering strict repository configuration mode!
2020-06-14 09:50:37.994  INFO 55032 --- [restartedMain] .s.d.r.c.RepositoryConfigurationDelegate : Bootstrapping Spring Data repositories in DEFAULT mode.
2020-06-14 09:50:38.113  INFO 55032 --- [restartedMain] .s.d.r.c.RepositoryConfigurationDelegate : Finished Spring Data repository scanning in 102ms. Found 0 repository interfaces.
2020-06-14 09:50:38.605  INFO 55032 --- [restartedMain] trationDelegate$BeanPostProcessorChecker : Bean 'cacheConfig' of type [com.alvis.exam.configuration.spring.cache.CacheConfig$$EnhancerBySpringCGLIB$$3440f9a0] is not eligible for getting processed by all BeanPostProcessors (for example: not eligible for auto-proxying)
2020-06-14 09:50:38.614  INFO 55032 --- [restartedMain] trationDelegate$BeanPostProcessorChecker : Bean 'org.springframework.transaction.annotation.ProxyTransactionManagementConfiguration' of type [org.springframework.transaction.annotation.ProxyTransactionManagementConfiguration$$EnhancerBySpringCGLIB$$cc1d44e3] is not eligible for getting processed by all BeanPostProcessors (for example: not eligible for auto-proxying)
2020-06-14 09:50:39.036  WARN 55032 --- [restartedMain] io.undertow.websockets.jsr               : UT026010: Buffer pool was not set on WebSocketDeploymentInfo, the default pool will be used
2020-06-14 09:50:39.063  INFO 55032 --- [restartedMain] io.undertow.servlet                      : Initializing Spring embedded WebApplicationContext
2020-06-14 09:50:39.063  INFO 55032 --- [restartedMain] o.s.web.context.ContextLoader            : Root WebApplicationContext: initialization completed in 2221 ms
2020-06-14 09:50:40.854  INFO 55032 --- [restartedMain] o.s.s.web.DefaultSecurityFilterChain     : Creating filter chain: any request, [org.springframework.security.web.context.request.async.WebAsyncManagerIntegrationFilter@1ee1788d, org.springframework.security.web.context.SecurityContextPersistenceFilter@2f64eed7, org.springframework.security.web.header.HeaderWriterFilter@191fa0b7, org.springframework.web.filter.CorsFilter@21784b26, org.springframework.security.web.authentication.logout.LogoutFilter@2dda09b5, com.alvis.exam.configuration.spring.security.RestLoginAuthenticationFilter@7fa70870, org.springframework.security.web.authentication.UsernamePasswordAuthenticationFilter@61b689f7, org.springframework.security.web.savedrequest.RequestCacheAwareFilter@2625b8d7, org.springframework.security.web.servletapi.SecurityContextHolderAwareRequestFilter@5645d622, org.springframework.security.web.authentication.rememberme.RememberMeAuthenticationFilter@3081d0a4, org.springframework.security.web.authentication.AnonymousAuthenticationFilter@77836246, org.springframework.security.web.session.SessionManagementFilter@578feb0a, org.springframework.security.web.access.ExceptionTranslationFilter@66c49bfc, org.springframework.security.web.access.intercept.FilterSecurityInterceptor@63eefba0]
2020-06-14 09:50:41.571  INFO 55032 --- [restartedMain] io.lettuce.core.EpollProvider            : Starting without optional epoll library
2020-06-14 09:50:41.572  INFO 55032 --- [restartedMain] io.lettuce.core.KqueueProvider           : Starting without optional kqueue library
2020-06-14 09:50:42.201  INFO 55032 --- [restartedMain] o.s.b.d.a.OptionalLiveReloadServer       : LiveReload server is running on port 35729
2020-06-14 09:50:42.874  INFO 55032 --- [restartedMain] s.a.ScheduledAnnotationBeanPostProcessor : No TaskScheduler/ScheduledExecutorService bean found for scheduled processing
2020-06-14 09:50:42.906  INFO 55032 --- [restartedMain] org.xnio                                 : XNIO version 3.3.8.Final
2020-06-14 09:50:42.918  INFO 55032 --- [restartedMain] org.xnio.nio                             : XNIO NIO Implementation Version 3.3.8.Final
2020-06-14 09:50:42.972  INFO 55032 --- [restartedMain] o.s.b.w.e.u.UndertowServletWebServer     : Undertow started on port(s) 8000 (http) with context path ''
2020-06-14 09:50:42.976  INFO 55032 --- [restartedMain] com.alvis.exam.ExamApplication           : Started ExamApplication in 7.089 seconds (JVM running for 8.774)
