2020-07-03 17:01:21.642  INFO 8072 --- [restartedMain] com.alvis.exam.ExamApplication           : Starting ExamApplication on wufeng with PID 8072 (F:\exam\exam\target\classes started by wufeng in F:\exam\exam)
2020-07-03 17:01:21.645  INFO 8072 --- [restartedMain] com.alvis.exam.ExamApplication           : The following profiles are active: dev
2020-07-03 17:01:21.773  INFO 8072 --- [restartedMain] .e.DevToolsPropertyDefaultsPostProcessor : Devtools property defaults active! Set 'spring.devtools.add-properties' to 'false' to disable
2020-07-03 17:01:21.773  INFO 8072 --- [restartedMain] .e.DevToolsPropertyDefaultsPostProcessor : For additional web related logging consider setting the 'logging.level.web' property to 'DEBUG'
2020-07-03 17:01:23.127  INFO 8072 --- [restartedMain] .s.d.r.c.RepositoryConfigurationDelegate : Multiple Spring Data modules found, entering strict repository configuration mode!
2020-07-03 17:01:23.129  INFO 8072 --- [restartedMain] .s.d.r.c.RepositoryConfigurationDelegate : Bootstrapping Spring Data repositories in DEFAULT mode.
2020-07-03 17:01:23.225  INFO 8072 --- [restartedMain] .s.d.r.c.RepositoryConfigurationDelegate : Finished Spring Data repository scanning in 78ms. Found 0 repository interfaces.
2020-07-03 17:01:23.692  INFO 8072 --- [restartedMain] trationDelegate$BeanPostProcessorChecker : Bean 'cacheConfig' of type [com.alvis.exam.configuration.spring.cache.CacheConfig$$EnhancerBySpringCGLIB$$fe40cc2f] is not eligible for getting processed by all BeanPostProcessors (for example: not eligible for auto-proxying)
2020-07-03 17:01:23.719  INFO 8072 --- [restartedMain] trationDelegate$BeanPostProcessorChecker : Bean 'org.springframework.transaction.annotation.ProxyTransactionManagementConfiguration' of type [org.springframework.transaction.annotation.ProxyTransactionManagementConfiguration$$EnhancerBySpringCGLIB$$961d1772] is not eligible for getting processed by all BeanPostProcessors (for example: not eligible for auto-proxying)
2020-07-03 17:01:24.095  WARN 8072 --- [restartedMain] io.undertow.websockets.jsr               : UT026010: Buffer pool was not set on WebSocketDeploymentInfo, the default pool will be used
2020-07-03 17:01:24.141  INFO 8072 --- [restartedMain] io.undertow.servlet                      : Initializing Spring embedded WebApplicationContext
2020-07-03 17:01:24.141  INFO 8072 --- [restartedMain] o.s.web.context.ContextLoader            : Root WebApplicationContext: initialization completed in 2367 ms
2020-07-03 17:01:26.175  INFO 8072 --- [restartedMain] pertySourcedRequestMappingHandlerMapping : Mapped URL path [/v2/api-docs] onto method [public org.springframework.http.ResponseEntity<springfox.documentation.spring.web.json.Json> springfox.documentation.swagger2.web.Swagger2Controller.getDocumentation(java.lang.String,javax.servlet.http.HttpServletRequest)]
2020-07-03 17:01:26.295  INFO 8072 --- [restartedMain] o.s.b.d.a.OptionalLiveReloadServer       : LiveReload server is running on port 35729
2020-07-03 17:01:26.530  INFO 8072 --- [restartedMain] o.s.s.web.DefaultSecurityFilterChain     : Creating filter chain: any request, [org.springframework.security.web.context.request.async.WebAsyncManagerIntegrationFilter@36c83676, org.springframework.security.web.context.SecurityContextPersistenceFilter@6ab0a31a, org.springframework.security.web.header.HeaderWriterFilter@6d03c49f, org.springframework.web.filter.CorsFilter@1200be58, org.springframework.security.web.authentication.logout.LogoutFilter@54e6b46, com.alvis.exam.configuration.spring.security.RestLoginAuthenticationFilter@7b8a5e4, org.springframework.security.web.authentication.UsernamePasswordAuthenticationFilter@4b73c871, org.springframework.security.web.savedrequest.RequestCacheAwareFilter@721671e8, org.springframework.security.web.servletapi.SecurityContextHolderAwareRequestFilter@6569e46f, org.springframework.security.web.authentication.rememberme.RememberMeAuthenticationFilter@14e70d0e, org.springframework.security.web.authentication.AnonymousAuthenticationFilter@73b03c72, org.springframework.security.web.session.SessionManagementFilter@31d37b9f, org.springframework.security.web.access.ExceptionTranslationFilter@4e66ee79, org.springframework.security.web.access.intercept.FilterSecurityInterceptor@325e99f6]
2020-07-03 17:01:27.125  INFO 8072 --- [restartedMain] io.lettuce.core.EpollProvider            : Starting without optional epoll library
2020-07-03 17:01:27.126  INFO 8072 --- [restartedMain] io.lettuce.core.KqueueProvider           : Starting without optional kqueue library
2020-07-03 17:01:28.787  INFO 8072 --- [restartedMain] d.s.w.p.DocumentationPluginsBootstrapper : Context refreshed
2020-07-03 17:01:28.810  INFO 8072 --- [restartedMain] d.s.w.p.DocumentationPluginsBootstrapper : Found 1 custom documentation plugin(s)
2020-07-03 17:01:28.863  INFO 8072 --- [restartedMain] s.d.s.w.s.ApiListingReferenceScanner     : Scanning for api listing references
2020-07-03 17:01:29.457  INFO 8072 --- [restartedMain] s.a.ScheduledAnnotationBeanPostProcessor : No TaskScheduler/ScheduledExecutorService bean found for scheduled processing
2020-07-03 17:01:29.496  INFO 8072 --- [restartedMain] org.xnio                                 : XNIO version 3.3.8.Final
2020-07-03 17:01:29.509  INFO 8072 --- [restartedMain] org.xnio.nio                             : XNIO NIO Implementation Version 3.3.8.Final
2020-07-03 17:01:29.771  INFO 8072 --- [restartedMain] o.s.b.w.e.u.UndertowServletWebServer     : Undertow started on port(s) 8000 (http) with context path ''
2020-07-03 17:01:29.775  INFO 8072 --- [restartedMain] com.alvis.exam.ExamApplication           : Started ExamApplication in 8.747 seconds (JVM running for 10.56)
2020-07-03 17:02:20.974  INFO 8072 --- [XNIO-1 task-1] io.undertow.servlet                      : Initializing Spring DispatcherServlet 'dispatcherServlet'
2020-07-03 17:02:20.975  INFO 8072 --- [XNIO-1 task-1] o.s.web.servlet.DispatcherServlet        : Initializing Servlet 'dispatcherServlet'
2020-07-03 17:02:20.986  INFO 8072 --- [XNIO-1 task-1] o.s.web.servlet.DispatcherServlet        : Completed initialization in 11 ms
2020-07-03 17:02:22.880  INFO 8072 --- [XNIO-1 task-2] com.zaxxer.hikari.HikariDataSource       : HikariPool-1 - Starting...
2020-07-03 17:02:23.008  INFO 8072 --- [XNIO-1 task-2] com.zaxxer.hikari.HikariDataSource       : HikariPool-1 - Start completed.
2020-07-03 17:05:14.729 ERROR 8072 --- [XNIO-1 task-11] c.a.e.c.s.exception.ExceptionHandle      : null

java.lang.NullPointerException: null
	at com.alvis.exam.service.impl.QuestionServiceImpl.insertFullQuestion(QuestionServiceImpl.java:72)
	at sun.reflect.NativeMethodAccessorImpl.invoke0(Native Method)
	at sun.reflect.NativeMethodAccessorImpl.invoke(NativeMethodAccessorImpl.java:62)
	at sun.reflect.DelegatingMethodAccessorImpl.invoke(DelegatingMethodAccessorImpl.java:43)
	at java.lang.reflect.Method.invoke(Method.java:498)
	at org.springframework.aop.support.AopUtils.invokeJoinpointUsingReflection(AopUtils.java:343)
	at org.springframework.aop.framework.ReflectiveMethodInvocation.invokeJoinpoint(ReflectiveMethodInvocation.java:198)
	at org.springframework.aop.framework.ReflectiveMethodInvocation.proceed(ReflectiveMethodInvocation.java:163)
	at org.springframework.transaction.interceptor.TransactionAspectSupport.invokeWithinTransaction(TransactionAspectSupport.java:295)
	at org.springframework.transaction.interceptor.TransactionInterceptor.invoke(TransactionInterceptor.java:98)
	at org.springframework.aop.framework.ReflectiveMethodInvocation.proceed(ReflectiveMethodInvocation.java:186)
	at org.springframework.aop.framework.JdkDynamicAopProxy.invoke(JdkDynamicAopProxy.java:212)
	at com.sun.proxy.$Proxy95.insertFullQuestion(Unknown Source)
	at com.alvis.exam.controller.admin.QuestionController.edit(QuestionController.java:92)
	at sun.reflect.NativeMethodAccessorImpl.invoke0(Native Method)
	at sun.reflect.NativeMethodAccessorImpl.invoke(NativeMethodAccessorImpl.java:62)
	at sun.reflect.DelegatingMethodAccessorImpl.invoke(DelegatingMethodAccessorImpl.java:43)
	at java.lang.reflect.Method.invoke(Method.java:498)
	at org.springframework.web.method.support.InvocableHandlerMethod.doInvoke(InvocableHandlerMethod.java:190)
	at org.springframework.web.method.support.InvocableHandlerMethod.invokeForRequest(InvocableHandlerMethod.java:138)
	at org.springframework.web.servlet.mvc.method.annotation.ServletInvocableHandlerMethod.invokeAndHandle(ServletInvocableHandlerMethod.java:104)
	at org.springframework.web.servlet.mvc.method.annotation.RequestMappingHandlerAdapter.invokeHandlerMethod(RequestMappingHandlerAdapter.java:892)
	at org.springframework.web.servlet.mvc.method.annotation.RequestMappingHandlerAdapter.handleInternal(RequestMappingHandlerAdapter.java:797)
	at org.springframework.web.servlet.mvc.method.AbstractHandlerMethodAdapter.handle(AbstractHandlerMethodAdapter.java:87)
	at org.springframework.web.servlet.DispatcherServlet.doDispatch(DispatcherServlet.java:1039)
	at org.springframework.web.servlet.DispatcherServlet.doService(DispatcherServlet.java:942)
	at org.springframework.web.servlet.FrameworkServlet.processRequest(FrameworkServlet.java:1005)
	at org.springframework.web.servlet.FrameworkServlet.doPost(FrameworkServlet.java:908)
	at javax.servlet.http.HttpServlet.service(HttpServlet.java:665)
	at org.springframework.web.servlet.FrameworkServlet.service(FrameworkServlet.java:882)
	at javax.servlet.http.HttpServlet.service(HttpServlet.java:750)
	at io.undertow.servlet.handlers.ServletHandler.handleRequest(ServletHandler.java:74)
	at io.undertow.servlet.handlers.FilterHandler$FilterChainImpl.doFilter(FilterHandler.java:129)
	at org.springframework.security.web.authentication.AbstractAuthenticationProcessingFilter.doFilter(AbstractAuthenticationProcessingFilter.java:200)
	at io.undertow.servlet.core.ManagedFilter.doFilter(ManagedFilter.java:61)
	at io.undertow.servlet.handlers.FilterHandler$FilterChainImpl.doFilter(FilterHandler.java:131)
	at org.springframework.security.web.FilterChainProxy$VirtualFilterChain.doFilter(FilterChainProxy.java:320)
	at org.springframework.security.web.access.intercept.FilterSecurityInterceptor.invoke(FilterSecurityInterceptor.java:127)
	at org.springframework.security.web.access.intercept.FilterSecurityInterceptor.doFilter(FilterSecurityInterceptor.java:91)
	at org.springframework.security.web.FilterChainProxy$VirtualFilterChain.doFilter(FilterChainProxy.java:334)
	at org.springframework.security.web.access.ExceptionTranslationFilter.doFilter(ExceptionTranslationFilter.java:119)
	at org.springframework.security.web.FilterChainProxy$VirtualFilterChain.doFilter(FilterChainProxy.java:334)
	at org.springframework.security.web.session.SessionManagementFilter.doFilter(SessionManagementFilter.java:137)
	at org.springframework.security.web.FilterChainProxy$VirtualFilterChain.doFilter(FilterChainProxy.java:334)
	at org.springframework.security.web.authentication.AnonymousAuthenticationFilter.doFilter(AnonymousAuthenticationFilter.java:111)
	at org.springframework.security.web.FilterChainProxy$VirtualFilterChain.doFilter(FilterChainProxy.java:334)
	at org.springframework.security.web.authentication.rememberme.RememberMeAuthenticationFilter.doFilter(RememberMeAuthenticationFilter.java:158)
	at org.springframework.security.web.FilterChainProxy$VirtualFilterChain.doFilter(FilterChainProxy.java:334)
	at org.springframework.security.web.servletapi.SecurityContextHolderAwareRequestFilter.doFilter(SecurityContextHolderAwareRequestFilter.java:170)
	at org.springframework.security.web.FilterChainProxy$VirtualFilterChain.doFilter(FilterChainProxy.java:334)
	at org.springframework.security.web.savedrequest.RequestCacheAwareFilter.doFilter(RequestCacheAwareFilter.java:63)
	at org.springframework.security.web.FilterChainProxy$VirtualFilterChain.doFilter(FilterChainProxy.java:334)
	at org.springframework.security.web.authentication.AbstractAuthenticationProcessingFilter.doFilter(AbstractAuthenticationProcessingFilter.java:200)
	at org.springframework.security.web.FilterChainProxy$VirtualFilterChain.doFilter(FilterChainProxy.java:334)
	at org.springframework.security.web.authentication.AbstractAuthenticationProcessingFilter.doFilter(AbstractAuthenticationProcessingFilter.java:200)
	at org.springframework.security.web.FilterChainProxy$VirtualFilterChain.doFilter(FilterChainProxy.java:334)
	at org.springframework.security.web.authentication.logout.LogoutFilter.doFilter(LogoutFilter.java:116)
	at org.springframework.security.web.FilterChainProxy$VirtualFilterChain.doFilter(FilterChainProxy.java:334)
	at org.springframework.web.filter.CorsFilter.doFilterInternal(CorsFilter.java:96)
	at org.springframework.web.filter.OncePerRequestFilter.doFilter(OncePerRequestFilter.java:109)
	at org.springframework.security.web.FilterChainProxy$VirtualFilterChain.doFilter(FilterChainProxy.java:334)
	at org.springframework.security.web.header.HeaderWriterFilter.doFilterInternal(HeaderWriterFilter.java:74)
	at org.springframework.web.filter.OncePerRequestFilter.doFilter(OncePerRequestFilter.java:109)
	at org.springframework.security.web.FilterChainProxy$VirtualFilterChain.doFilter(FilterChainProxy.java:334)
	at org.springframework.security.web.context.SecurityContextPersistenceFilter.doFilter(SecurityContextPersistenceFilter.java:105)
	at org.springframework.security.web.FilterChainProxy$VirtualFilterChain.doFilter(FilterChainProxy.java:334)
	at org.springframework.security.web.context.request.async.WebAsyncManagerIntegrationFilter.doFilterInternal(WebAsyncManagerIntegrationFilter.java:56)
	at org.springframework.web.filter.OncePerRequestFilter.doFilter(OncePerRequestFilter.java:109)
	at org.springframework.security.web.FilterChainProxy$VirtualFilterChain.doFilter(FilterChainProxy.java:334)
	at org.springframework.security.web.FilterChainProxy.doFilterInternal(FilterChainProxy.java:215)
	at org.springframework.security.web.FilterChainProxy.doFilter(FilterChainProxy.java:178)
	at org.springframework.web.filter.DelegatingFilterProxy.invokeDelegate(DelegatingFilterProxy.java:357)
	at org.springframework.web.filter.DelegatingFilterProxy.doFilter(DelegatingFilterProxy.java:270)
	at io.undertow.servlet.core.ManagedFilter.doFilter(ManagedFilter.java:61)
	at io.undertow.servlet.handlers.FilterHandler$FilterChainImpl.doFilter(FilterHandler.java:131)
	at org.springframework.session.web.http.SessionRepositoryFilter.doFilterInternal(SessionRepositoryFilter.java:151)
	at org.springframework.session.web.http.OncePerRequestFilter.doFilter(OncePerRequestFilter.java:85)
	at io.undertow.servlet.core.ManagedFilter.doFilter(ManagedFilter.java:61)
	at io.undertow.servlet.handlers.FilterHandler$FilterChainImpl.doFilter(FilterHandler.java:131)
	at org.springframework.web.filter.CharacterEncodingFilter.doFilterInternal(CharacterEncodingFilter.java:200)
	at org.springframework.web.filter.OncePerRequestFilter.doFilter(OncePerRequestFilter.java:109)
	at io.undertow.servlet.core.ManagedFilter.doFilter(ManagedFilter.java:61)
	at io.undertow.servlet.handlers.FilterHandler$FilterChainImpl.doFilter(FilterHandler.java:131)
	at io.undertow.servlet.handlers.FilterHandler.handleRequest(FilterHandler.java:84)
	at io.undertow.servlet.handlers.security.ServletSecurityRoleHandler.handleRequest(ServletSecurityRoleHandler.java:62)
	at io.undertow.servlet.handlers.ServletChain$1.handleRequest(ServletChain.java:68)
	at io.undertow.servlet.handlers.ServletDispatchingHandler.handleRequest(ServletDispatchingHandler.java:36)
	at io.undertow.servlet.handlers.security.SSLInformationAssociationHandler.handleRequest(SSLInformationAssociationHandler.java:132)
	at io.undertow.servlet.handlers.security.ServletAuthenticationCallHandler.handleRequest(ServletAuthenticationCallHandler.java:57)
	at io.undertow.server.handlers.PredicateHandler.handleRequest(PredicateHandler.java:43)
	at io.undertow.security.handlers.AbstractConfidentialityHandler.handleRequest(AbstractConfidentialityHandler.java:46)
	at io.undertow.servlet.handlers.security.ServletConfidentialityConstraintHandler.handleRequest(ServletConfidentialityConstraintHandler.java:64)
	at io.undertow.security.handlers.AuthenticationMechanismsHandler.handleRequest(AuthenticationMechanismsHandler.java:60)
	at io.undertow.servlet.handlers.security.CachedAuthenticatedSessionHandler.handleRequest(CachedAuthenticatedSessionHandler.java:77)
	at io.undertow.security.handlers.AbstractSecurityContextAssociationHandler.handleRequest(AbstractSecurityContextAssociationHandler.java:43)
	at io.undertow.server.handlers.PredicateHandler.handleRequest(PredicateHandler.java:43)
	at io.undertow.server.handlers.PredicateHandler.handleRequest(PredicateHandler.java:43)
	at io.undertow.servlet.handlers.SessionRestoringHandler.handleRequest(SessionRestoringHandler.java:119)
	at io.undertow.servlet.handlers.ServletInitialHandler.handleFirstRequest(ServletInitialHandler.java:292)
	at io.undertow.servlet.handlers.ServletInitialHandler.access$100(ServletInitialHandler.java:81)
	at io.undertow.servlet.handlers.ServletInitialHandler$2.call(ServletInitialHandler.java:138)
	at io.undertow.servlet.handlers.ServletInitialHandler$2.call(ServletInitialHandler.java:135)
	at io.undertow.servlet.core.ServletRequestContextThreadSetupAction$1.call(ServletRequestContextThreadSetupAction.java:48)
	at io.undertow.servlet.core.ContextClassLoaderSetupAction$1.call(ContextClassLoaderSetupAction.java:43)
	at io.undertow.servlet.handlers.ServletInitialHandler.dispatchRequest(ServletInitialHandler.java:272)
	at io.undertow.servlet.handlers.ServletInitialHandler.access$000(ServletInitialHandler.java:81)
	at io.undertow.servlet.handlers.ServletInitialHandler$1.handleRequest(ServletInitialHandler.java:104)
	at io.undertow.server.Connectors.executeRootHandler(Connectors.java:364)
	at io.undertow.server.HttpServerExchange$1.run(HttpServerExchange.java:830)
	at java.util.concurrent.ThreadPoolExecutor.runWorker(ThreadPoolExecutor.java:1149)
	at java.util.concurrent.ThreadPoolExecutor$Worker.run(ThreadPoolExecutor.java:624)
	at java.lang.Thread.run(Thread.java:748)

2020-07-03 17:27:46.289  INFO 8072 --- [Thread-20] com.zaxxer.hikari.HikariDataSource       : HikariPool-1 - Shutdown initiated...
2020-07-03 17:27:46.298  INFO 8072 --- [Thread-20] com.zaxxer.hikari.HikariDataSource       : HikariPool-1 - Shutdown completed.
2020-07-03 17:27:50.055  INFO 10052 --- [restartedMain] com.alvis.exam.ExamApplication           : Starting ExamApplication on wufeng with PID 10052 (F:\exam\exam\target\classes started by wufeng in F:\exam\exam)
2020-07-03 17:27:50.057  INFO 10052 --- [restartedMain] com.alvis.exam.ExamApplication           : The following profiles are active: dev
2020-07-03 17:27:50.172  INFO 10052 --- [restartedMain] .e.DevToolsPropertyDefaultsPostProcessor : Devtools property defaults active! Set 'spring.devtools.add-properties' to 'false' to disable
2020-07-03 17:27:50.172  INFO 10052 --- [restartedMain] .e.DevToolsPropertyDefaultsPostProcessor : For additional web related logging consider setting the 'logging.level.web' property to 'DEBUG'
2020-07-03 17:27:51.152  INFO 10052 --- [restartedMain] .s.d.r.c.RepositoryConfigurationDelegate : Multiple Spring Data modules found, entering strict repository configuration mode!
2020-07-03 17:27:51.154  INFO 10052 --- [restartedMain] .s.d.r.c.RepositoryConfigurationDelegate : Bootstrapping Spring Data repositories in DEFAULT mode.
2020-07-03 17:27:51.214  INFO 10052 --- [restartedMain] .s.d.r.c.RepositoryConfigurationDelegate : Finished Spring Data repository scanning in 51ms. Found 0 repository interfaces.
2020-07-03 17:27:51.591  INFO 10052 --- [restartedMain] trationDelegate$BeanPostProcessorChecker : Bean 'cacheConfig' of type [com.alvis.exam.configuration.spring.cache.CacheConfig$$EnhancerBySpringCGLIB$$96b2ba74] is not eligible for getting processed by all BeanPostProcessors (for example: not eligible for auto-proxying)
2020-07-03 17:27:51.599  INFO 10052 --- [restartedMain] trationDelegate$BeanPostProcessorChecker : Bean 'org.springframework.transaction.annotation.ProxyTransactionManagementConfiguration' of type [org.springframework.transaction.annotation.ProxyTransactionManagementConfiguration$$EnhancerBySpringCGLIB$$2e8f05b7] is not eligible for getting processed by all BeanPostProcessors (for example: not eligible for auto-proxying)
2020-07-03 17:27:51.842  WARN 10052 --- [restartedMain] io.undertow.websockets.jsr               : UT026010: Buffer pool was not set on WebSocketDeploymentInfo, the default pool will be used
2020-07-03 17:27:51.863  INFO 10052 --- [restartedMain] io.undertow.servlet                      : Initializing Spring embedded WebApplicationContext
2020-07-03 17:27:51.863  INFO 10052 --- [restartedMain] o.s.web.context.ContextLoader            : Root WebApplicationContext: initialization completed in 1691 ms
2020-07-03 17:27:53.634  INFO 10052 --- [restartedMain] pertySourcedRequestMappingHandlerMapping : Mapped URL path [/v2/api-docs] onto method [public org.springframework.http.ResponseEntity<springfox.documentation.spring.web.json.Json> springfox.documentation.swagger2.web.Swagger2Controller.getDocumentation(java.lang.String,javax.servlet.http.HttpServletRequest)]
2020-07-03 17:27:53.718  INFO 10052 --- [restartedMain] o.s.b.d.a.OptionalLiveReloadServer       : LiveReload server is running on port 35729
2020-07-03 17:27:53.851  INFO 10052 --- [restartedMain] o.s.s.web.DefaultSecurityFilterChain     : Creating filter chain: any request, [org.springframework.security.web.context.request.async.WebAsyncManagerIntegrationFilter@1d486a83, org.springframework.security.web.context.SecurityContextPersistenceFilter@af9a557, org.springframework.security.web.header.HeaderWriterFilter@25bd8fc1, org.springframework.web.filter.CorsFilter@6a5857a4, org.springframework.security.web.authentication.logout.LogoutFilter@376ee60c, com.alvis.exam.configuration.spring.security.RestLoginAuthenticationFilter@4415d157, org.springframework.security.web.authentication.UsernamePasswordAuthenticationFilter@1f95d35b, org.springframework.security.web.savedrequest.RequestCacheAwareFilter@3089cfec, org.springframework.security.web.servletapi.SecurityContextHolderAwareRequestFilter@7e0f3f3e, org.springframework.security.web.authentication.rememberme.RememberMeAuthenticationFilter@2613450d, org.springframework.security.web.authentication.AnonymousAuthenticationFilter@743612a, org.springframework.security.web.session.SessionManagementFilter@1a2d360, org.springframework.security.web.access.ExceptionTranslationFilter@38a3c4d9, org.springframework.security.web.access.intercept.FilterSecurityInterceptor@657cd5d2]
2020-07-03 17:27:54.207  INFO 10052 --- [restartedMain] io.lettuce.core.EpollProvider            : Starting without optional epoll library
2020-07-03 17:27:54.208  INFO 10052 --- [restartedMain] io.lettuce.core.KqueueProvider           : Starting without optional kqueue library
2020-07-03 17:27:55.103  INFO 10052 --- [restartedMain] d.s.w.p.DocumentationPluginsBootstrapper : Context refreshed
2020-07-03 17:27:55.114  INFO 10052 --- [restartedMain] d.s.w.p.DocumentationPluginsBootstrapper : Found 1 custom documentation plugin(s)
2020-07-03 17:27:55.146  INFO 10052 --- [restartedMain] s.d.s.w.s.ApiListingReferenceScanner     : Scanning for api listing references
2020-07-03 17:27:55.718  INFO 10052 --- [restartedMain] s.a.ScheduledAnnotationBeanPostProcessor : No TaskScheduler/ScheduledExecutorService bean found for scheduled processing
2020-07-03 17:27:55.759  INFO 10052 --- [restartedMain] org.xnio                                 : XNIO version 3.3.8.Final
2020-07-03 17:27:55.898  INFO 10052 --- [restartedMain] org.xnio.nio                             : XNIO NIO Implementation Version 3.3.8.Final
2020-07-03 17:27:55.938  INFO 10052 --- [restartedMain] o.s.b.w.e.u.UndertowServletWebServer     : Undertow started on port(s) 8000 (http) with context path ''
2020-07-03 17:27:55.940  INFO 10052 --- [restartedMain] com.alvis.exam.ExamApplication           : Started ExamApplication in 6.48 seconds (JVM running for 7.641)
2020-07-03 17:30:48.459  INFO 7040 --- [restartedMain] com.alvis.exam.ExamApplication           : Starting ExamApplication on wufeng with PID 7040 (F:\exam\exam\target\classes started by wufeng in F:\exam\exam)
2020-07-03 17:30:48.489  INFO 7040 --- [restartedMain] com.alvis.exam.ExamApplication           : The following profiles are active: dev
2020-07-03 17:30:48.536  INFO 7040 --- [restartedMain] .e.DevToolsPropertyDefaultsPostProcessor : Devtools property defaults active! Set 'spring.devtools.add-properties' to 'false' to disable
2020-07-03 17:30:48.536  INFO 7040 --- [restartedMain] .e.DevToolsPropertyDefaultsPostProcessor : For additional web related logging consider setting the 'logging.level.web' property to 'DEBUG'
2020-07-03 17:30:49.794  INFO 7040 --- [restartedMain] .s.d.r.c.RepositoryConfigurationDelegate : Multiple Spring Data modules found, entering strict repository configuration mode!
2020-07-03 17:30:49.796  INFO 7040 --- [restartedMain] .s.d.r.c.RepositoryConfigurationDelegate : Bootstrapping Spring Data repositories in DEFAULT mode.
2020-07-03 17:30:49.895  INFO 7040 --- [restartedMain] .s.d.r.c.RepositoryConfigurationDelegate : Finished Spring Data repository scanning in 86ms. Found 0 repository interfaces.
2020-07-03 17:30:50.305  INFO 7040 --- [restartedMain] trationDelegate$BeanPostProcessorChecker : Bean 'cacheConfig' of type [com.alvis.exam.configuration.spring.cache.CacheConfig$$EnhancerBySpringCGLIB$$c2d1f2c8] is not eligible for getting processed by all BeanPostProcessors (for example: not eligible for auto-proxying)
2020-07-03 17:30:50.327  INFO 7040 --- [restartedMain] trationDelegate$BeanPostProcessorChecker : Bean 'org.springframework.transaction.annotation.ProxyTransactionManagementConfiguration' of type [org.springframework.transaction.annotation.ProxyTransactionManagementConfiguration$$EnhancerBySpringCGLIB$$5aae3e0b] is not eligible for getting processed by all BeanPostProcessors (for example: not eligible for auto-proxying)
2020-07-03 17:30:50.713  WARN 7040 --- [restartedMain] io.undertow.websockets.jsr               : UT026010: Buffer pool was not set on WebSocketDeploymentInfo, the default pool will be used
2020-07-03 17:30:50.773  INFO 7040 --- [restartedMain] io.undertow.servlet                      : Initializing Spring embedded WebApplicationContext
2020-07-03 17:30:50.773  INFO 7040 --- [restartedMain] o.s.web.context.ContextLoader            : Root WebApplicationContext: initialization completed in 2237 ms
2020-07-03 17:30:52.555  INFO 7040 --- [restartedMain] pertySourcedRequestMappingHandlerMapping : Mapped URL path [/v2/api-docs] onto method [public org.springframework.http.ResponseEntity<springfox.documentation.spring.web.json.Json> springfox.documentation.swagger2.web.Swagger2Controller.getDocumentation(java.lang.String,javax.servlet.http.HttpServletRequest)]
2020-07-03 17:30:52.659  INFO 7040 --- [restartedMain] o.s.b.d.a.OptionalLiveReloadServer       : LiveReload server is running on port 35729
2020-07-03 17:30:52.839  INFO 7040 --- [restartedMain] o.s.s.web.DefaultSecurityFilterChain     : Creating filter chain: any request, [org.springframework.security.web.context.request.async.WebAsyncManagerIntegrationFilter@4dbd7cfb, org.springframework.security.web.context.SecurityContextPersistenceFilter@574e18ab, org.springframework.security.web.header.HeaderWriterFilter@4003dc2d, org.springframework.web.filter.CorsFilter@375dd105, org.springframework.security.web.authentication.logout.LogoutFilter@31d7aeda, com.alvis.exam.configuration.spring.security.RestLoginAuthenticationFilter@3880b535, org.springframework.security.web.authentication.UsernamePasswordAuthenticationFilter@13e74124, org.springframework.security.web.savedrequest.RequestCacheAwareFilter@60175781, org.springframework.security.web.servletapi.SecurityContextHolderAwareRequestFilter@24260fc4, org.springframework.security.web.authentication.rememberme.RememberMeAuthenticationFilter@1fd30096, org.springframework.security.web.authentication.AnonymousAuthenticationFilter@23867885, org.springframework.security.web.session.SessionManagementFilter@20789392, org.springframework.security.web.access.ExceptionTranslationFilter@33016112, org.springframework.security.web.access.intercept.FilterSecurityInterceptor@54427957]
2020-07-03 17:30:53.325  INFO 7040 --- [restartedMain] io.lettuce.core.EpollProvider            : Starting without optional epoll library
2020-07-03 17:30:53.327  INFO 7040 --- [restartedMain] io.lettuce.core.KqueueProvider           : Starting without optional kqueue library
2020-07-03 17:30:54.444  INFO 7040 --- [restartedMain] d.s.w.p.DocumentationPluginsBootstrapper : Context refreshed
2020-07-03 17:30:54.460  INFO 7040 --- [restartedMain] d.s.w.p.DocumentationPluginsBootstrapper : Found 1 custom documentation plugin(s)
2020-07-03 17:30:54.498  INFO 7040 --- [restartedMain] s.d.s.w.s.ApiListingReferenceScanner     : Scanning for api listing references
2020-07-03 17:30:55.071  INFO 7040 --- [restartedMain] s.a.ScheduledAnnotationBeanPostProcessor : No TaskScheduler/ScheduledExecutorService bean found for scheduled processing
2020-07-03 17:30:55.095  INFO 7040 --- [restartedMain] org.xnio                                 : XNIO version 3.3.8.Final
2020-07-03 17:30:55.106  INFO 7040 --- [restartedMain] org.xnio.nio                             : XNIO NIO Implementation Version 3.3.8.Final
2020-07-03 17:30:55.302  INFO 7040 --- [restartedMain] o.s.b.w.e.u.UndertowServletWebServer     : Undertow started on port(s) 8000 (http) with context path ''
2020-07-03 17:30:55.305  INFO 7040 --- [restartedMain] com.alvis.exam.ExamApplication           : Started ExamApplication in 7.421 seconds (JVM running for 8.67)
2020-07-03 17:31:26.269  INFO 7040 --- [XNIO-1 task-1] io.undertow.servlet                      : Initializing Spring DispatcherServlet 'dispatcherServlet'
2020-07-03 17:31:26.269  INFO 7040 --- [XNIO-1 task-1] o.s.web.servlet.DispatcherServlet        : Initializing Servlet 'dispatcherServlet'
2020-07-03 17:31:26.279  INFO 7040 --- [XNIO-1 task-1] o.s.web.servlet.DispatcherServlet        : Completed initialization in 10 ms
2020-07-03 17:31:26.352  INFO 7040 --- [XNIO-1 task-1] com.zaxxer.hikari.HikariDataSource       : HikariPool-1 - Starting...
2020-07-03 17:31:26.452  INFO 7040 --- [XNIO-1 task-1] com.zaxxer.hikari.HikariDataSource       : HikariPool-1 - Start completed.
2020-07-03 17:35:01.349  WARN 7040 --- [HikariPool-1 housekeeper] com.zaxxer.hikari.pool.HikariPool        : HikariPool-1 - Thread starvation or clock leap detected (housekeeper delta=2m4s792ms491µs100ns).
2020-07-03 17:35:01.395  INFO 7040 --- [Thread-19] com.zaxxer.hikari.HikariDataSource       : HikariPool-1 - Shutdown initiated...
2020-07-03 17:35:01.401  INFO 7040 --- [Thread-19] com.zaxxer.hikari.HikariDataSource       : HikariPool-1 - Shutdown completed.
2020-07-03 17:35:06.015  INFO 5392 --- [restartedMain] com.alvis.exam.ExamApplication           : Starting ExamApplication on wufeng with PID 5392 (F:\exam\exam\target\classes started by wufeng in F:\exam\exam)
2020-07-03 17:35:06.054  INFO 5392 --- [restartedMain] com.alvis.exam.ExamApplication           : The following profiles are active: dev
2020-07-03 17:35:06.111  INFO 5392 --- [restartedMain] .e.DevToolsPropertyDefaultsPostProcessor : Devtools property defaults active! Set 'spring.devtools.add-properties' to 'false' to disable
2020-07-03 17:35:06.111  INFO 5392 --- [restartedMain] .e.DevToolsPropertyDefaultsPostProcessor : For additional web related logging consider setting the 'logging.level.web' property to 'DEBUG'
2020-07-03 17:35:07.040  INFO 5392 --- [restartedMain] .s.d.r.c.RepositoryConfigurationDelegate : Multiple Spring Data modules found, entering strict repository configuration mode!
2020-07-03 17:35:07.042  INFO 5392 --- [restartedMain] .s.d.r.c.RepositoryConfigurationDelegate : Bootstrapping Spring Data repositories in DEFAULT mode.
2020-07-03 17:35:07.100  INFO 5392 --- [restartedMain] .s.d.r.c.RepositoryConfigurationDelegate : Finished Spring Data repository scanning in 50ms. Found 0 repository interfaces.
2020-07-03 17:35:07.423  INFO 5392 --- [restartedMain] trationDelegate$BeanPostProcessorChecker : Bean 'cacheConfig' of type [com.alvis.exam.configuration.spring.cache.CacheConfig$$EnhancerBySpringCGLIB$$4fc71114] is not eligible for getting processed by all BeanPostProcessors (for example: not eligible for auto-proxying)
2020-07-03 17:35:07.431  INFO 5392 --- [restartedMain] trationDelegate$BeanPostProcessorChecker : Bean 'org.springframework.transaction.annotation.ProxyTransactionManagementConfiguration' of type [org.springframework.transaction.annotation.ProxyTransactionManagementConfiguration$$EnhancerBySpringCGLIB$$e7a35c57] is not eligible for getting processed by all BeanPostProcessors (for example: not eligible for auto-proxying)
2020-07-03 17:35:07.660  WARN 5392 --- [restartedMain] io.undertow.websockets.jsr               : UT026010: Buffer pool was not set on WebSocketDeploymentInfo, the default pool will be used
2020-07-03 17:35:07.678  INFO 5392 --- [restartedMain] io.undertow.servlet                      : Initializing Spring embedded WebApplicationContext
2020-07-03 17:35:07.678  INFO 5392 --- [restartedMain] o.s.web.context.ContextLoader            : Root WebApplicationContext: initialization completed in 1567 ms
2020-07-03 17:35:09.246  INFO 5392 --- [restartedMain] pertySourcedRequestMappingHandlerMapping : Mapped URL path [/v2/api-docs] onto method [public org.springframework.http.ResponseEntity<springfox.documentation.spring.web.json.Json> springfox.documentation.swagger2.web.Swagger2Controller.getDocumentation(java.lang.String,javax.servlet.http.HttpServletRequest)]
2020-07-03 17:35:09.344  INFO 5392 --- [restartedMain] o.s.b.d.a.OptionalLiveReloadServer       : LiveReload server is running on port 35729
2020-07-03 17:35:09.566  INFO 5392 --- [restartedMain] o.s.s.web.DefaultSecurityFilterChain     : Creating filter chain: any request, [org.springframework.security.web.context.request.async.WebAsyncManagerIntegrationFilter@5c4e439c, org.springframework.security.web.context.SecurityContextPersistenceFilter@762b28d9, org.springframework.security.web.header.HeaderWriterFilter@1037c8ea, org.springframework.web.filter.CorsFilter@466e736d, org.springframework.security.web.authentication.logout.LogoutFilter@f1ca938, com.alvis.exam.configuration.spring.security.RestLoginAuthenticationFilter@499b44b3, org.springframework.security.web.authentication.UsernamePasswordAuthenticationFilter@676b8e33, org.springframework.security.web.savedrequest.RequestCacheAwareFilter@699719b3, org.springframework.security.web.servletapi.SecurityContextHolderAwareRequestFilter@6888d49, org.springframework.security.web.authentication.rememberme.RememberMeAuthenticationFilter@433eb997, org.springframework.security.web.authentication.AnonymousAuthenticationFilter@7636a7f4, org.springframework.security.web.session.SessionManagementFilter@7d471793, org.springframework.security.web.access.ExceptionTranslationFilter@4a54a2bc, org.springframework.security.web.access.intercept.FilterSecurityInterceptor@72a73fd4]
2020-07-03 17:35:10.010  INFO 5392 --- [restartedMain] io.lettuce.core.EpollProvider            : Starting without optional epoll library
2020-07-03 17:35:10.011  INFO 5392 --- [restartedMain] io.lettuce.core.KqueueProvider           : Starting without optional kqueue library
2020-07-03 17:35:11.030  INFO 5392 --- [restartedMain] d.s.w.p.DocumentationPluginsBootstrapper : Context refreshed
2020-07-03 17:35:11.041  INFO 5392 --- [restartedMain] d.s.w.p.DocumentationPluginsBootstrapper : Found 1 custom documentation plugin(s)
2020-07-03 17:35:11.069  INFO 5392 --- [restartedMain] s.d.s.w.s.ApiListingReferenceScanner     : Scanning for api listing references
2020-07-03 17:35:11.626  INFO 5392 --- [restartedMain] s.a.ScheduledAnnotationBeanPostProcessor : No TaskScheduler/ScheduledExecutorService bean found for scheduled processing
2020-07-03 17:35:11.648  INFO 5392 --- [restartedMain] org.xnio                                 : XNIO version 3.3.8.Final
2020-07-03 17:35:11.654  INFO 5392 --- [restartedMain] org.xnio.nio                             : XNIO NIO Implementation Version 3.3.8.Final
2020-07-03 17:35:11.845  INFO 5392 --- [restartedMain] o.s.b.w.e.u.UndertowServletWebServer     : Undertow started on port(s) 8000 (http) with context path ''
2020-07-03 17:35:11.848  INFO 5392 --- [restartedMain] com.alvis.exam.ExamApplication           : Started ExamApplication in 6.397 seconds (JVM running for 7.492)
2020-07-03 17:35:30.329  INFO 5392 --- [XNIO-1 task-1] io.undertow.servlet                      : Initializing Spring DispatcherServlet 'dispatcherServlet'
2020-07-03 17:35:30.329  INFO 5392 --- [XNIO-1 task-1] o.s.web.servlet.DispatcherServlet        : Initializing Servlet 'dispatcherServlet'
2020-07-03 17:35:30.337  INFO 5392 --- [XNIO-1 task-1] o.s.web.servlet.DispatcherServlet        : Completed initialization in 8 ms
2020-07-03 17:35:30.485  INFO 5392 --- [XNIO-1 task-1] com.zaxxer.hikari.HikariDataSource       : HikariPool-1 - Starting...
2020-07-03 17:35:30.580  INFO 5392 --- [XNIO-1 task-1] com.zaxxer.hikari.HikariDataSource       : HikariPool-1 - Start completed.
2020-07-03 17:36:41.318  INFO 5392 --- [Thread-18] com.zaxxer.hikari.HikariDataSource       : HikariPool-1 - Shutdown initiated...
2020-07-03 17:36:41.326  INFO 5392 --- [Thread-18] com.zaxxer.hikari.HikariDataSource       : HikariPool-1 - Shutdown completed.
2020-07-03 17:36:45.842  INFO 10348 --- [restartedMain] com.alvis.exam.ExamApplication           : Starting ExamApplication on wufeng with PID 10348 (F:\exam\exam\target\classes started by wufeng in F:\exam\exam)
2020-07-03 17:36:45.844  INFO 10348 --- [restartedMain] com.alvis.exam.ExamApplication           : The following profiles are active: dev
2020-07-03 17:36:45.882  INFO 10348 --- [restartedMain] .e.DevToolsPropertyDefaultsPostProcessor : Devtools property defaults active! Set 'spring.devtools.add-properties' to 'false' to disable
2020-07-03 17:36:45.882  INFO 10348 --- [restartedMain] .e.DevToolsPropertyDefaultsPostProcessor : For additional web related logging consider setting the 'logging.level.web' property to 'DEBUG'
2020-07-03 17:36:46.793  INFO 10348 --- [restartedMain] .s.d.r.c.RepositoryConfigurationDelegate : Multiple Spring Data modules found, entering strict repository configuration mode!
2020-07-03 17:36:46.795  INFO 10348 --- [restartedMain] .s.d.r.c.RepositoryConfigurationDelegate : Bootstrapping Spring Data repositories in DEFAULT mode.
2020-07-03 17:36:46.856  INFO 10348 --- [restartedMain] .s.d.r.c.RepositoryConfigurationDelegate : Finished Spring Data repository scanning in 52ms. Found 0 repository interfaces.
2020-07-03 17:36:47.183  INFO 10348 --- [restartedMain] trationDelegate$BeanPostProcessorChecker : Bean 'cacheConfig' of type [com.alvis.exam.configuration.spring.cache.CacheConfig$$EnhancerBySpringCGLIB$$9e44cbc4] is not eligible for getting processed by all BeanPostProcessors (for example: not eligible for auto-proxying)
2020-07-03 17:36:47.190  INFO 10348 --- [restartedMain] trationDelegate$BeanPostProcessorChecker : Bean 'org.springframework.transaction.annotation.ProxyTransactionManagementConfiguration' of type [org.springframework.transaction.annotation.ProxyTransactionManagementConfiguration$$EnhancerBySpringCGLIB$$36211707] is not eligible for getting processed by all BeanPostProcessors (for example: not eligible for auto-proxying)
2020-07-03 17:36:47.426  WARN 10348 --- [restartedMain] io.undertow.websockets.jsr               : UT026010: Buffer pool was not set on WebSocketDeploymentInfo, the default pool will be used
2020-07-03 17:36:47.444  INFO 10348 --- [restartedMain] io.undertow.servlet                      : Initializing Spring embedded WebApplicationContext
2020-07-03 17:36:47.445  INFO 10348 --- [restartedMain] o.s.web.context.ContextLoader            : Root WebApplicationContext: initialization completed in 1563 ms
2020-07-03 17:36:48.888  INFO 10348 --- [restartedMain] pertySourcedRequestMappingHandlerMapping : Mapped URL path [/v2/api-docs] onto method [public org.springframework.http.ResponseEntity<springfox.documentation.spring.web.json.Json> springfox.documentation.swagger2.web.Swagger2Controller.getDocumentation(java.lang.String,javax.servlet.http.HttpServletRequest)]
2020-07-03 17:36:48.969  INFO 10348 --- [restartedMain] o.s.b.d.a.OptionalLiveReloadServer       : LiveReload server is running on port 35729
2020-07-03 17:36:49.110  INFO 10348 --- [restartedMain] o.s.s.web.DefaultSecurityFilterChain     : Creating filter chain: any request, [org.springframework.security.web.context.request.async.WebAsyncManagerIntegrationFilter@328b07d7, org.springframework.security.web.context.SecurityContextPersistenceFilter@45f1e74d, org.springframework.security.web.header.HeaderWriterFilter@6992a41e, org.springframework.web.filter.CorsFilter@5398b7e5, org.springframework.security.web.authentication.logout.LogoutFilter@31fdcd1b, com.alvis.exam.configuration.spring.security.RestLoginAuthenticationFilter@aa62d95, org.springframework.security.web.authentication.UsernamePasswordAuthenticationFilter@23e63cb0, org.springframework.security.web.savedrequest.RequestCacheAwareFilter@70e7156b, org.springframework.security.web.servletapi.SecurityContextHolderAwareRequestFilter@4f891b32, org.springframework.security.web.authentication.rememberme.RememberMeAuthenticationFilter@6fa3e033, org.springframework.security.web.authentication.AnonymousAuthenticationFilter@35e40e23, org.springframework.security.web.session.SessionManagementFilter@244a3772, org.springframework.security.web.access.ExceptionTranslationFilter@275a17e7, org.springframework.security.web.access.intercept.FilterSecurityInterceptor@185125fb]
2020-07-03 17:36:49.453  INFO 10348 --- [restartedMain] io.lettuce.core.EpollProvider            : Starting without optional epoll library
2020-07-03 17:36:49.454  INFO 10348 --- [restartedMain] io.lettuce.core.KqueueProvider           : Starting without optional kqueue library
2020-07-03 17:36:50.341  INFO 10348 --- [restartedMain] d.s.w.p.DocumentationPluginsBootstrapper : Context refreshed
2020-07-03 17:36:50.353  INFO 10348 --- [restartedMain] d.s.w.p.DocumentationPluginsBootstrapper : Found 1 custom documentation plugin(s)
2020-07-03 17:36:50.384  INFO 10348 --- [restartedMain] s.d.s.w.s.ApiListingReferenceScanner     : Scanning for api listing references
2020-07-03 17:36:50.942  INFO 10348 --- [restartedMain] s.a.ScheduledAnnotationBeanPostProcessor : No TaskScheduler/ScheduledExecutorService bean found for scheduled processing
2020-07-03 17:36:50.965  INFO 10348 --- [restartedMain] org.xnio                                 : XNIO version 3.3.8.Final
2020-07-03 17:36:50.972  INFO 10348 --- [restartedMain] org.xnio.nio                             : XNIO NIO Implementation Version 3.3.8.Final
2020-07-03 17:36:51.185  INFO 10348 --- [restartedMain] o.s.b.w.e.u.UndertowServletWebServer     : Undertow started on port(s) 8000 (http) with context path ''
2020-07-03 17:36:51.188  INFO 10348 --- [restartedMain] com.alvis.exam.ExamApplication           : Started ExamApplication in 5.913 seconds (JVM running for 7.323)
2020-07-03 17:37:01.176  INFO 2740 --- [restartedMain] com.alvis.exam.ExamApplication           : Starting ExamApplication on wufeng with PID 2740 (F:\exam\exam\target\classes started by wufeng in F:\exam\exam)
2020-07-03 17:37:01.179  INFO 2740 --- [restartedMain] com.alvis.exam.ExamApplication           : The following profiles are active: dev
2020-07-03 17:37:01.268  INFO 2740 --- [restartedMain] .e.DevToolsPropertyDefaultsPostProcessor : Devtools property defaults active! Set 'spring.devtools.add-properties' to 'false' to disable
2020-07-03 17:37:01.269  INFO 2740 --- [restartedMain] .e.DevToolsPropertyDefaultsPostProcessor : For additional web related logging consider setting the 'logging.level.web' property to 'DEBUG'
2020-07-03 17:37:02.137  INFO 2740 --- [restartedMain] .s.d.r.c.RepositoryConfigurationDelegate : Multiple Spring Data modules found, entering strict repository configuration mode!
2020-07-03 17:37:02.138  INFO 2740 --- [restartedMain] .s.d.r.c.RepositoryConfigurationDelegate : Bootstrapping Spring Data repositories in DEFAULT mode.
2020-07-03 17:37:02.196  INFO 2740 --- [restartedMain] .s.d.r.c.RepositoryConfigurationDelegate : Finished Spring Data repository scanning in 49ms. Found 0 repository interfaces.
2020-07-03 17:37:02.518  INFO 2740 --- [restartedMain] trationDelegate$BeanPostProcessorChecker : Bean 'cacheConfig' of type [com.alvis.exam.configuration.spring.cache.CacheConfig$$EnhancerBySpringCGLIB$$3fb0ee72] is not eligible for getting processed by all BeanPostProcessors (for example: not eligible for auto-proxying)
2020-07-03 17:37:02.526  INFO 2740 --- [restartedMain] trationDelegate$BeanPostProcessorChecker : Bean 'org.springframework.transaction.annotation.ProxyTransactionManagementConfiguration' of type [org.springframework.transaction.annotation.ProxyTransactionManagementConfiguration$$EnhancerBySpringCGLIB$$d78d39b5] is not eligible for getting processed by all BeanPostProcessors (for example: not eligible for auto-proxying)
2020-07-03 17:37:02.765  WARN 2740 --- [restartedMain] io.undertow.websockets.jsr               : UT026010: Buffer pool was not set on WebSocketDeploymentInfo, the default pool will be used
2020-07-03 17:37:02.784  INFO 2740 --- [restartedMain] io.undertow.servlet                      : Initializing Spring embedded WebApplicationContext
2020-07-03 17:37:02.785  INFO 2740 --- [restartedMain] o.s.web.context.ContextLoader            : Root WebApplicationContext: initialization completed in 1516 ms
2020-07-03 17:37:04.379  INFO 2740 --- [restartedMain] pertySourcedRequestMappingHandlerMapping : Mapped URL path [/v2/api-docs] onto method [public org.springframework.http.ResponseEntity<springfox.documentation.spring.web.json.Json> springfox.documentation.swagger2.web.Swagger2Controller.getDocumentation(java.lang.String,javax.servlet.http.HttpServletRequest)]
2020-07-03 17:37:04.476  INFO 2740 --- [restartedMain] o.s.b.d.a.OptionalLiveReloadServer       : LiveReload server is running on port 35729
2020-07-03 17:37:04.642  INFO 2740 --- [restartedMain] o.s.s.web.DefaultSecurityFilterChain     : Creating filter chain: any request, [org.springframework.security.web.context.request.async.WebAsyncManagerIntegrationFilter@50aeb1f5, org.springframework.security.web.context.SecurityContextPersistenceFilter@34b58924, org.springframework.security.web.header.HeaderWriterFilter@3904c095, org.springframework.web.filter.CorsFilter@1d923faa, org.springframework.security.web.authentication.logout.LogoutFilter@6140243b, com.alvis.exam.configuration.spring.security.RestLoginAuthenticationFilter@3a0afb1a, org.springframework.security.web.authentication.UsernamePasswordAuthenticationFilter@7c11c7a0, org.springframework.security.web.savedrequest.RequestCacheAwareFilter@1be2f809, org.springframework.security.web.servletapi.SecurityContextHolderAwareRequestFilter@5ba29bcd, org.springframework.security.web.authentication.rememberme.RememberMeAuthenticationFilter@21c3b2ad, org.springframework.security.web.authentication.AnonymousAuthenticationFilter@56eb313d, org.springframework.security.web.session.SessionManagementFilter@2692341a, org.springframework.security.web.access.ExceptionTranslationFilter@47507f35, org.springframework.security.web.access.intercept.FilterSecurityInterceptor@238894e8]
2020-07-03 17:37:05.065  INFO 2740 --- [restartedMain] io.lettuce.core.EpollProvider            : Starting without optional epoll library
2020-07-03 17:37:05.066  INFO 2740 --- [restartedMain] io.lettuce.core.KqueueProvider           : Starting without optional kqueue library
2020-07-03 17:37:06.039  INFO 2740 --- [restartedMain] d.s.w.p.DocumentationPluginsBootstrapper : Context refreshed
2020-07-03 17:37:06.051  INFO 2740 --- [restartedMain] d.s.w.p.DocumentationPluginsBootstrapper : Found 1 custom documentation plugin(s)
2020-07-03 17:37:06.083  INFO 2740 --- [restartedMain] s.d.s.w.s.ApiListingReferenceScanner     : Scanning for api listing references
2020-07-03 17:37:06.657  INFO 2740 --- [restartedMain] s.a.ScheduledAnnotationBeanPostProcessor : No TaskScheduler/ScheduledExecutorService bean found for scheduled processing
2020-07-03 17:37:06.678  INFO 2740 --- [restartedMain] org.xnio                                 : XNIO version 3.3.8.Final
2020-07-03 17:37:06.686  INFO 2740 --- [restartedMain] org.xnio.nio                             : XNIO NIO Implementation Version 3.3.8.Final
2020-07-03 17:37:06.855  INFO 2740 --- [restartedMain] o.s.b.w.e.u.UndertowServletWebServer     : Undertow started on port(s) 8000 (http) with context path ''
2020-07-03 17:37:06.859  INFO 2740 --- [restartedMain] com.alvis.exam.ExamApplication           : Started ExamApplication in 6.262 seconds (JVM running for 7.273)
2020-07-03 17:37:15.178  INFO 2740 --- [XNIO-1 task-1] io.undertow.servlet                      : Initializing Spring DispatcherServlet 'dispatcherServlet'
2020-07-03 17:37:15.178  INFO 2740 --- [XNIO-1 task-1] o.s.web.servlet.DispatcherServlet        : Initializing Servlet 'dispatcherServlet'
2020-07-03 17:37:15.185  INFO 2740 --- [XNIO-1 task-1] o.s.web.servlet.DispatcherServlet        : Completed initialization in 7 ms
2020-07-03 17:37:15.366  INFO 2740 --- [XNIO-1 task-1] com.zaxxer.hikari.HikariDataSource       : HikariPool-1 - Starting...
2020-07-03 17:37:15.478  INFO 2740 --- [XNIO-1 task-1] com.zaxxer.hikari.HikariDataSource       : HikariPool-1 - Start completed.
2020-07-03 17:43:37.782  INFO 2740 --- [Thread-19] com.zaxxer.hikari.HikariDataSource       : HikariPool-1 - Shutdown initiated...
2020-07-03 17:43:37.789  INFO 2740 --- [Thread-19] com.zaxxer.hikari.HikariDataSource       : HikariPool-1 - Shutdown completed.
2020-07-03 17:43:38.920  INFO 2740 --- [Thread-19] io.undertow.servlet                      : Destroying Spring FrameworkServlet 'dispatcherServlet'
