2020-06-26 20:52:03.224  INFO 15876 --- [restartedMain] com.alvis.exam.ExamApplication           : Starting ExamApplication on wufeng with PID 15876 (F:\exam\exam\target\classes started by wufeng in F:\exam\exam)
2020-06-26 20:52:03.229  INFO 15876 --- [restartedMain] com.alvis.exam.ExamApplication           : The following profiles are active: dev
2020-06-26 20:52:03.319  INFO 15876 --- [restartedMain] .e.DevToolsPropertyDefaultsPostProcessor : Devtools property defaults active! Set 'spring.devtools.add-properties' to 'false' to disable
2020-06-26 20:52:03.319  INFO 15876 --- [restartedMain] .e.DevToolsPropertyDefaultsPostProcessor : For additional web related logging consider setting the 'logging.level.web' property to 'DEBUG'
2020-06-26 20:52:04.856  INFO 15876 --- [restartedMain] .s.d.r.c.RepositoryConfigurationDelegate : Multiple Spring Data modules found, entering strict repository configuration mode!
2020-06-26 20:52:04.860  INFO 15876 --- [restartedMain] .s.d.r.c.RepositoryConfigurationDelegate : Bootstrapping Spring Data repositories in DEFAULT mode.
2020-06-26 20:52:04.976  INFO 15876 --- [restartedMain] .s.d.r.c.RepositoryConfigurationDelegate : Finished Spring Data repository scanning in 89ms. Found 0 repository interfaces.
2020-06-26 20:52:05.594  INFO 15876 --- [restartedMain] trationDelegate$BeanPostProcessorChecker : Bean 'cacheConfig' of type [com.alvis.exam.configuration.spring.cache.CacheConfig$$EnhancerBySpringCGLIB$$aea8fe4d] is not eligible for getting processed by all BeanPostProcessors (for example: not eligible for auto-proxying)
2020-06-26 20:52:05.607  INFO 15876 --- [restartedMain] trationDelegate$BeanPostProcessorChecker : Bean 'org.springframework.transaction.annotation.ProxyTransactionManagementConfiguration' of type [org.springframework.transaction.annotation.ProxyTransactionManagementConfiguration$$EnhancerBySpringCGLIB$$46854990] is not eligible for getting processed by all BeanPostProcessors (for example: not eligible for auto-proxying)
2020-06-26 20:52:06.024  WARN 15876 --- [restartedMain] io.undertow.websockets.jsr               : UT026010: Buffer pool was not set on WebSocketDeploymentInfo, the default pool will be used
2020-06-26 20:52:06.062  INFO 15876 --- [restartedMain] io.undertow.servlet                      : Initializing Spring embedded WebApplicationContext
2020-06-26 20:52:06.062  INFO 15876 --- [restartedMain] o.s.web.context.ContextLoader            : Root WebApplicationContext: initialization completed in 2742 ms
2020-06-26 20:52:07.833  INFO 15876 --- [restartedMain] o.s.s.web.DefaultSecurityFilterChain     : Creating filter chain: any request, [org.springframework.security.web.context.request.async.WebAsyncManagerIntegrationFilter@43142053, org.springframework.security.web.context.SecurityContextPersistenceFilter@680caadb, org.springframework.security.web.header.HeaderWriterFilter@1243c622, org.springframework.web.filter.CorsFilter@6a4aaac3, org.springframework.security.web.authentication.logout.LogoutFilter@7cd24284, com.alvis.exam.configuration.spring.security.RestLoginAuthenticationFilter@223f78f9, org.springframework.security.web.authentication.UsernamePasswordAuthenticationFilter@5b50e2c0, org.springframework.security.web.savedrequest.RequestCacheAwareFilter@3a5743f1, org.springframework.security.web.servletapi.SecurityContextHolderAwareRequestFilter@242e8637, org.springframework.security.web.authentication.rememberme.RememberMeAuthenticationFilter@696f815f, org.springframework.security.web.authentication.AnonymousAuthenticationFilter@6908edf6, org.springframework.security.web.session.SessionManagementFilter@180c8bef, org.springframework.security.web.access.ExceptionTranslationFilter@6f125145, org.springframework.security.web.access.intercept.FilterSecurityInterceptor@5662d435]
2020-06-26 20:52:08.469  INFO 15876 --- [restartedMain] io.lettuce.core.EpollProvider            : Starting without optional epoll library
2020-06-26 20:52:08.472  INFO 15876 --- [restartedMain] io.lettuce.core.KqueueProvider           : Starting without optional kqueue library
2020-06-26 20:52:09.906  INFO 15876 --- [restartedMain] o.s.b.d.a.OptionalLiveReloadServer       : LiveReload server is running on port 35729
2020-06-26 20:52:10.517  INFO 15876 --- [restartedMain] s.a.ScheduledAnnotationBeanPostProcessor : No TaskScheduler/ScheduledExecutorService bean found for scheduled processing
2020-06-26 20:52:10.558  INFO 15876 --- [restartedMain] org.xnio                                 : XNIO version 3.3.8.Final
2020-06-26 20:52:10.573  INFO 15876 --- [restartedMain] org.xnio.nio                             : XNIO NIO Implementation Version 3.3.8.Final
2020-06-26 20:52:10.641  INFO 15876 --- [restartedMain] o.s.b.w.e.u.UndertowServletWebServer     : Undertow started on port(s) 8000 (http) with context path ''
2020-06-26 20:52:10.646  INFO 15876 --- [restartedMain] com.alvis.exam.ExamApplication           : Started ExamApplication in 8.41 seconds (JVM running for 11.098)
2020-06-26 20:52:19.993  INFO 15876 --- [XNIO-1 task-1] io.undertow.servlet                      : Initializing Spring DispatcherServlet 'dispatcherServlet'
2020-06-26 20:52:19.993  INFO 15876 --- [XNIO-1 task-1] o.s.web.servlet.DispatcherServlet        : Initializing Servlet 'dispatcherServlet'
2020-06-26 20:52:20.008  INFO 15876 --- [XNIO-1 task-1] o.s.web.servlet.DispatcherServlet        : Completed initialization in 15 ms
2020-06-26 20:52:21.950  INFO 15876 --- [XNIO-1 task-2] com.zaxxer.hikari.HikariDataSource       : HikariPool-1 - Starting...
2020-06-26 20:52:22.108  INFO 15876 --- [XNIO-1 task-2] com.zaxxer.hikari.HikariDataSource       : HikariPool-1 - Start completed.
2020-06-26 20:52:22.114 DEBUG 15876 --- [XNIO-1 task-2] r.c.a.e.r.UserMapper.getUserByUserName   : ==>  Preparing: select id, user_uuid, user_name, password, real_name, age, sex, birth_day, user_level, phone, role, status, image_path, create_time, modify_time, last_active_time, deleted, wx_open_id from t_user where deleted=0 and user_name=? limit 1 
2020-06-26 20:52:22.145 DEBUG 15876 --- [XNIO-1 task-2] r.c.a.e.r.UserMapper.getUserByUserName   : ==> Parameters: sunxiao(String)
2020-06-26 20:52:22.186 DEBUG 15876 --- [XNIO-1 task-2] r.c.a.e.r.UserMapper.getUserByUserName   : <==      Total: 1
2020-06-26 20:52:22.804 DEBUG 15876 --- [XNIO-1 task-2] r.c.a.e.r.U.insertSelective              : ==>  Preparing: insert into t_user_event_log ( user_id, user_name, content, create_time ) values ( ?, ?, ?, ? ) 
2020-06-26 20:52:22.806 DEBUG 15876 --- [XNIO-1 task-2] r.c.a.e.r.U.insertSelective              : ==> Parameters: 1(Integer), sunxiao(String), sunxiao 登录了学之思考试系统(String), 2020-06-26 20:52:22.781(Timestamp)
2020-06-26 20:52:22.810 DEBUG 15876 --- [XNIO-1 task-2] r.c.a.e.r.U.insertSelective              : <==    Updates: 1
2020-06-26 20:52:22.961 DEBUG 15876 --- [XNIO-1 task-3] r.c.a.e.r.E.selectAllCount               : ==>  Preparing: SELECT count(*) from t_exam_paper where deleted=0 
2020-06-26 20:52:22.962 DEBUG 15876 --- [XNIO-1 task-3] r.c.a.e.r.E.selectAllCount               : ==> Parameters: 
2020-06-26 20:52:22.964 DEBUG 15876 --- [XNIO-1 task-3] r.c.a.e.r.E.selectAllCount               : <==      Total: 1
2020-06-26 20:52:22.965 DEBUG 15876 --- [XNIO-1 task-3] r.c.a.e.r.QuestionMapper.selectAllCount  : ==>  Preparing: SELECT count(*) from t_question where deleted=0 
2020-06-26 20:52:22.965 DEBUG 15876 --- [XNIO-1 task-3] r.c.a.e.r.QuestionMapper.selectAllCount  : ==> Parameters: 
2020-06-26 20:52:23.005 DEBUG 15876 --- [XNIO-1 task-3] r.c.a.e.r.QuestionMapper.selectAllCount  : <==      Total: 1
2020-06-26 20:52:23.006 DEBUG 15876 --- [XNIO-1 task-3] r.c.a.e.r.E.selectAllCount               : ==>  Preparing: SELECT count(*) from t_exam_paper_answer 
2020-06-26 20:52:23.006 DEBUG 15876 --- [XNIO-1 task-3] r.c.a.e.r.E.selectAllCount               : ==> Parameters: 
2020-06-26 20:52:23.007 DEBUG 15876 --- [XNIO-1 task-3] r.c.a.e.r.E.selectAllCount               : <==      Total: 1
2020-06-26 20:52:23.008 DEBUG 15876 --- [XNIO-1 task-3] r.c.a.e.r.E.selectAllCount               : ==>  Preparing: SELECT count(*) from t_exam_paper_question_customer_answer 
2020-06-26 20:52:23.008 DEBUG 15876 --- [XNIO-1 task-3] r.c.a.e.r.E.selectAllCount               : ==> Parameters: 
2020-06-26 20:52:23.010 DEBUG 15876 --- [XNIO-1 task-3] r.c.a.e.r.E.selectAllCount               : <==      Total: 1
2020-06-26 20:52:23.015 DEBUG 15876 --- [XNIO-1 task-3] r.c.a.e.r.U.selectCountByDate            : ==>  Preparing: SELECT create_time as name,COUNT(create_time) as value from ( SELECT DATE_FORMAT(create_time,'%Y-%m-%d') as create_time from t_user_event_log WHERE create_time between ? and ? ) a GROUP BY create_time 
2020-06-26 20:52:23.017 DEBUG 15876 --- [XNIO-1 task-3] r.c.a.e.r.U.selectCountByDate            : ==> Parameters: 2020-06-01 00:00:00.0(Timestamp), 2020-06-30 23:59:59.0(Timestamp)
2020-06-26 20:52:23.022 DEBUG 15876 --- [XNIO-1 task-3] r.c.a.e.r.U.selectCountByDate            : <==      Total: 2
2020-06-26 20:52:23.028 DEBUG 15876 --- [XNIO-1 task-3] r.c.a.e.r.E.selectCountByDate            : ==>  Preparing: SELECT create_time as name,COUNT(create_time) as value from ( SELECT DATE_FORMAT(create_time,'%Y-%m-%d') as create_time from t_exam_paper_question_customer_answer WHERE create_time between ? and ? ) a GROUP BY create_time 
2020-06-26 20:52:23.028 DEBUG 15876 --- [XNIO-1 task-3] r.c.a.e.r.E.selectCountByDate            : ==> Parameters: 2020-06-01 00:00:00.0(Timestamp), 2020-06-30 23:59:59.0(Timestamp)
2020-06-26 20:52:23.030 DEBUG 15876 --- [XNIO-1 task-3] r.c.a.e.r.E.selectCountByDate            : <==      Total: 1
2020-06-26 20:52:32.193 DEBUG 15876 --- [XNIO-1 task-5] r.c.a.e.r.SubjectMapper.allSubject       : ==>  Preparing: select id, name,supplier, level, level_name, item_order, deleted ,flag,create_time createTime, update_time updateTime from t_subject 
2020-06-26 20:52:32.193 DEBUG 15876 --- [XNIO-1 task-5] r.c.a.e.r.SubjectMapper.allSubject       : ==> Parameters: 
2020-06-26 20:52:32.198 DEBUG 15876 --- [XNIO-1 task-5] r.c.a.e.r.SubjectMapper.allSubject       : <==      Total: 10
2020-06-26 20:52:32.458 DEBUG 15876 --- [XNIO-1 task-4] r.c.a.e.r.SubjectMapper.page_COUNT       : ==>  Preparing: SELECT count(0) FROM t_subject 
2020-06-26 20:52:32.459 DEBUG 15876 --- [XNIO-1 task-4] r.c.a.e.r.SubjectMapper.page_COUNT       : ==> Parameters: 
2020-06-26 20:52:32.460 DEBUG 15876 --- [XNIO-1 task-4] r.c.a.e.r.SubjectMapper.page_COUNT       : <==      Total: 1
2020-06-26 20:52:32.465 DEBUG 15876 --- [XNIO-1 task-4] r.c.a.e.repository.SubjectMapper.page    : ==>  Preparing: SELECT id, name, supplier, level, level_name, item_order, deleted, flag, create_time createTime, update_time updateTime FROM t_subject order by id desc LIMIT ? 
2020-06-26 20:52:32.466 DEBUG 15876 --- [XNIO-1 task-4] r.c.a.e.repository.SubjectMapper.page    : ==> Parameters: 10(Integer)
2020-06-26 20:52:32.471 DEBUG 15876 --- [XNIO-1 task-4] r.c.a.e.repository.SubjectMapper.page    : <==      Total: 10
2020-06-26 20:52:32.473 DEBUG 15876 --- [XNIO-1 task-4] r.c.a.e.r.QuestionMapper.getCount        : ==>  Preparing: select count(*) from t_question WHERE subject_id = ? 
2020-06-26 20:52:32.473 DEBUG 15876 --- [XNIO-1 task-4] r.c.a.e.r.QuestionMapper.getCount        : ==> Parameters: 10(Integer)
2020-06-26 20:52:32.507 DEBUG 15876 --- [XNIO-1 task-4] r.c.a.e.r.QuestionMapper.getCount        : <==      Total: 1
2020-06-26 20:52:32.542 DEBUG 15876 --- [XNIO-1 task-4] r.c.a.e.r.QuestionMapper.getCount        : ==>  Preparing: select count(*) from t_question WHERE subject_id = ? 
2020-06-26 20:52:32.542 DEBUG 15876 --- [XNIO-1 task-4] r.c.a.e.r.QuestionMapper.getCount        : ==> Parameters: 9(Integer)
2020-06-26 20:52:32.577 DEBUG 15876 --- [XNIO-1 task-4] r.c.a.e.r.QuestionMapper.getCount        : <==      Total: 1
2020-06-26 20:52:32.578 DEBUG 15876 --- [XNIO-1 task-4] r.c.a.e.r.QuestionMapper.getCount        : ==>  Preparing: select count(*) from t_question WHERE subject_id = ? 
2020-06-26 20:52:32.578 DEBUG 15876 --- [XNIO-1 task-4] r.c.a.e.r.QuestionMapper.getCount        : ==> Parameters: 8(Integer)
2020-06-26 20:52:32.612 DEBUG 15876 --- [XNIO-1 task-4] r.c.a.e.r.QuestionMapper.getCount        : <==      Total: 1
2020-06-26 20:52:32.614 DEBUG 15876 --- [XNIO-1 task-4] r.c.a.e.r.QuestionMapper.getCount        : ==>  Preparing: select count(*) from t_question WHERE subject_id = ? 
2020-06-26 20:52:32.614 DEBUG 15876 --- [XNIO-1 task-4] r.c.a.e.r.QuestionMapper.getCount        : ==> Parameters: 7(Integer)
2020-06-26 20:52:32.650 DEBUG 15876 --- [XNIO-1 task-4] r.c.a.e.r.QuestionMapper.getCount        : <==      Total: 1
2020-06-26 20:52:32.651 DEBUG 15876 --- [XNIO-1 task-4] r.c.a.e.r.QuestionMapper.getCount        : ==>  Preparing: select count(*) from t_question WHERE subject_id = ? 
2020-06-26 20:52:32.652 DEBUG 15876 --- [XNIO-1 task-4] r.c.a.e.r.QuestionMapper.getCount        : ==> Parameters: 6(Integer)
2020-06-26 20:52:32.690 DEBUG 15876 --- [XNIO-1 task-4] r.c.a.e.r.QuestionMapper.getCount        : <==      Total: 1
2020-06-26 20:52:32.692 DEBUG 15876 --- [XNIO-1 task-4] r.c.a.e.r.QuestionMapper.getCount        : ==>  Preparing: select count(*) from t_question WHERE subject_id = ? 
2020-06-26 20:52:32.693 DEBUG 15876 --- [XNIO-1 task-4] r.c.a.e.r.QuestionMapper.getCount        : ==> Parameters: 5(Integer)
2020-06-26 20:52:32.733 DEBUG 15876 --- [XNIO-1 task-4] r.c.a.e.r.QuestionMapper.getCount        : <==      Total: 1
2020-06-26 20:52:32.737 DEBUG 15876 --- [XNIO-1 task-4] r.c.a.e.r.QuestionMapper.getCount        : ==>  Preparing: select count(*) from t_question WHERE subject_id = ? 
2020-06-26 20:52:32.738 DEBUG 15876 --- [XNIO-1 task-4] r.c.a.e.r.QuestionMapper.getCount        : ==> Parameters: 4(Integer)
2020-06-26 20:52:32.786 DEBUG 15876 --- [XNIO-1 task-4] r.c.a.e.r.QuestionMapper.getCount        : <==      Total: 1
2020-06-26 20:52:32.787 DEBUG 15876 --- [XNIO-1 task-4] r.c.a.e.r.QuestionMapper.getCount        : ==>  Preparing: select count(*) from t_question WHERE subject_id = ? 
2020-06-26 20:52:32.788 DEBUG 15876 --- [XNIO-1 task-4] r.c.a.e.r.QuestionMapper.getCount        : ==> Parameters: 3(Integer)
2020-06-26 20:52:32.826 DEBUG 15876 --- [XNIO-1 task-4] r.c.a.e.r.QuestionMapper.getCount        : <==      Total: 1
2020-06-26 20:52:32.827 DEBUG 15876 --- [XNIO-1 task-4] r.c.a.e.r.QuestionMapper.getCount        : ==>  Preparing: select count(*) from t_question WHERE subject_id = ? 
2020-06-26 20:52:32.827 DEBUG 15876 --- [XNIO-1 task-4] r.c.a.e.r.QuestionMapper.getCount        : ==> Parameters: 2(Integer)
2020-06-26 20:52:32.863 DEBUG 15876 --- [XNIO-1 task-4] r.c.a.e.r.QuestionMapper.getCount        : <==      Total: 1
2020-06-26 20:52:32.866 DEBUG 15876 --- [XNIO-1 task-4] r.c.a.e.r.QuestionMapper.getCount        : ==>  Preparing: select count(*) from t_question WHERE subject_id = ? 
2020-06-26 20:52:32.867 DEBUG 15876 --- [XNIO-1 task-4] r.c.a.e.r.QuestionMapper.getCount        : ==> Parameters: 1(Integer)
2020-06-26 20:52:32.908 DEBUG 15876 --- [XNIO-1 task-4] r.c.a.e.r.QuestionMapper.getCount        : <==      Total: 1
2020-06-26 20:52:39.916 DEBUG 15876 --- [XNIO-1 task-6] r.c.a.e.r.SubjectMapper.allSubject       : ==>  Preparing: select id, name,supplier, level, level_name, item_order, deleted ,flag,create_time createTime, update_time updateTime from t_subject 
2020-06-26 20:52:39.917 DEBUG 15876 --- [XNIO-1 task-6] r.c.a.e.r.SubjectMapper.allSubject       : ==> Parameters: 
2020-06-26 20:52:39.919 DEBUG 15876 --- [XNIO-1 task-6] r.c.a.e.r.SubjectMapper.allSubject       : <==      Total: 10
2020-06-26 20:52:40.233 DEBUG 15876 --- [XNIO-1 task-7] r.c.a.e.r.QuestionMapper.page_COUNT      : ==>  Preparing: SELECT count(0) FROM t_question q LEFT JOIN t_subject s ON q.subject_id = s.id LEFT JOIN t_exam_paper e ON q.paper_id = e.id WHERE q.subject_id = ? 
2020-06-26 20:52:40.234 DEBUG 15876 --- [XNIO-1 task-7] r.c.a.e.r.QuestionMapper.page_COUNT      : ==> Parameters: 9(Integer)
2020-06-26 20:52:40.269 DEBUG 15876 --- [XNIO-1 task-7] r.c.a.e.r.QuestionMapper.page_COUNT      : <==      Total: 1
2020-06-26 20:52:40.271 DEBUG 15876 --- [XNIO-1 task-7] r.c.a.e.repository.QuestionMapper.page   : ==>  Preparing: SELECT q.id, q.question_type questionType, q.subject_id subjectId, q.paper_id paperId, q.score, q.correct, q.info_text_content_id infoTextContentId, q.deleted, q.flag, q.name, s.name subjectName, e.name paperName FROM t_question q LEFT JOIN t_subject s ON q.subject_id = s.id LEFT JOIN t_exam_paper e ON q.paper_id = e.id WHERE q.subject_id = ? order by q.id desc LIMIT ? 
2020-06-26 20:52:40.272 DEBUG 15876 --- [XNIO-1 task-7] r.c.a.e.repository.QuestionMapper.page   : ==> Parameters: 9(Integer), 10(Integer)
2020-06-26 20:52:40.275 DEBUG 15876 --- [XNIO-1 task-7] r.c.a.e.repository.QuestionMapper.page   : <==      Total: 10
2020-06-26 20:52:40.278 DEBUG 15876 --- [XNIO-1 task-7] r.c.a.e.r.T.selectByPrimaryKey           : ==>  Preparing: select id, content, create_time from t_text_content where id = ? 
2020-06-26 20:52:40.279 DEBUG 15876 --- [XNIO-1 task-7] r.c.a.e.r.T.selectByPrimaryKey           : ==> Parameters: 2678(Integer)
2020-06-26 20:52:40.281 DEBUG 15876 --- [XNIO-1 task-7] r.c.a.e.r.T.selectByPrimaryKey           : <==      Total: 1
2020-06-26 20:52:40.287 ERROR 15876 --- [XNIO-1 task-7] c.a.e.c.s.exception.ExceptionHandle      : null

java.lang.NullPointerException: null
	at com.fasterxml.jackson.core.JsonFactory.createParser(JsonFactory.java:889)
	at com.fasterxml.jackson.databind.ObjectMapper.readValue(ObjectMapper.java:3004)
	at com.alvis.exam.utility.JsonUtil.toJsonObject(JsonUtil.java:29)
	at com.alvis.exam.controller.admin.QuestionController.lambda$pageList$1(QuestionController.java:62)
	at java.util.stream.ReferencePipeline$3$1.accept(ReferencePipeline.java:193)
	at java.util.ArrayList$ArrayListSpliterator.forEachRemaining(ArrayList.java:1382)
	at java.util.stream.AbstractPipeline.copyInto(AbstractPipeline.java:482)
	at java.util.stream.AbstractPipeline.wrapAndCopyInto(AbstractPipeline.java:472)
	at java.util.stream.ReduceOps$ReduceOp.evaluateSequential(ReduceOps.java:708)
	at java.util.stream.AbstractPipeline.evaluate(AbstractPipeline.java:234)
	at java.util.stream.ReferencePipeline.collect(ReferencePipeline.java:499)
	at com.alvis.exam.utility.PageInfoHelper.copyMap(PageInfoHelper.java:22)
	at com.alvis.exam.controller.admin.QuestionController.pageList(QuestionController.java:57)
	at sun.reflect.NativeMethodAccessorImpl.invoke0(Native Method)
	at sun.reflect.NativeMethodAccessorImpl.invoke(NativeMethodAccessorImpl.java:62)
	at sun.reflect.DelegatingMethodAccessorImpl.invoke(DelegatingMethodAccessorImpl.java:43)
	at java.lang.reflect.Method.invoke(Method.java:498)
	at org.springframework.web.method.support.InvocableHandlerMethod.doInvoke(InvocableHandlerMethod.java:190)
	at org.springframework.web.method.support.InvocableHandlerMethod.invokeForRequest(InvocableHandlerMethod.java:138)
	at org.springframework.web.servlet.mvc.method.annotation.ServletInvocableHandlerMethod.invokeAndHandle(ServletInvocableHandlerMethod.java:104)
	at org.springframework.web.servlet.mvc.method.annotation.RequestMappingHandlerAdapter.invokeHandlerMethod(RequestMappingHandlerAdapter.java:892)
	at org.springframework.web.servlet.mvc.method.annotation.RequestMappingHandlerAdapter.handleInternal(RequestMappingHandlerAdapter.java:797)
	at org.springframework.web.servlet.mvc.method.AbstractHandlerMethodAdapter.handle(AbstractHandlerMethodAdapter.java:87)
	at org.springframework.web.servlet.DispatcherServlet.doDispatch(DispatcherServlet.java:1039)
	at org.springframework.web.servlet.DispatcherServlet.doService(DispatcherServlet.java:942)
	at org.springframework.web.servlet.FrameworkServlet.processRequest(FrameworkServlet.java:1005)
	at org.springframework.web.servlet.FrameworkServlet.doPost(FrameworkServlet.java:908)
	at javax.servlet.http.HttpServlet.service(HttpServlet.java:665)
	at org.springframework.web.servlet.FrameworkServlet.service(FrameworkServlet.java:882)
	at javax.servlet.http.HttpServlet.service(HttpServlet.java:750)
	at io.undertow.servlet.handlers.ServletHandler.handleRequest(ServletHandler.java:74)
	at io.undertow.servlet.handlers.FilterHandler$FilterChainImpl.doFilter(FilterHandler.java:129)
	at org.springframework.security.web.authentication.AbstractAuthenticationProcessingFilter.doFilter(AbstractAuthenticationProcessingFilter.java:200)
	at io.undertow.servlet.core.ManagedFilter.doFilter(ManagedFilter.java:61)
	at io.undertow.servlet.handlers.FilterHandler$FilterChainImpl.doFilter(FilterHandler.java:131)
	at org.springframework.security.web.FilterChainProxy$VirtualFilterChain.doFilter(FilterChainProxy.java:320)
	at org.springframework.security.web.access.intercept.FilterSecurityInterceptor.invoke(FilterSecurityInterceptor.java:127)
	at org.springframework.security.web.access.intercept.FilterSecurityInterceptor.doFilter(FilterSecurityInterceptor.java:91)
	at org.springframework.security.web.FilterChainProxy$VirtualFilterChain.doFilter(FilterChainProxy.java:334)
	at org.springframework.security.web.access.ExceptionTranslationFilter.doFilter(ExceptionTranslationFilter.java:119)
	at org.springframework.security.web.FilterChainProxy$VirtualFilterChain.doFilter(FilterChainProxy.java:334)
	at org.springframework.security.web.session.SessionManagementFilter.doFilter(SessionManagementFilter.java:137)
	at org.springframework.security.web.FilterChainProxy$VirtualFilterChain.doFilter(FilterChainProxy.java:334)
	at org.springframework.security.web.authentication.AnonymousAuthenticationFilter.doFilter(AnonymousAuthenticationFilter.java:111)
	at org.springframework.security.web.FilterChainProxy$VirtualFilterChain.doFilter(FilterChainProxy.java:334)
	at org.springframework.security.web.authentication.rememberme.RememberMeAuthenticationFilter.doFilter(RememberMeAuthenticationFilter.java:158)
	at org.springframework.security.web.FilterChainProxy$VirtualFilterChain.doFilter(FilterChainProxy.java:334)
	at org.springframework.security.web.servletapi.SecurityContextHolderAwareRequestFilter.doFilter(SecurityContextHolderAwareRequestFilter.java:170)
	at org.springframework.security.web.FilterChainProxy$VirtualFilterChain.doFilter(FilterChainProxy.java:334)
	at org.springframework.security.web.savedrequest.RequestCacheAwareFilter.doFilter(RequestCacheAwareFilter.java:63)
	at org.springframework.security.web.FilterChainProxy$VirtualFilterChain.doFilter(FilterChainProxy.java:334)
	at org.springframework.security.web.authentication.AbstractAuthenticationProcessingFilter.doFilter(AbstractAuthenticationProcessingFilter.java:200)
	at org.springframework.security.web.FilterChainProxy$VirtualFilterChain.doFilter(FilterChainProxy.java:334)
	at org.springframework.security.web.authentication.AbstractAuthenticationProcessingFilter.doFilter(AbstractAuthenticationProcessingFilter.java:200)
	at org.springframework.security.web.FilterChainProxy$VirtualFilterChain.doFilter(FilterChainProxy.java:334)
	at org.springframework.security.web.authentication.logout.LogoutFilter.doFilter(LogoutFilter.java:116)
	at org.springframework.security.web.FilterChainProxy$VirtualFilterChain.doFilter(FilterChainProxy.java:334)
	at org.springframework.web.filter.CorsFilter.doFilterInternal(CorsFilter.java:96)
	at org.springframework.web.filter.OncePerRequestFilter.doFilter(OncePerRequestFilter.java:109)
	at org.springframework.security.web.FilterChainProxy$VirtualFilterChain.doFilter(FilterChainProxy.java:334)
	at org.springframework.security.web.header.HeaderWriterFilter.doFilterInternal(HeaderWriterFilter.java:74)
	at org.springframework.web.filter.OncePerRequestFilter.doFilter(OncePerRequestFilter.java:109)
	at org.springframework.security.web.FilterChainProxy$VirtualFilterChain.doFilter(FilterChainProxy.java:334)
	at org.springframework.security.web.context.SecurityContextPersistenceFilter.doFilter(SecurityContextPersistenceFilter.java:105)
	at org.springframework.security.web.FilterChainProxy$VirtualFilterChain.doFilter(FilterChainProxy.java:334)
	at org.springframework.security.web.context.request.async.WebAsyncManagerIntegrationFilter.doFilterInternal(WebAsyncManagerIntegrationFilter.java:56)
	at org.springframework.web.filter.OncePerRequestFilter.doFilter(OncePerRequestFilter.java:109)
	at org.springframework.security.web.FilterChainProxy$VirtualFilterChain.doFilter(FilterChainProxy.java:334)
	at org.springframework.security.web.FilterChainProxy.doFilterInternal(FilterChainProxy.java:215)
	at org.springframework.security.web.FilterChainProxy.doFilter(FilterChainProxy.java:178)
	at org.springframework.web.filter.DelegatingFilterProxy.invokeDelegate(DelegatingFilterProxy.java:357)
	at org.springframework.web.filter.DelegatingFilterProxy.doFilter(DelegatingFilterProxy.java:270)
	at io.undertow.servlet.core.ManagedFilter.doFilter(ManagedFilter.java:61)
	at io.undertow.servlet.handlers.FilterHandler$FilterChainImpl.doFilter(FilterHandler.java:131)
	at org.springframework.session.web.http.SessionRepositoryFilter.doFilterInternal(SessionRepositoryFilter.java:151)
	at org.springframework.session.web.http.OncePerRequestFilter.doFilter(OncePerRequestFilter.java:85)
	at io.undertow.servlet.core.ManagedFilter.doFilter(ManagedFilter.java:61)
	at io.undertow.servlet.handlers.FilterHandler$FilterChainImpl.doFilter(FilterHandler.java:131)
	at org.springframework.web.filter.CharacterEncodingFilter.doFilterInternal(CharacterEncodingFilter.java:200)
	at org.springframework.web.filter.OncePerRequestFilter.doFilter(OncePerRequestFilter.java:109)
	at io.undertow.servlet.core.ManagedFilter.doFilter(ManagedFilter.java:61)
	at io.undertow.servlet.handlers.FilterHandler$FilterChainImpl.doFilter(FilterHandler.java:131)
	at io.undertow.servlet.handlers.FilterHandler.handleRequest(FilterHandler.java:84)
	at io.undertow.servlet.handlers.security.ServletSecurityRoleHandler.handleRequest(ServletSecurityRoleHandler.java:62)
	at io.undertow.servlet.handlers.ServletChain$1.handleRequest(ServletChain.java:68)
	at io.undertow.servlet.handlers.ServletDispatchingHandler.handleRequest(ServletDispatchingHandler.java:36)
	at io.undertow.servlet.handlers.security.SSLInformationAssociationHandler.handleRequest(SSLInformationAssociationHandler.java:132)
	at io.undertow.servlet.handlers.security.ServletAuthenticationCallHandler.handleRequest(ServletAuthenticationCallHandler.java:57)
	at io.undertow.server.handlers.PredicateHandler.handleRequest(PredicateHandler.java:43)
	at io.undertow.security.handlers.AbstractConfidentialityHandler.handleRequest(AbstractConfidentialityHandler.java:46)
	at io.undertow.servlet.handlers.security.ServletConfidentialityConstraintHandler.handleRequest(ServletConfidentialityConstraintHandler.java:64)
	at io.undertow.security.handlers.AuthenticationMechanismsHandler.handleRequest(AuthenticationMechanismsHandler.java:60)
	at io.undertow.servlet.handlers.security.CachedAuthenticatedSessionHandler.handleRequest(CachedAuthenticatedSessionHandler.java:77)
	at io.undertow.security.handlers.AbstractSecurityContextAssociationHandler.handleRequest(AbstractSecurityContextAssociationHandler.java:43)
	at io.undertow.server.handlers.PredicateHandler.handleRequest(PredicateHandler.java:43)
	at io.undertow.server.handlers.PredicateHandler.handleRequest(PredicateHandler.java:43)
	at io.undertow.servlet.handlers.SessionRestoringHandler.handleRequest(SessionRestoringHandler.java:119)
	at io.undertow.servlet.handlers.ServletInitialHandler.handleFirstRequest(ServletInitialHandler.java:292)
	at io.undertow.servlet.handlers.ServletInitialHandler.access$100(ServletInitialHandler.java:81)
	at io.undertow.servlet.handlers.ServletInitialHandler$2.call(ServletInitialHandler.java:138)
	at io.undertow.servlet.handlers.ServletInitialHandler$2.call(ServletInitialHandler.java:135)
	at io.undertow.servlet.core.ServletRequestContextThreadSetupAction$1.call(ServletRequestContextThreadSetupAction.java:48)
	at io.undertow.servlet.core.ContextClassLoaderSetupAction$1.call(ContextClassLoaderSetupAction.java:43)
	at io.undertow.servlet.handlers.ServletInitialHandler.dispatchRequest(ServletInitialHandler.java:272)
	at io.undertow.servlet.handlers.ServletInitialHandler.access$000(ServletInitialHandler.java:81)
	at io.undertow.servlet.handlers.ServletInitialHandler$1.handleRequest(ServletInitialHandler.java:104)
	at io.undertow.server.Connectors.executeRootHandler(Connectors.java:364)
	at io.undertow.server.HttpServerExchange$1.run(HttpServerExchange.java:830)
	at java.util.concurrent.ThreadPoolExecutor.runWorker(ThreadPoolExecutor.java:1149)
	at java.util.concurrent.ThreadPoolExecutor$Worker.run(ThreadPoolExecutor.java:624)
	at java.lang.Thread.run(Thread.java:748)

