2020-06-19 21:17:33.232  INFO 13544 --- [restartedMain] com.alvis.exam.ExamApplication           : Starting ExamApplication on wufeng with PID 13544 (F:\exam\exam\target\classes started by wufeng in F:\exam\exam)
2020-06-19 21:17:33.238  INFO 13544 --- [restartedMain] com.alvis.exam.ExamApplication           : The following profiles are active: dev
2020-06-19 21:17:33.338  INFO 13544 --- [restartedMain] .e.DevToolsPropertyDefaultsPostProcessor : Devtools property defaults active! Set 'spring.devtools.add-properties' to 'false' to disable
2020-06-19 21:17:33.339  INFO 13544 --- [restartedMain] .e.DevToolsPropertyDefaultsPostProcessor : For additional web related logging consider setting the 'logging.level.web' property to 'DEBUG'
2020-06-19 21:17:34.912  INFO 13544 --- [restartedMain] .s.d.r.c.RepositoryConfigurationDelegate : Multiple Spring Data modules found, entering strict repository configuration mode!
2020-06-19 21:17:34.916  INFO 13544 --- [restartedMain] .s.d.r.c.RepositoryConfigurationDelegate : Bootstrapping Spring Data repositories in DEFAULT mode.
2020-06-19 21:17:35.025  INFO 13544 --- [restartedMain] .s.d.r.c.RepositoryConfigurationDelegate : Finished Spring Data repository scanning in 83ms. Found 0 repository interfaces.
2020-06-19 21:17:35.653  INFO 13544 --- [restartedMain] trationDelegate$BeanPostProcessorChecker : Bean 'cacheConfig' of type [com.alvis.exam.configuration.spring.cache.CacheConfig$$EnhancerBySpringCGLIB$$68cabcc8] is not eligible for getting processed by all BeanPostProcessors (for example: not eligible for auto-proxying)
2020-06-19 21:17:35.666  INFO 13544 --- [restartedMain] trationDelegate$BeanPostProcessorChecker : Bean 'org.springframework.transaction.annotation.ProxyTransactionManagementConfiguration' of type [org.springframework.transaction.annotation.ProxyTransactionManagementConfiguration$$EnhancerBySpringCGLIB$$a7080b] is not eligible for getting processed by all BeanPostProcessors (for example: not eligible for auto-proxying)
2020-06-19 21:17:36.079  WARN 13544 --- [restartedMain] io.undertow.websockets.jsr               : UT026010: Buffer pool was not set on WebSocketDeploymentInfo, the default pool will be used
2020-06-19 21:17:36.122  INFO 13544 --- [restartedMain] io.undertow.servlet                      : Initializing Spring embedded WebApplicationContext
2020-06-19 21:17:36.122  INFO 13544 --- [restartedMain] o.s.web.context.ContextLoader            : Root WebApplicationContext: initialization completed in 2783 ms
2020-06-19 21:17:38.778  INFO 13544 --- [restartedMain] o.s.s.web.DefaultSecurityFilterChain     : Creating filter chain: any request, [org.springframework.security.web.context.request.async.WebAsyncManagerIntegrationFilter@54286906, org.springframework.security.web.context.SecurityContextPersistenceFilter@36db43bb, org.springframework.security.web.header.HeaderWriterFilter@69ac1477, org.springframework.web.filter.CorsFilter@339f1b93, org.springframework.security.web.authentication.logout.LogoutFilter@53452452, com.alvis.exam.configuration.spring.security.RestLoginAuthenticationFilter@208e4d68, org.springframework.security.web.authentication.UsernamePasswordAuthenticationFilter@5a57edf0, org.springframework.security.web.savedrequest.RequestCacheAwareFilter@18adac0a, org.springframework.security.web.servletapi.SecurityContextHolderAwareRequestFilter@1949ac1f, org.springframework.security.web.authentication.rememberme.RememberMeAuthenticationFilter@50304007, org.springframework.security.web.authentication.AnonymousAuthenticationFilter@22232dd8, org.springframework.security.web.session.SessionManagementFilter@7184861f, org.springframework.security.web.access.ExceptionTranslationFilter@25fe0e9e, org.springframework.security.web.access.intercept.FilterSecurityInterceptor@468d26da]
2020-06-19 21:17:39.526  INFO 13544 --- [restartedMain] io.lettuce.core.EpollProvider            : Starting without optional epoll library
2020-06-19 21:17:39.528  INFO 13544 --- [restartedMain] io.lettuce.core.KqueueProvider           : Starting without optional kqueue library
2020-06-19 21:17:42.565  WARN 13544 --- [restartedMain] ConfigServletWebServerApplicationContext : Exception encountered during context initialization - cancelling refresh attempt: org.springframework.beans.factory.BeanCreationException: Error creating bean with name 'enableRedisKeyspaceNotificationsInitializer' defined in class path resource [org/springframework/boot/autoconfigure/session/RedisSessionConfiguration$SpringBootRedisHttpSessionConfiguration.class]: Invocation of init method failed; nested exception is org.springframework.data.redis.connection.PoolException: Could not get a resource from the pool; nested exception is io.lettuce.core.RedisConnectionException: Unable to connect to 127.0.0.1:6379
2020-06-19 21:17:43.698  INFO 13544 --- [restartedMain] ConditionEvaluationReportLoggingListener : 

Error starting ApplicationContext. To display the conditions report re-run your application with 'debug' enabled.
2020-06-19 21:17:43.710 ERROR 13544 --- [restartedMain] o.s.boot.SpringApplication               : Application run failed

org.springframework.beans.factory.BeanCreationException: Error creating bean with name 'enableRedisKeyspaceNotificationsInitializer' defined in class path resource [org/springframework/boot/autoconfigure/session/RedisSessionConfiguration$SpringBootRedisHttpSessionConfiguration.class]: Invocation of init method failed; nested exception is org.springframework.data.redis.connection.PoolException: Could not get a resource from the pool; nested exception is io.lettuce.core.RedisConnectionException: Unable to connect to 127.0.0.1:6379
	at org.springframework.beans.factory.support.AbstractAutowireCapableBeanFactory.initializeBean(AbstractAutowireCapableBeanFactory.java:1778)
	at org.springframework.beans.factory.support.AbstractAutowireCapableBeanFactory.doCreateBean(AbstractAutowireCapableBeanFactory.java:593)
	at org.springframework.beans.factory.support.AbstractAutowireCapableBeanFactory.createBean(AbstractAutowireCapableBeanFactory.java:515)
	at org.springframework.beans.factory.support.AbstractBeanFactory.lambda$doGetBean$0(AbstractBeanFactory.java:320)
	at org.springframework.beans.factory.support.DefaultSingletonBeanRegistry.getSingleton(DefaultSingletonBeanRegistry.java:222)
	at org.springframework.beans.factory.support.AbstractBeanFactory.doGetBean(AbstractBeanFactory.java:318)
	at org.springframework.beans.factory.support.AbstractBeanFactory.getBean(AbstractBeanFactory.java:199)
	at org.springframework.beans.factory.support.DefaultListableBeanFactory.preInstantiateSingletons(DefaultListableBeanFactory.java:845)
	at org.springframework.context.support.AbstractApplicationContext.finishBeanFactoryInitialization(AbstractApplicationContext.java:877)
	at org.springframework.context.support.AbstractApplicationContext.refresh(AbstractApplicationContext.java:549)
	at org.springframework.boot.web.servlet.context.ServletWebServerApplicationContext.refresh(ServletWebServerApplicationContext.java:140)
	at org.springframework.boot.SpringApplication.refresh(SpringApplication.java:742)
	at org.springframework.boot.SpringApplication.refreshContext(SpringApplication.java:389)
	at org.springframework.boot.SpringApplication.run(SpringApplication.java:311)
	at org.springframework.boot.SpringApplication.run(SpringApplication.java:1213)
	at org.springframework.boot.SpringApplication.run(SpringApplication.java:1202)
	at com.alvis.exam.ExamApplication.main(ExamApplication.java:20)
	at sun.reflect.NativeMethodAccessorImpl.invoke0(Native Method)
	at sun.reflect.NativeMethodAccessorImpl.invoke(NativeMethodAccessorImpl.java:62)
	at sun.reflect.DelegatingMethodAccessorImpl.invoke(DelegatingMethodAccessorImpl.java:43)
	at java.lang.reflect.Method.invoke(Method.java:498)
	at org.springframework.boot.devtools.restart.RestartLauncher.run(RestartLauncher.java:49)
Caused by: org.springframework.data.redis.connection.PoolException: Could not get a resource from the pool; nested exception is io.lettuce.core.RedisConnectionException: Unable to connect to 127.0.0.1:6379
	at org.springframework.data.redis.connection.lettuce.LettucePoolingConnectionProvider.getConnection(LettucePoolingConnectionProvider.java:86)
	at org.springframework.data.redis.connection.lettuce.LettuceConnectionFactory$SharedConnection.getNativeConnection(LettuceConnectionFactory.java:1104)
	at org.springframework.data.redis.connection.lettuce.LettuceConnectionFactory$SharedConnection.getConnection(LettuceConnectionFactory.java:1085)
	at org.springframework.data.redis.connection.lettuce.LettuceConnectionFactory.getSharedConnection(LettuceConnectionFactory.java:866)
	at org.springframework.data.redis.connection.lettuce.LettuceConnectionFactory.getConnection(LettuceConnectionFactory.java:341)
	at org.springframework.session.data.redis.config.annotation.web.http.RedisHttpSessionConfiguration$EnableRedisKeyspaceNotificationsInitializer.afterPropertiesSet(RedisHttpSessionConfiguration.java:302)
	at org.springframework.beans.factory.support.AbstractAutowireCapableBeanFactory.invokeInitMethods(AbstractAutowireCapableBeanFactory.java:1837)
	at org.springframework.beans.factory.support.AbstractAutowireCapableBeanFactory.initializeBean(AbstractAutowireCapableBeanFactory.java:1774)
	... 21 common frames omitted
Caused by: io.lettuce.core.RedisConnectionException: Unable to connect to 127.0.0.1:6379
	at io.lettuce.core.RedisConnectionException.create(RedisConnectionException.java:78)
	at io.lettuce.core.RedisConnectionException.create(RedisConnectionException.java:56)
	at io.lettuce.core.AbstractRedisClient.getConnection(AbstractRedisClient.java:235)
	at io.lettuce.core.RedisClient.connect(RedisClient.java:204)
	at org.springframework.data.redis.connection.lettuce.StandaloneConnectionProvider.lambda$getConnection$1(StandaloneConnectionProvider.java:113)
	at java.util.Optional.orElseGet(Optional.java:267)
	at org.springframework.data.redis.connection.lettuce.StandaloneConnectionProvider.getConnection(StandaloneConnectionProvider.java:113)
	at org.springframework.data.redis.connection.lettuce.LettucePoolingConnectionProvider.lambda$null$0(LettucePoolingConnectionProvider.java:74)
	at io.lettuce.core.support.ConnectionPoolSupport$RedisPooledObjectFactory.create(ConnectionPoolSupport.java:209)
	at io.lettuce.core.support.ConnectionPoolSupport$RedisPooledObjectFactory.create(ConnectionPoolSupport.java:199)
	at org.apache.commons.pool2.BasePooledObjectFactory.makeObject(BasePooledObjectFactory.java:58)
	at org.apache.commons.pool2.impl.GenericObjectPool.create(GenericObjectPool.java:874)
	at org.apache.commons.pool2.impl.GenericObjectPool.borrowObject(GenericObjectPool.java:417)
	at org.apache.commons.pool2.impl.GenericObjectPool.borrowObject(GenericObjectPool.java:346)
	at io.lettuce.core.support.ConnectionPoolSupport$1.borrowObject(ConnectionPoolSupport.java:122)
	at io.lettuce.core.support.ConnectionPoolSupport$1.borrowObject(ConnectionPoolSupport.java:117)
	at org.springframework.data.redis.connection.lettuce.LettucePoolingConnectionProvider.getConnection(LettucePoolingConnectionProvider.java:80)
	... 28 common frames omitted
Caused by: io.netty.channel.AbstractChannel$AnnotatedConnectException: Connection refused: no further information: /127.0.0.1:6379
	at sun.nio.ch.SocketChannelImpl.checkConnect(Native Method)
	at sun.nio.ch.SocketChannelImpl.finishConnect(SocketChannelImpl.java:717)
	at io.netty.channel.socket.nio.NioSocketChannel.doFinishConnect(NioSocketChannel.java:327)
	at io.netty.channel.nio.AbstractNioChannel$AbstractNioUnsafe.finishConnect(AbstractNioChannel.java:340)
	at io.netty.channel.nio.NioEventLoop.processSelectedKey(NioEventLoop.java:670)
	at io.netty.channel.nio.NioEventLoop.processSelectedKeysOptimized(NioEventLoop.java:617)
	at io.netty.channel.nio.NioEventLoop.processSelectedKeys(NioEventLoop.java:534)
	at io.netty.channel.nio.NioEventLoop.run(NioEventLoop.java:496)
	at io.netty.util.concurrent.SingleThreadEventExecutor$5.run(SingleThreadEventExecutor.java:906)
	at io.netty.util.internal.ThreadExecutorMap$2.run(ThreadExecutorMap.java:74)
	at io.netty.util.concurrent.FastThreadLocalRunnable.run(FastThreadLocalRunnable.java:30)
	at java.lang.Thread.run(Thread.java:748)
Caused by: java.net.ConnectException: Connection refused: no further information
	... 12 common frames omitted

2020-06-19 21:18:11.389  INFO 10040 --- [restartedMain] com.alvis.exam.ExamApplication           : Starting ExamApplication on wufeng with PID 10040 (F:\exam\exam\target\classes started by wufeng in F:\exam\exam)
2020-06-19 21:18:11.397  INFO 10040 --- [restartedMain] com.alvis.exam.ExamApplication           : The following profiles are active: dev
2020-06-19 21:18:11.487  INFO 10040 --- [restartedMain] .e.DevToolsPropertyDefaultsPostProcessor : Devtools property defaults active! Set 'spring.devtools.add-properties' to 'false' to disable
2020-06-19 21:18:11.487  INFO 10040 --- [restartedMain] .e.DevToolsPropertyDefaultsPostProcessor : For additional web related logging consider setting the 'logging.level.web' property to 'DEBUG'
2020-06-19 21:18:12.881  INFO 10040 --- [restartedMain] .s.d.r.c.RepositoryConfigurationDelegate : Multiple Spring Data modules found, entering strict repository configuration mode!
2020-06-19 21:18:12.885  INFO 10040 --- [restartedMain] .s.d.r.c.RepositoryConfigurationDelegate : Bootstrapping Spring Data repositories in DEFAULT mode.
2020-06-19 21:18:13.461  INFO 10040 --- [restartedMain] .s.d.r.c.RepositoryConfigurationDelegate : Finished Spring Data repository scanning in 549ms. Found 0 repository interfaces.
2020-06-19 21:18:14.331  INFO 10040 --- [restartedMain] trationDelegate$BeanPostProcessorChecker : Bean 'cacheConfig' of type [com.alvis.exam.configuration.spring.cache.CacheConfig$$EnhancerBySpringCGLIB$$2447ddbc] is not eligible for getting processed by all BeanPostProcessors (for example: not eligible for auto-proxying)
2020-06-19 21:18:14.348  INFO 10040 --- [restartedMain] trationDelegate$BeanPostProcessorChecker : Bean 'org.springframework.transaction.annotation.ProxyTransactionManagementConfiguration' of type [org.springframework.transaction.annotation.ProxyTransactionManagementConfiguration$$EnhancerBySpringCGLIB$$bc2428ff] is not eligible for getting processed by all BeanPostProcessors (for example: not eligible for auto-proxying)
2020-06-19 21:18:14.799  WARN 10040 --- [restartedMain] io.undertow.websockets.jsr               : UT026010: Buffer pool was not set on WebSocketDeploymentInfo, the default pool will be used
2020-06-19 21:18:14.835  INFO 10040 --- [restartedMain] io.undertow.servlet                      : Initializing Spring embedded WebApplicationContext
2020-06-19 21:18:14.836  INFO 10040 --- [restartedMain] o.s.web.context.ContextLoader            : Root WebApplicationContext: initialization completed in 3348 ms
2020-06-19 21:18:16.458  INFO 10040 --- [restartedMain] o.s.s.web.DefaultSecurityFilterChain     : Creating filter chain: any request, [org.springframework.security.web.context.request.async.WebAsyncManagerIntegrationFilter@23b828b3, org.springframework.security.web.context.SecurityContextPersistenceFilter@19462d21, org.springframework.security.web.header.HeaderWriterFilter@3432ff8, org.springframework.web.filter.CorsFilter@44ae4f3, org.springframework.security.web.authentication.logout.LogoutFilter@7e66d76d, com.alvis.exam.configuration.spring.security.RestLoginAuthenticationFilter@35f0c89a, org.springframework.security.web.authentication.UsernamePasswordAuthenticationFilter@9883950, org.springframework.security.web.savedrequest.RequestCacheAwareFilter@54cbb7cf, org.springframework.security.web.servletapi.SecurityContextHolderAwareRequestFilter@1ea57c9, org.springframework.security.web.authentication.rememberme.RememberMeAuthenticationFilter@1b2b1a0b, org.springframework.security.web.authentication.AnonymousAuthenticationFilter@ddc5612, org.springframework.security.web.session.SessionManagementFilter@1021d242, org.springframework.security.web.access.ExceptionTranslationFilter@15ad9244, org.springframework.security.web.access.intercept.FilterSecurityInterceptor@3bdbc61e]
2020-06-19 21:18:17.008  INFO 10040 --- [restartedMain] io.lettuce.core.EpollProvider            : Starting without optional epoll library
2020-06-19 21:18:17.010  INFO 10040 --- [restartedMain] io.lettuce.core.KqueueProvider           : Starting without optional kqueue library
2020-06-19 21:18:18.322  INFO 10040 --- [restartedMain] o.s.b.d.a.OptionalLiveReloadServer       : LiveReload server is running on port 35729
2020-06-19 21:18:18.938  INFO 10040 --- [restartedMain] s.a.ScheduledAnnotationBeanPostProcessor : No TaskScheduler/ScheduledExecutorService bean found for scheduled processing
2020-06-19 21:18:18.980  INFO 10040 --- [restartedMain] org.xnio                                 : XNIO version 3.3.8.Final
2020-06-19 21:18:18.994  INFO 10040 --- [restartedMain] org.xnio.nio                             : XNIO NIO Implementation Version 3.3.8.Final
2020-06-19 21:18:19.059  INFO 10040 --- [restartedMain] o.s.b.w.e.u.UndertowServletWebServer     : Undertow started on port(s) 8000 (http) with context path ''
2020-06-19 21:18:19.063  INFO 10040 --- [restartedMain] com.alvis.exam.ExamApplication           : Started ExamApplication in 8.684 seconds (JVM running for 10.388)
2020-06-19 21:18:43.382  INFO 10040 --- [XNIO-1 task-1] io.undertow.servlet                      : Initializing Spring DispatcherServlet 'dispatcherServlet'
2020-06-19 21:18:43.383  INFO 10040 --- [XNIO-1 task-1] o.s.web.servlet.DispatcherServlet        : Initializing Servlet 'dispatcherServlet'
2020-06-19 21:18:43.403  INFO 10040 --- [XNIO-1 task-1] o.s.web.servlet.DispatcherServlet        : Completed initialization in 20 ms
2020-06-19 21:18:43.510  INFO 10040 --- [XNIO-1 task-1] com.zaxxer.hikari.HikariDataSource       : HikariPool-1 - Starting...
2020-06-19 21:18:43.724  INFO 10040 --- [XNIO-1 task-1] com.zaxxer.hikari.HikariDataSource       : HikariPool-1 - Start completed.
2020-06-19 21:18:43.734 DEBUG 10040 --- [XNIO-1 task-1] r.c.a.e.r.UserMapper.getUserByUserName   : ==>  Preparing: select id, user_uuid, user_name, password, real_name, age, sex, birth_day, user_level, phone, role, status, image_path, create_time, modify_time, last_active_time, deleted, wx_open_id from t_user where deleted=0 and user_name=? limit 1 
2020-06-19 21:18:43.770 DEBUG 10040 --- [XNIO-1 task-1] r.c.a.e.r.UserMapper.getUserByUserName   : ==> Parameters: sunxiao(String)
2020-06-19 21:18:43.802 DEBUG 10040 --- [XNIO-1 task-1] r.c.a.e.r.UserMapper.getUserByUserName   : <==      Total: 1
2020-06-19 21:18:44.779 DEBUG 10040 --- [XNIO-1 task-1] r.c.a.e.r.E.selectAllCount               : ==>  Preparing: SELECT count(*) from t_exam_paper where deleted=0 
2020-06-19 21:18:44.779 DEBUG 10040 --- [XNIO-1 task-1] r.c.a.e.r.E.selectAllCount               : ==> Parameters: 
2020-06-19 21:18:44.782 DEBUG 10040 --- [XNIO-1 task-1] r.c.a.e.r.E.selectAllCount               : <==      Total: 1
2020-06-19 21:18:44.784 DEBUG 10040 --- [XNIO-1 task-1] r.c.a.e.r.QuestionMapper.selectAllCount  : ==>  Preparing: SELECT count(*) from t_question where deleted=0 
2020-06-19 21:18:44.784 DEBUG 10040 --- [XNIO-1 task-1] r.c.a.e.r.QuestionMapper.selectAllCount  : ==> Parameters: 
2020-06-19 21:18:44.818 DEBUG 10040 --- [XNIO-1 task-1] r.c.a.e.r.QuestionMapper.selectAllCount  : <==      Total: 1
2020-06-19 21:18:44.819 DEBUG 10040 --- [XNIO-1 task-1] r.c.a.e.r.E.selectAllCount               : ==>  Preparing: SELECT count(*) from t_exam_paper_answer 
2020-06-19 21:18:44.820 DEBUG 10040 --- [XNIO-1 task-1] r.c.a.e.r.E.selectAllCount               : ==> Parameters: 
2020-06-19 21:18:44.821 DEBUG 10040 --- [XNIO-1 task-1] r.c.a.e.r.E.selectAllCount               : <==      Total: 1
2020-06-19 21:18:44.822 DEBUG 10040 --- [XNIO-1 task-1] r.c.a.e.r.E.selectAllCount               : ==>  Preparing: SELECT count(*) from t_exam_paper_question_customer_answer 
2020-06-19 21:18:44.822 DEBUG 10040 --- [XNIO-1 task-1] r.c.a.e.r.E.selectAllCount               : ==> Parameters: 
2020-06-19 21:18:44.823 DEBUG 10040 --- [XNIO-1 task-1] r.c.a.e.r.E.selectAllCount               : <==      Total: 1
2020-06-19 21:18:44.827 DEBUG 10040 --- [XNIO-1 task-1] r.c.a.e.r.U.selectCountByDate            : ==>  Preparing: SELECT create_time as name,COUNT(create_time) as value from ( SELECT DATE_FORMAT(create_time,'%Y-%m-%d') as create_time from t_user_event_log WHERE create_time between ? and ? ) a GROUP BY create_time 
2020-06-19 21:18:44.829 DEBUG 10040 --- [XNIO-1 task-1] r.c.a.e.r.U.selectCountByDate            : ==> Parameters: 2020-06-01 00:00:00.0(Timestamp), 2020-06-30 23:59:59.0(Timestamp)
2020-06-19 21:18:44.835 DEBUG 10040 --- [XNIO-1 task-1] r.c.a.e.r.U.selectCountByDate            : <==      Total: 6
2020-06-19 21:18:44.840 DEBUG 10040 --- [XNIO-1 task-1] r.c.a.e.r.E.selectCountByDate            : ==>  Preparing: SELECT create_time as name,COUNT(create_time) as value from ( SELECT DATE_FORMAT(create_time,'%Y-%m-%d') as create_time from t_exam_paper_question_customer_answer WHERE create_time between ? and ? ) a GROUP BY create_time 
2020-06-19 21:18:44.841 DEBUG 10040 --- [XNIO-1 task-1] r.c.a.e.r.E.selectCountByDate            : ==> Parameters: 2020-06-01 00:00:00.0(Timestamp), 2020-06-30 23:59:59.0(Timestamp)
2020-06-19 21:18:44.843 DEBUG 10040 --- [XNIO-1 task-1] r.c.a.e.r.E.selectCountByDate            : <==      Total: 1
2020-06-19 21:18:49.721 DEBUG 10040 --- [XNIO-1 task-2] r.c.a.e.r.SubjectMapper.allSubject       : ==>  Preparing: select id, name, level, level_name, item_order, deleted from t_subject 
2020-06-19 21:18:49.721 DEBUG 10040 --- [XNIO-1 task-2] r.c.a.e.r.SubjectMapper.allSubject       : ==> Parameters: 
2020-06-19 21:18:49.724 DEBUG 10040 --- [XNIO-1 task-2] r.c.a.e.r.SubjectMapper.allSubject       : <==      Total: 10
2020-06-19 21:18:50.007 DEBUG 10040 --- [XNIO-1 task-3] r.c.a.e.r.QuestionMapper.page_COUNT      : ==>  Preparing: SELECT count(0) FROM t_question WHERE deleted = 0 
2020-06-19 21:18:50.007 DEBUG 10040 --- [XNIO-1 task-3] r.c.a.e.r.QuestionMapper.page_COUNT      : ==> Parameters: 
2020-06-19 21:18:50.031 DEBUG 10040 --- [XNIO-1 task-3] r.c.a.e.r.QuestionMapper.page_COUNT      : <==      Total: 1
2020-06-19 21:18:53.172 DEBUG 10040 --- [XNIO-1 task-4] r.c.a.e.r.SubjectMapper.allSubject       : ==>  Preparing: select id, name, level, level_name, item_order, deleted from t_subject 
2020-06-19 21:18:53.173 DEBUG 10040 --- [XNIO-1 task-4] r.c.a.e.r.SubjectMapper.allSubject       : ==> Parameters: 
2020-06-19 21:18:53.178 DEBUG 10040 --- [XNIO-1 task-4] r.c.a.e.r.SubjectMapper.allSubject       : <==      Total: 10
2020-06-19 21:18:53.180 DEBUG 10040 --- [XNIO-1 task-5] r.c.a.e.r.ExamPaperMapper.page_COUNT     : ==>  Preparing: SELECT count(0) FROM t_exam_paper WHERE deleted = 0 
2020-06-19 21:18:53.180 DEBUG 10040 --- [XNIO-1 task-5] r.c.a.e.r.ExamPaperMapper.page_COUNT     : ==> Parameters: 
2020-06-19 21:18:53.182 DEBUG 10040 --- [XNIO-1 task-5] r.c.a.e.r.ExamPaperMapper.page_COUNT     : <==      Total: 1
2020-06-19 21:20:35.137 DEBUG 10040 --- [XNIO-1 task-6] r.c.a.e.r.SubjectMapper.allSubject       : ==>  Preparing: select id, name, level, level_name, item_order, deleted from t_subject 
2020-06-19 21:20:35.137 DEBUG 10040 --- [XNIO-1 task-6] r.c.a.e.r.SubjectMapper.allSubject       : ==> Parameters: 
2020-06-19 21:20:35.140 DEBUG 10040 --- [XNIO-1 task-7] r.c.a.e.r.QuestionMapper.page_COUNT      : ==>  Preparing: SELECT count(0) FROM t_question WHERE deleted = 0 
2020-06-19 21:20:35.140 DEBUG 10040 --- [XNIO-1 task-7] r.c.a.e.r.QuestionMapper.page_COUNT      : ==> Parameters: 
2020-06-19 21:20:35.141 DEBUG 10040 --- [XNIO-1 task-6] r.c.a.e.r.SubjectMapper.allSubject       : <==      Total: 10
2020-06-19 21:20:35.162 DEBUG 10040 --- [XNIO-1 task-7] r.c.a.e.r.QuestionMapper.page_COUNT      : <==      Total: 1
2020-06-19 21:20:37.654 DEBUG 10040 --- [XNIO-1 task-8] r.c.a.e.r.E.selectAllCount               : ==>  Preparing: SELECT count(*) from t_exam_paper where deleted=0 
2020-06-19 21:20:37.654 DEBUG 10040 --- [XNIO-1 task-8] r.c.a.e.r.E.selectAllCount               : ==> Parameters: 
2020-06-19 21:20:37.656 DEBUG 10040 --- [XNIO-1 task-8] r.c.a.e.r.E.selectAllCount               : <==      Total: 1
2020-06-19 21:20:37.656 DEBUG 10040 --- [XNIO-1 task-8] r.c.a.e.r.QuestionMapper.selectAllCount  : ==>  Preparing: SELECT count(*) from t_question where deleted=0 
2020-06-19 21:20:37.657 DEBUG 10040 --- [XNIO-1 task-8] r.c.a.e.r.QuestionMapper.selectAllCount  : ==> Parameters: 
2020-06-19 21:20:37.677 DEBUG 10040 --- [XNIO-1 task-8] r.c.a.e.r.QuestionMapper.selectAllCount  : <==      Total: 1
2020-06-19 21:20:37.678 DEBUG 10040 --- [XNIO-1 task-8] r.c.a.e.r.E.selectAllCount               : ==>  Preparing: SELECT count(*) from t_exam_paper_answer 
2020-06-19 21:20:37.678 DEBUG 10040 --- [XNIO-1 task-8] r.c.a.e.r.E.selectAllCount               : ==> Parameters: 
2020-06-19 21:20:37.680 DEBUG 10040 --- [XNIO-1 task-8] r.c.a.e.r.E.selectAllCount               : <==      Total: 1
2020-06-19 21:20:37.681 DEBUG 10040 --- [XNIO-1 task-8] r.c.a.e.r.E.selectAllCount               : ==>  Preparing: SELECT count(*) from t_exam_paper_question_customer_answer 
2020-06-19 21:20:37.682 DEBUG 10040 --- [XNIO-1 task-8] r.c.a.e.r.E.selectAllCount               : ==> Parameters: 
2020-06-19 21:20:37.682 DEBUG 10040 --- [XNIO-1 task-8] r.c.a.e.r.E.selectAllCount               : <==      Total: 1
2020-06-19 21:20:37.684 DEBUG 10040 --- [XNIO-1 task-8] r.c.a.e.r.U.selectCountByDate            : ==>  Preparing: SELECT create_time as name,COUNT(create_time) as value from ( SELECT DATE_FORMAT(create_time,'%Y-%m-%d') as create_time from t_user_event_log WHERE create_time between ? and ? ) a GROUP BY create_time 
2020-06-19 21:20:37.684 DEBUG 10040 --- [XNIO-1 task-8] r.c.a.e.r.U.selectCountByDate            : ==> Parameters: 2020-06-01 00:00:00.0(Timestamp), 2020-06-30 23:59:59.0(Timestamp)
2020-06-19 21:20:37.686 DEBUG 10040 --- [XNIO-1 task-8] r.c.a.e.r.U.selectCountByDate            : <==      Total: 6
2020-06-19 21:20:37.688 DEBUG 10040 --- [XNIO-1 task-8] r.c.a.e.r.E.selectCountByDate            : ==>  Preparing: SELECT create_time as name,COUNT(create_time) as value from ( SELECT DATE_FORMAT(create_time,'%Y-%m-%d') as create_time from t_exam_paper_question_customer_answer WHERE create_time between ? and ? ) a GROUP BY create_time 
2020-06-19 21:20:37.688 DEBUG 10040 --- [XNIO-1 task-8] r.c.a.e.r.E.selectCountByDate            : ==> Parameters: 2020-06-01 00:00:00.0(Timestamp), 2020-06-30 23:59:59.0(Timestamp)
2020-06-19 21:20:37.689 DEBUG 10040 --- [XNIO-1 task-8] r.c.a.e.r.E.selectCountByDate            : <==      Total: 1
2020-06-19 21:20:38.632 DEBUG 10040 --- [XNIO-1 task-9] r.c.a.e.r.SubjectMapper.allSubject       : ==>  Preparing: select id, name, level, level_name, item_order, deleted from t_subject 
2020-06-19 21:20:38.632 DEBUG 10040 --- [XNIO-1 task-9] r.c.a.e.r.SubjectMapper.allSubject       : ==> Parameters: 
2020-06-19 21:20:38.636 DEBUG 10040 --- [XNIO-1 task-10] r.c.a.e.r.QuestionMapper.page_COUNT      : ==>  Preparing: SELECT count(0) FROM t_question WHERE deleted = 0 
2020-06-19 21:20:38.636 DEBUG 10040 --- [XNIO-1 task-10] r.c.a.e.r.QuestionMapper.page_COUNT      : ==> Parameters: 
2020-06-19 21:20:38.636 DEBUG 10040 --- [XNIO-1 task-9] r.c.a.e.r.SubjectMapper.allSubject       : <==      Total: 10
2020-06-19 21:20:38.660 DEBUG 10040 --- [XNIO-1 task-10] r.c.a.e.r.QuestionMapper.page_COUNT      : <==      Total: 1
2020-06-19 21:20:48.093 DEBUG 10040 --- [XNIO-1 task-11] r.c.a.e.r.E.selectAllCount               : ==>  Preparing: SELECT count(*) from t_exam_paper where deleted=0 
2020-06-19 21:20:48.093 DEBUG 10040 --- [XNIO-1 task-11] r.c.a.e.r.E.selectAllCount               : ==> Parameters: 
2020-06-19 21:20:48.094 DEBUG 10040 --- [XNIO-1 task-11] r.c.a.e.r.E.selectAllCount               : <==      Total: 1
2020-06-19 21:20:48.095 DEBUG 10040 --- [XNIO-1 task-11] r.c.a.e.r.QuestionMapper.selectAllCount  : ==>  Preparing: SELECT count(*) from t_question where deleted=0 
2020-06-19 21:20:48.095 DEBUG 10040 --- [XNIO-1 task-11] r.c.a.e.r.QuestionMapper.selectAllCount  : ==> Parameters: 
2020-06-19 21:20:48.116 DEBUG 10040 --- [XNIO-1 task-11] r.c.a.e.r.QuestionMapper.selectAllCount  : <==      Total: 1
2020-06-19 21:20:48.117 DEBUG 10040 --- [XNIO-1 task-11] r.c.a.e.r.E.selectAllCount               : ==>  Preparing: SELECT count(*) from t_exam_paper_answer 
2020-06-19 21:20:48.117 DEBUG 10040 --- [XNIO-1 task-11] r.c.a.e.r.E.selectAllCount               : ==> Parameters: 
2020-06-19 21:20:48.118 DEBUG 10040 --- [XNIO-1 task-11] r.c.a.e.r.E.selectAllCount               : <==      Total: 1
2020-06-19 21:20:48.119 DEBUG 10040 --- [XNIO-1 task-11] r.c.a.e.r.E.selectAllCount               : ==>  Preparing: SELECT count(*) from t_exam_paper_question_customer_answer 
2020-06-19 21:20:48.119 DEBUG 10040 --- [XNIO-1 task-11] r.c.a.e.r.E.selectAllCount               : ==> Parameters: 
2020-06-19 21:20:48.120 DEBUG 10040 --- [XNIO-1 task-11] r.c.a.e.r.E.selectAllCount               : <==      Total: 1
2020-06-19 21:20:48.121 DEBUG 10040 --- [XNIO-1 task-11] r.c.a.e.r.U.selectCountByDate            : ==>  Preparing: SELECT create_time as name,COUNT(create_time) as value from ( SELECT DATE_FORMAT(create_time,'%Y-%m-%d') as create_time from t_user_event_log WHERE create_time between ? and ? ) a GROUP BY create_time 
2020-06-19 21:20:48.121 DEBUG 10040 --- [XNIO-1 task-11] r.c.a.e.r.U.selectCountByDate            : ==> Parameters: 2020-06-01 00:00:00.0(Timestamp), 2020-06-30 23:59:59.0(Timestamp)
2020-06-19 21:20:48.123 DEBUG 10040 --- [XNIO-1 task-11] r.c.a.e.r.U.selectCountByDate            : <==      Total: 6
2020-06-19 21:20:48.124 DEBUG 10040 --- [XNIO-1 task-11] r.c.a.e.r.E.selectCountByDate            : ==>  Preparing: SELECT create_time as name,COUNT(create_time) as value from ( SELECT DATE_FORMAT(create_time,'%Y-%m-%d') as create_time from t_exam_paper_question_customer_answer WHERE create_time between ? and ? ) a GROUP BY create_time 
2020-06-19 21:20:48.125 DEBUG 10040 --- [XNIO-1 task-11] r.c.a.e.r.E.selectCountByDate            : ==> Parameters: 2020-06-01 00:00:00.0(Timestamp), 2020-06-30 23:59:59.0(Timestamp)
2020-06-19 21:20:48.126 DEBUG 10040 --- [XNIO-1 task-11] r.c.a.e.r.E.selectCountByDate            : <==      Total: 1
2020-06-19 21:20:52.909 DEBUG 10040 --- [XNIO-1 task-12] r.c.a.e.r.SubjectMapper.allSubject       : ==>  Preparing: select id, name, level, level_name, item_order, deleted from t_subject 
2020-06-19 21:20:52.909 DEBUG 10040 --- [XNIO-1 task-12] r.c.a.e.r.SubjectMapper.allSubject       : ==> Parameters: 
2020-06-19 21:20:52.910 DEBUG 10040 --- [XNIO-1 task-13] r.c.a.e.r.QuestionMapper.page_COUNT      : ==>  Preparing: SELECT count(0) FROM t_question WHERE deleted = 0 
2020-06-19 21:20:52.911 DEBUG 10040 --- [XNIO-1 task-13] r.c.a.e.r.QuestionMapper.page_COUNT      : ==> Parameters: 
2020-06-19 21:20:52.912 DEBUG 10040 --- [XNIO-1 task-12] r.c.a.e.r.SubjectMapper.allSubject       : <==      Total: 10
2020-06-19 21:20:52.948 DEBUG 10040 --- [XNIO-1 task-13] r.c.a.e.r.QuestionMapper.page_COUNT      : <==      Total: 1
2020-06-19 21:21:14.521 DEBUG 10040 --- [XNIO-1 task-14] r.c.a.e.r.QuestionMapper.page_COUNT      : ==>  Preparing: SELECT count(0) FROM t_question WHERE deleted = 0 
2020-06-19 21:21:14.521 DEBUG 10040 --- [XNIO-1 task-14] r.c.a.e.r.QuestionMapper.page_COUNT      : ==> Parameters: 
2020-06-19 21:21:14.543 DEBUG 10040 --- [XNIO-1 task-14] r.c.a.e.r.QuestionMapper.page_COUNT      : <==      Total: 1
2020-06-19 21:22:14.529 DEBUG 10040 --- [XNIO-1 task-15] r.c.a.e.r.E.selectAllCount               : ==>  Preparing: SELECT count(*) from t_exam_paper where deleted=0 
2020-06-19 21:22:14.529 DEBUG 10040 --- [XNIO-1 task-15] r.c.a.e.r.E.selectAllCount               : ==> Parameters: 
2020-06-19 21:22:14.530 DEBUG 10040 --- [XNIO-1 task-15] r.c.a.e.r.E.selectAllCount               : <==      Total: 1
2020-06-19 21:22:14.531 DEBUG 10040 --- [XNIO-1 task-15] r.c.a.e.r.QuestionMapper.selectAllCount  : ==>  Preparing: SELECT count(*) from t_question where deleted=0 
2020-06-19 21:22:14.531 DEBUG 10040 --- [XNIO-1 task-15] r.c.a.e.r.QuestionMapper.selectAllCount  : ==> Parameters: 
2020-06-19 21:22:14.565 DEBUG 10040 --- [XNIO-1 task-15] r.c.a.e.r.QuestionMapper.selectAllCount  : <==      Total: 1
2020-06-19 21:22:14.566 DEBUG 10040 --- [XNIO-1 task-15] r.c.a.e.r.E.selectAllCount               : ==>  Preparing: SELECT count(*) from t_exam_paper_answer 
2020-06-19 21:22:14.567 DEBUG 10040 --- [XNIO-1 task-15] r.c.a.e.r.E.selectAllCount               : ==> Parameters: 
2020-06-19 21:22:14.567 DEBUG 10040 --- [XNIO-1 task-15] r.c.a.e.r.E.selectAllCount               : <==      Total: 1
2020-06-19 21:22:14.568 DEBUG 10040 --- [XNIO-1 task-15] r.c.a.e.r.E.selectAllCount               : ==>  Preparing: SELECT count(*) from t_exam_paper_question_customer_answer 
2020-06-19 21:22:14.568 DEBUG 10040 --- [XNIO-1 task-15] r.c.a.e.r.E.selectAllCount               : ==> Parameters: 
2020-06-19 21:22:14.569 DEBUG 10040 --- [XNIO-1 task-15] r.c.a.e.r.E.selectAllCount               : <==      Total: 1
2020-06-19 21:22:14.569 DEBUG 10040 --- [XNIO-1 task-15] r.c.a.e.r.U.selectCountByDate            : ==>  Preparing: SELECT create_time as name,COUNT(create_time) as value from ( SELECT DATE_FORMAT(create_time,'%Y-%m-%d') as create_time from t_user_event_log WHERE create_time between ? and ? ) a GROUP BY create_time 
2020-06-19 21:22:14.570 DEBUG 10040 --- [XNIO-1 task-15] r.c.a.e.r.U.selectCountByDate            : ==> Parameters: 2020-06-01 00:00:00.0(Timestamp), 2020-06-30 23:59:59.0(Timestamp)
2020-06-19 21:22:14.571 DEBUG 10040 --- [XNIO-1 task-15] r.c.a.e.r.U.selectCountByDate            : <==      Total: 6
2020-06-19 21:22:14.574 DEBUG 10040 --- [XNIO-1 task-15] r.c.a.e.r.E.selectCountByDate            : ==>  Preparing: SELECT create_time as name,COUNT(create_time) as value from ( SELECT DATE_FORMAT(create_time,'%Y-%m-%d') as create_time from t_exam_paper_question_customer_answer WHERE create_time between ? and ? ) a GROUP BY create_time 
2020-06-19 21:22:14.575 DEBUG 10040 --- [XNIO-1 task-15] r.c.a.e.r.E.selectCountByDate            : ==> Parameters: 2020-06-01 00:00:00.0(Timestamp), 2020-06-30 23:59:59.0(Timestamp)
2020-06-19 21:22:14.577 DEBUG 10040 --- [XNIO-1 task-15] r.c.a.e.r.E.selectCountByDate            : <==      Total: 1
2020-06-19 21:22:15.053 DEBUG 10040 --- [XNIO-1 task-16] r.c.a.e.r.SubjectMapper.allSubject       : ==>  Preparing: select id, name, level, level_name, item_order, deleted from t_subject 
2020-06-19 21:22:15.054 DEBUG 10040 --- [XNIO-1 task-16] r.c.a.e.r.SubjectMapper.allSubject       : ==> Parameters: 
2020-06-19 21:22:15.057 DEBUG 10040 --- [XNIO-1 task-16] r.c.a.e.r.SubjectMapper.allSubject       : <==      Total: 10
2020-06-19 21:22:15.360 DEBUG 10040 --- [XNIO-1 task-17] r.c.a.e.r.QuestionMapper.page_COUNT      : ==>  Preparing: SELECT count(0) FROM t_question WHERE deleted = 0 
2020-06-19 21:22:15.360 DEBUG 10040 --- [XNIO-1 task-17] r.c.a.e.r.QuestionMapper.page_COUNT      : ==> Parameters: 
2020-06-19 21:22:15.397 DEBUG 10040 --- [XNIO-1 task-17] r.c.a.e.r.QuestionMapper.page_COUNT      : <==      Total: 1
2020-06-19 21:22:15.407 DEBUG 10040 --- [XNIO-1 task-17] r.c.a.e.repository.QuestionMapper.page   : ==>  Preparing: SELECT id, question_type, subject_id, paper_id, score, grade_level, difficult, correct, info_text_content_id, create_user, status, create_time, deleted FROM t_question WHERE deleted = 0 order by id desc LIMIT ? 
2020-06-19 21:22:15.407 DEBUG 10040 --- [XNIO-1 task-17] r.c.a.e.repository.QuestionMapper.page   : ==> Parameters: 10(Integer)
2020-06-19 21:22:15.410 DEBUG 10040 --- [XNIO-1 task-17] r.c.a.e.repository.QuestionMapper.page   : <==      Total: 10
2020-06-19 21:22:15.461 ERROR 10040 --- [XNIO-1 task-17] c.a.e.c.s.exception.ExceptionHandle      : null

java.lang.NullPointerException: null
	at com.alvis.exam.utility.ExamUtil.scoreToVM(ExamUtil.java:13)
	at com.alvis.exam.controller.admin.QuestionController.lambda$pageList$0(QuestionController.java:39)
	at java.util.stream.ReferencePipeline$3$1.accept(ReferencePipeline.java:193)
	at java.util.ArrayList$ArrayListSpliterator.forEachRemaining(ArrayList.java:1382)
	at java.util.stream.AbstractPipeline.copyInto(AbstractPipeline.java:482)
	at java.util.stream.AbstractPipeline.wrapAndCopyInto(AbstractPipeline.java:472)
	at java.util.stream.ReduceOps$ReduceOp.evaluateSequential(ReduceOps.java:708)
	at java.util.stream.AbstractPipeline.evaluate(AbstractPipeline.java:234)
	at java.util.stream.ReferencePipeline.collect(ReferencePipeline.java:499)
	at com.alvis.exam.utility.PageInfoHelper.copyMap(PageInfoHelper.java:22)
	at com.alvis.exam.controller.admin.QuestionController.pageList(QuestionController.java:36)
	at sun.reflect.NativeMethodAccessorImpl.invoke0(Native Method)
	at sun.reflect.NativeMethodAccessorImpl.invoke(NativeMethodAccessorImpl.java:62)
	at sun.reflect.DelegatingMethodAccessorImpl.invoke(DelegatingMethodAccessorImpl.java:43)
	at java.lang.reflect.Method.invoke(Method.java:498)
	at org.springframework.web.method.support.InvocableHandlerMethod.doInvoke(InvocableHandlerMethod.java:190)
	at org.springframework.web.method.support.InvocableHandlerMethod.invokeForRequest(InvocableHandlerMethod.java:138)
	at org.springframework.web.servlet.mvc.method.annotation.ServletInvocableHandlerMethod.invokeAndHandle(ServletInvocableHandlerMethod.java:104)
	at org.springframework.web.servlet.mvc.method.annotation.RequestMappingHandlerAdapter.invokeHandlerMethod(RequestMappingHandlerAdapter.java:892)
	at org.springframework.web.servlet.mvc.method.annotation.RequestMappingHandlerAdapter.handleInternal(RequestMappingHandlerAdapter.java:797)
	at org.springframework.web.servlet.mvc.method.AbstractHandlerMethodAdapter.handle(AbstractHandlerMethodAdapter.java:87)
	at org.springframework.web.servlet.DispatcherServlet.doDispatch(DispatcherServlet.java:1039)
	at org.springframework.web.servlet.DispatcherServlet.doService(DispatcherServlet.java:942)
	at org.springframework.web.servlet.FrameworkServlet.processRequest(FrameworkServlet.java:1005)
	at org.springframework.web.servlet.FrameworkServlet.doPost(FrameworkServlet.java:908)
	at javax.servlet.http.HttpServlet.service(HttpServlet.java:665)
	at org.springframework.web.servlet.FrameworkServlet.service(FrameworkServlet.java:882)
	at javax.servlet.http.HttpServlet.service(HttpServlet.java:750)
	at io.undertow.servlet.handlers.ServletHandler.handleRequest(ServletHandler.java:74)
	at io.undertow.servlet.handlers.FilterHandler$FilterChainImpl.doFilter(FilterHandler.java:129)
	at org.springframework.security.web.authentication.AbstractAuthenticationProcessingFilter.doFilter(AbstractAuthenticationProcessingFilter.java:200)
	at io.undertow.servlet.core.ManagedFilter.doFilter(ManagedFilter.java:61)
	at io.undertow.servlet.handlers.FilterHandler$FilterChainImpl.doFilter(FilterHandler.java:131)
	at org.springframework.security.web.FilterChainProxy$VirtualFilterChain.doFilter(FilterChainProxy.java:320)
	at org.springframework.security.web.access.intercept.FilterSecurityInterceptor.invoke(FilterSecurityInterceptor.java:127)
	at org.springframework.security.web.access.intercept.FilterSecurityInterceptor.doFilter(FilterSecurityInterceptor.java:91)
	at org.springframework.security.web.FilterChainProxy$VirtualFilterChain.doFilter(FilterChainProxy.java:334)
	at org.springframework.security.web.access.ExceptionTranslationFilter.doFilter(ExceptionTranslationFilter.java:119)
	at org.springframework.security.web.FilterChainProxy$VirtualFilterChain.doFilter(FilterChainProxy.java:334)
	at org.springframework.security.web.session.SessionManagementFilter.doFilter(SessionManagementFilter.java:137)
	at org.springframework.security.web.FilterChainProxy$VirtualFilterChain.doFilter(FilterChainProxy.java:334)
	at org.springframework.security.web.authentication.AnonymousAuthenticationFilter.doFilter(AnonymousAuthenticationFilter.java:111)
	at org.springframework.security.web.FilterChainProxy$VirtualFilterChain.doFilter(FilterChainProxy.java:334)
	at org.springframework.security.web.authentication.rememberme.RememberMeAuthenticationFilter.doFilter(RememberMeAuthenticationFilter.java:158)
	at org.springframework.security.web.FilterChainProxy$VirtualFilterChain.doFilter(FilterChainProxy.java:334)
	at org.springframework.security.web.servletapi.SecurityContextHolderAwareRequestFilter.doFilter(SecurityContextHolderAwareRequestFilter.java:170)
	at org.springframework.security.web.FilterChainProxy$VirtualFilterChain.doFilter(FilterChainProxy.java:334)
	at org.springframework.security.web.savedrequest.RequestCacheAwareFilter.doFilter(RequestCacheAwareFilter.java:63)
	at org.springframework.security.web.FilterChainProxy$VirtualFilterChain.doFilter(FilterChainProxy.java:334)
	at org.springframework.security.web.authentication.AbstractAuthenticationProcessingFilter.doFilter(AbstractAuthenticationProcessingFilter.java:200)
	at org.springframework.security.web.FilterChainProxy$VirtualFilterChain.doFilter(FilterChainProxy.java:334)
	at org.springframework.security.web.authentication.AbstractAuthenticationProcessingFilter.doFilter(AbstractAuthenticationProcessingFilter.java:200)
	at org.springframework.security.web.FilterChainProxy$VirtualFilterChain.doFilter(FilterChainProxy.java:334)
	at org.springframework.security.web.authentication.logout.LogoutFilter.doFilter(LogoutFilter.java:116)
	at org.springframework.security.web.FilterChainProxy$VirtualFilterChain.doFilter(FilterChainProxy.java:334)
	at org.springframework.web.filter.CorsFilter.doFilterInternal(CorsFilter.java:96)
	at org.springframework.web.filter.OncePerRequestFilter.doFilter(OncePerRequestFilter.java:109)
	at org.springframework.security.web.FilterChainProxy$VirtualFilterChain.doFilter(FilterChainProxy.java:334)
	at org.springframework.security.web.header.HeaderWriterFilter.doFilterInternal(HeaderWriterFilter.java:74)
	at org.springframework.web.filter.OncePerRequestFilter.doFilter(OncePerRequestFilter.java:109)
	at org.springframework.security.web.FilterChainProxy$VirtualFilterChain.doFilter(FilterChainProxy.java:334)
	at org.springframework.security.web.context.SecurityContextPersistenceFilter.doFilter(SecurityContextPersistenceFilter.java:105)
	at org.springframework.security.web.FilterChainProxy$VirtualFilterChain.doFilter(FilterChainProxy.java:334)
	at org.springframework.security.web.context.request.async.WebAsyncManagerIntegrationFilter.doFilterInternal(WebAsyncManagerIntegrationFilter.java:56)
	at org.springframework.web.filter.OncePerRequestFilter.doFilter(OncePerRequestFilter.java:109)
	at org.springframework.security.web.FilterChainProxy$VirtualFilterChain.doFilter(FilterChainProxy.java:334)
	at org.springframework.security.web.FilterChainProxy.doFilterInternal(FilterChainProxy.java:215)
	at org.springframework.security.web.FilterChainProxy.doFilter(FilterChainProxy.java:178)
	at org.springframework.web.filter.DelegatingFilterProxy.invokeDelegate(DelegatingFilterProxy.java:357)
	at org.springframework.web.filter.DelegatingFilterProxy.doFilter(DelegatingFilterProxy.java:270)
	at io.undertow.servlet.core.ManagedFilter.doFilter(ManagedFilter.java:61)
	at io.undertow.servlet.handlers.FilterHandler$FilterChainImpl.doFilter(FilterHandler.java:131)
	at org.springframework.session.web.http.SessionRepositoryFilter.doFilterInternal(SessionRepositoryFilter.java:151)
	at org.springframework.session.web.http.OncePerRequestFilter.doFilter(OncePerRequestFilter.java:85)
	at io.undertow.servlet.core.ManagedFilter.doFilter(ManagedFilter.java:61)
	at io.undertow.servlet.handlers.FilterHandler$FilterChainImpl.doFilter(FilterHandler.java:131)
	at org.springframework.web.filter.CharacterEncodingFilter.doFilterInternal(CharacterEncodingFilter.java:200)
	at org.springframework.web.filter.OncePerRequestFilter.doFilter(OncePerRequestFilter.java:109)
	at io.undertow.servlet.core.ManagedFilter.doFilter(ManagedFilter.java:61)
	at io.undertow.servlet.handlers.FilterHandler$FilterChainImpl.doFilter(FilterHandler.java:131)
	at io.undertow.servlet.handlers.FilterHandler.handleRequest(FilterHandler.java:84)
	at io.undertow.servlet.handlers.security.ServletSecurityRoleHandler.handleRequest(ServletSecurityRoleHandler.java:62)
	at io.undertow.servlet.handlers.ServletChain$1.handleRequest(ServletChain.java:68)
	at io.undertow.servlet.handlers.ServletDispatchingHandler.handleRequest(ServletDispatchingHandler.java:36)
	at io.undertow.servlet.handlers.security.SSLInformationAssociationHandler.handleRequest(SSLInformationAssociationHandler.java:132)
	at io.undertow.servlet.handlers.security.ServletAuthenticationCallHandler.handleRequest(ServletAuthenticationCallHandler.java:57)
	at io.undertow.server.handlers.PredicateHandler.handleRequest(PredicateHandler.java:43)
	at io.undertow.security.handlers.AbstractConfidentialityHandler.handleRequest(AbstractConfidentialityHandler.java:46)
	at io.undertow.servlet.handlers.security.ServletConfidentialityConstraintHandler.handleRequest(ServletConfidentialityConstraintHandler.java:64)
	at io.undertow.security.handlers.AuthenticationMechanismsHandler.handleRequest(AuthenticationMechanismsHandler.java:60)
	at io.undertow.servlet.handlers.security.CachedAuthenticatedSessionHandler.handleRequest(CachedAuthenticatedSessionHandler.java:77)
	at io.undertow.security.handlers.AbstractSecurityContextAssociationHandler.handleRequest(AbstractSecurityContextAssociationHandler.java:43)
	at io.undertow.server.handlers.PredicateHandler.handleRequest(PredicateHandler.java:43)
	at io.undertow.server.handlers.PredicateHandler.handleRequest(PredicateHandler.java:43)
	at io.undertow.servlet.handlers.SessionRestoringHandler.handleRequest(SessionRestoringHandler.java:119)
	at io.undertow.servlet.handlers.ServletInitialHandler.handleFirstRequest(ServletInitialHandler.java:292)
	at io.undertow.servlet.handlers.ServletInitialHandler.access$100(ServletInitialHandler.java:81)
	at io.undertow.servlet.handlers.ServletInitialHandler$2.call(ServletInitialHandler.java:138)
	at io.undertow.servlet.handlers.ServletInitialHandler$2.call(ServletInitialHandler.java:135)
	at io.undertow.servlet.core.ServletRequestContextThreadSetupAction$1.call(ServletRequestContextThreadSetupAction.java:48)
	at io.undertow.servlet.core.ContextClassLoaderSetupAction$1.call(ContextClassLoaderSetupAction.java:43)
	at io.undertow.servlet.handlers.ServletInitialHandler.dispatchRequest(ServletInitialHandler.java:272)
	at io.undertow.servlet.handlers.ServletInitialHandler.access$000(ServletInitialHandler.java:81)
	at io.undertow.servlet.handlers.ServletInitialHandler$1.handleRequest(ServletInitialHandler.java:104)
	at io.undertow.server.Connectors.executeRootHandler(Connectors.java:364)
	at io.undertow.server.HttpServerExchange$1.run(HttpServerExchange.java:830)
	at java.util.concurrent.ThreadPoolExecutor.runWorker(ThreadPoolExecutor.java:1149)
	at java.util.concurrent.ThreadPoolExecutor$Worker.run(ThreadPoolExecutor.java:624)
	at java.lang.Thread.run(Thread.java:748)

2020-06-19 21:22:23.683 DEBUG 10040 --- [XNIO-1 task-18] r.c.a.e.r.E.selectAllCount               : ==>  Preparing: SELECT count(*) from t_exam_paper where deleted=0 
2020-06-19 21:22:23.684 DEBUG 10040 --- [XNIO-1 task-18] r.c.a.e.r.E.selectAllCount               : ==> Parameters: 
2020-06-19 21:22:23.685 DEBUG 10040 --- [XNIO-1 task-18] r.c.a.e.r.E.selectAllCount               : <==      Total: 1
2020-06-19 21:22:23.686 DEBUG 10040 --- [XNIO-1 task-18] r.c.a.e.r.QuestionMapper.selectAllCount  : ==>  Preparing: SELECT count(*) from t_question where deleted=0 
2020-06-19 21:22:23.687 DEBUG 10040 --- [XNIO-1 task-18] r.c.a.e.r.QuestionMapper.selectAllCount  : ==> Parameters: 
2020-06-19 21:22:23.715 DEBUG 10040 --- [XNIO-1 task-18] r.c.a.e.r.QuestionMapper.selectAllCount  : <==      Total: 1
2020-06-19 21:22:23.716 DEBUG 10040 --- [XNIO-1 task-18] r.c.a.e.r.E.selectAllCount               : ==>  Preparing: SELECT count(*) from t_exam_paper_answer 
2020-06-19 21:22:23.716 DEBUG 10040 --- [XNIO-1 task-18] r.c.a.e.r.E.selectAllCount               : ==> Parameters: 
2020-06-19 21:22:23.717 DEBUG 10040 --- [XNIO-1 task-18] r.c.a.e.r.E.selectAllCount               : <==      Total: 1
2020-06-19 21:22:23.717 DEBUG 10040 --- [XNIO-1 task-18] r.c.a.e.r.E.selectAllCount               : ==>  Preparing: SELECT count(*) from t_exam_paper_question_customer_answer 
2020-06-19 21:22:23.718 DEBUG 10040 --- [XNIO-1 task-18] r.c.a.e.r.E.selectAllCount               : ==> Parameters: 
2020-06-19 21:22:23.718 DEBUG 10040 --- [XNIO-1 task-18] r.c.a.e.r.E.selectAllCount               : <==      Total: 1
2020-06-19 21:22:23.720 DEBUG 10040 --- [XNIO-1 task-18] r.c.a.e.r.U.selectCountByDate            : ==>  Preparing: SELECT create_time as name,COUNT(create_time) as value from ( SELECT DATE_FORMAT(create_time,'%Y-%m-%d') as create_time from t_user_event_log WHERE create_time between ? and ? ) a GROUP BY create_time 
2020-06-19 21:22:23.721 DEBUG 10040 --- [XNIO-1 task-18] r.c.a.e.r.U.selectCountByDate            : ==> Parameters: 2020-06-01 00:00:00.0(Timestamp), 2020-06-30 23:59:59.0(Timestamp)
2020-06-19 21:22:23.723 DEBUG 10040 --- [XNIO-1 task-18] r.c.a.e.r.U.selectCountByDate            : <==      Total: 6
2020-06-19 21:22:23.724 DEBUG 10040 --- [XNIO-1 task-18] r.c.a.e.r.E.selectCountByDate            : ==>  Preparing: SELECT create_time as name,COUNT(create_time) as value from ( SELECT DATE_FORMAT(create_time,'%Y-%m-%d') as create_time from t_exam_paper_question_customer_answer WHERE create_time between ? and ? ) a GROUP BY create_time 
2020-06-19 21:22:23.725 DEBUG 10040 --- [XNIO-1 task-18] r.c.a.e.r.E.selectCountByDate            : ==> Parameters: 2020-06-01 00:00:00.0(Timestamp), 2020-06-30 23:59:59.0(Timestamp)
2020-06-19 21:22:23.726 DEBUG 10040 --- [XNIO-1 task-18] r.c.a.e.r.E.selectCountByDate            : <==      Total: 1
2020-06-19 21:22:27.787 DEBUG 10040 --- [XNIO-1 task-19] r.c.a.e.r.SubjectMapper.allSubject       : ==>  Preparing: select id, name, level, level_name, item_order, deleted from t_subject 
2020-06-19 21:22:27.787 DEBUG 10040 --- [XNIO-1 task-19] r.c.a.e.r.SubjectMapper.allSubject       : ==> Parameters: 
2020-06-19 21:22:27.789 DEBUG 10040 --- [XNIO-1 task-19] r.c.a.e.r.SubjectMapper.allSubject       : <==      Total: 10
2020-06-19 21:22:28.092 DEBUG 10040 --- [XNIO-1 task-20] r.c.a.e.r.QuestionMapper.page_COUNT      : ==>  Preparing: SELECT count(0) FROM t_question WHERE deleted = 0 
2020-06-19 21:22:28.093 DEBUG 10040 --- [XNIO-1 task-20] r.c.a.e.r.QuestionMapper.page_COUNT      : ==> Parameters: 
2020-06-19 21:22:28.122 DEBUG 10040 --- [XNIO-1 task-20] r.c.a.e.r.QuestionMapper.page_COUNT      : <==      Total: 1
2020-06-19 21:22:28.123 DEBUG 10040 --- [XNIO-1 task-20] r.c.a.e.repository.QuestionMapper.page   : ==>  Preparing: SELECT id, question_type, subject_id, paper_id, score, grade_level, difficult, correct, info_text_content_id, create_user, status, create_time, deleted FROM t_question WHERE deleted = 0 order by id desc LIMIT ? 
2020-06-19 21:22:28.124 DEBUG 10040 --- [XNIO-1 task-20] r.c.a.e.repository.QuestionMapper.page   : ==> Parameters: 10(Integer)
2020-06-19 21:22:28.129 DEBUG 10040 --- [XNIO-1 task-20] r.c.a.e.repository.QuestionMapper.page   : <==      Total: 10
2020-06-19 21:22:28.131 ERROR 10040 --- [XNIO-1 task-20] c.a.e.c.s.exception.ExceptionHandle      : null

java.lang.NullPointerException: null
	at com.alvis.exam.utility.ExamUtil.scoreToVM(ExamUtil.java:13)
	at com.alvis.exam.controller.admin.QuestionController.lambda$pageList$0(QuestionController.java:39)
	at java.util.stream.ReferencePipeline$3$1.accept(ReferencePipeline.java:193)
	at java.util.ArrayList$ArrayListSpliterator.forEachRemaining(ArrayList.java:1382)
	at java.util.stream.AbstractPipeline.copyInto(AbstractPipeline.java:482)
	at java.util.stream.AbstractPipeline.wrapAndCopyInto(AbstractPipeline.java:472)
	at java.util.stream.ReduceOps$ReduceOp.evaluateSequential(ReduceOps.java:708)
	at java.util.stream.AbstractPipeline.evaluate(AbstractPipeline.java:234)
	at java.util.stream.ReferencePipeline.collect(ReferencePipeline.java:499)
	at com.alvis.exam.utility.PageInfoHelper.copyMap(PageInfoHelper.java:22)
	at com.alvis.exam.controller.admin.QuestionController.pageList(QuestionController.java:36)
	at sun.reflect.NativeMethodAccessorImpl.invoke0(Native Method)
	at sun.reflect.NativeMethodAccessorImpl.invoke(NativeMethodAccessorImpl.java:62)
	at sun.reflect.DelegatingMethodAccessorImpl.invoke(DelegatingMethodAccessorImpl.java:43)
	at java.lang.reflect.Method.invoke(Method.java:498)
	at org.springframework.web.method.support.InvocableHandlerMethod.doInvoke(InvocableHandlerMethod.java:190)
	at org.springframework.web.method.support.InvocableHandlerMethod.invokeForRequest(InvocableHandlerMethod.java:138)
	at org.springframework.web.servlet.mvc.method.annotation.ServletInvocableHandlerMethod.invokeAndHandle(ServletInvocableHandlerMethod.java:104)
	at org.springframework.web.servlet.mvc.method.annotation.RequestMappingHandlerAdapter.invokeHandlerMethod(RequestMappingHandlerAdapter.java:892)
	at org.springframework.web.servlet.mvc.method.annotation.RequestMappingHandlerAdapter.handleInternal(RequestMappingHandlerAdapter.java:797)
	at org.springframework.web.servlet.mvc.method.AbstractHandlerMethodAdapter.handle(AbstractHandlerMethodAdapter.java:87)
	at org.springframework.web.servlet.DispatcherServlet.doDispatch(DispatcherServlet.java:1039)
	at org.springframework.web.servlet.DispatcherServlet.doService(DispatcherServlet.java:942)
	at org.springframework.web.servlet.FrameworkServlet.processRequest(FrameworkServlet.java:1005)
	at org.springframework.web.servlet.FrameworkServlet.doPost(FrameworkServlet.java:908)
	at javax.servlet.http.HttpServlet.service(HttpServlet.java:665)
	at org.springframework.web.servlet.FrameworkServlet.service(FrameworkServlet.java:882)
	at javax.servlet.http.HttpServlet.service(HttpServlet.java:750)
	at io.undertow.servlet.handlers.ServletHandler.handleRequest(ServletHandler.java:74)
	at io.undertow.servlet.handlers.FilterHandler$FilterChainImpl.doFilter(FilterHandler.java:129)
	at org.springframework.security.web.authentication.AbstractAuthenticationProcessingFilter.doFilter(AbstractAuthenticationProcessingFilter.java:200)
	at io.undertow.servlet.core.ManagedFilter.doFilter(ManagedFilter.java:61)
	at io.undertow.servlet.handlers.FilterHandler$FilterChainImpl.doFilter(FilterHandler.java:131)
	at org.springframework.security.web.FilterChainProxy$VirtualFilterChain.doFilter(FilterChainProxy.java:320)
	at org.springframework.security.web.access.intercept.FilterSecurityInterceptor.invoke(FilterSecurityInterceptor.java:127)
	at org.springframework.security.web.access.intercept.FilterSecurityInterceptor.doFilter(FilterSecurityInterceptor.java:91)
	at org.springframework.security.web.FilterChainProxy$VirtualFilterChain.doFilter(FilterChainProxy.java:334)
	at org.springframework.security.web.access.ExceptionTranslationFilter.doFilter(ExceptionTranslationFilter.java:119)
	at org.springframework.security.web.FilterChainProxy$VirtualFilterChain.doFilter(FilterChainProxy.java:334)
	at org.springframework.security.web.session.SessionManagementFilter.doFilter(SessionManagementFilter.java:137)
	at org.springframework.security.web.FilterChainProxy$VirtualFilterChain.doFilter(FilterChainProxy.java:334)
	at org.springframework.security.web.authentication.AnonymousAuthenticationFilter.doFilter(AnonymousAuthenticationFilter.java:111)
	at org.springframework.security.web.FilterChainProxy$VirtualFilterChain.doFilter(FilterChainProxy.java:334)
	at org.springframework.security.web.authentication.rememberme.RememberMeAuthenticationFilter.doFilter(RememberMeAuthenticationFilter.java:158)
	at org.springframework.security.web.FilterChainProxy$VirtualFilterChain.doFilter(FilterChainProxy.java:334)
	at org.springframework.security.web.servletapi.SecurityContextHolderAwareRequestFilter.doFilter(SecurityContextHolderAwareRequestFilter.java:170)
	at org.springframework.security.web.FilterChainProxy$VirtualFilterChain.doFilter(FilterChainProxy.java:334)
	at org.springframework.security.web.savedrequest.RequestCacheAwareFilter.doFilter(RequestCacheAwareFilter.java:63)
	at org.springframework.security.web.FilterChainProxy$VirtualFilterChain.doFilter(FilterChainProxy.java:334)
	at org.springframework.security.web.authentication.AbstractAuthenticationProcessingFilter.doFilter(AbstractAuthenticationProcessingFilter.java:200)
	at org.springframework.security.web.FilterChainProxy$VirtualFilterChain.doFilter(FilterChainProxy.java:334)
	at org.springframework.security.web.authentication.AbstractAuthenticationProcessingFilter.doFilter(AbstractAuthenticationProcessingFilter.java:200)
	at org.springframework.security.web.FilterChainProxy$VirtualFilterChain.doFilter(FilterChainProxy.java:334)
	at org.springframework.security.web.authentication.logout.LogoutFilter.doFilter(LogoutFilter.java:116)
	at org.springframework.security.web.FilterChainProxy$VirtualFilterChain.doFilter(FilterChainProxy.java:334)
	at org.springframework.web.filter.CorsFilter.doFilterInternal(CorsFilter.java:96)
	at org.springframework.web.filter.OncePerRequestFilter.doFilter(OncePerRequestFilter.java:109)
	at org.springframework.security.web.FilterChainProxy$VirtualFilterChain.doFilter(FilterChainProxy.java:334)
	at org.springframework.security.web.header.HeaderWriterFilter.doFilterInternal(HeaderWriterFilter.java:74)
	at org.springframework.web.filter.OncePerRequestFilter.doFilter(OncePerRequestFilter.java:109)
	at org.springframework.security.web.FilterChainProxy$VirtualFilterChain.doFilter(FilterChainProxy.java:334)
	at org.springframework.security.web.context.SecurityContextPersistenceFilter.doFilter(SecurityContextPersistenceFilter.java:105)
	at org.springframework.security.web.FilterChainProxy$VirtualFilterChain.doFilter(FilterChainProxy.java:334)
	at org.springframework.security.web.context.request.async.WebAsyncManagerIntegrationFilter.doFilterInternal(WebAsyncManagerIntegrationFilter.java:56)
	at org.springframework.web.filter.OncePerRequestFilter.doFilter(OncePerRequestFilter.java:109)
	at org.springframework.security.web.FilterChainProxy$VirtualFilterChain.doFilter(FilterChainProxy.java:334)
	at org.springframework.security.web.FilterChainProxy.doFilterInternal(FilterChainProxy.java:215)
	at org.springframework.security.web.FilterChainProxy.doFilter(FilterChainProxy.java:178)
	at org.springframework.web.filter.DelegatingFilterProxy.invokeDelegate(DelegatingFilterProxy.java:357)
	at org.springframework.web.filter.DelegatingFilterProxy.doFilter(DelegatingFilterProxy.java:270)
	at io.undertow.servlet.core.ManagedFilter.doFilter(ManagedFilter.java:61)
	at io.undertow.servlet.handlers.FilterHandler$FilterChainImpl.doFilter(FilterHandler.java:131)
	at org.springframework.session.web.http.SessionRepositoryFilter.doFilterInternal(SessionRepositoryFilter.java:151)
	at org.springframework.session.web.http.OncePerRequestFilter.doFilter(OncePerRequestFilter.java:85)
	at io.undertow.servlet.core.ManagedFilter.doFilter(ManagedFilter.java:61)
	at io.undertow.servlet.handlers.FilterHandler$FilterChainImpl.doFilter(FilterHandler.java:131)
	at org.springframework.web.filter.CharacterEncodingFilter.doFilterInternal(CharacterEncodingFilter.java:200)
	at org.springframework.web.filter.OncePerRequestFilter.doFilter(OncePerRequestFilter.java:109)
	at io.undertow.servlet.core.ManagedFilter.doFilter(ManagedFilter.java:61)
	at io.undertow.servlet.handlers.FilterHandler$FilterChainImpl.doFilter(FilterHandler.java:131)
	at io.undertow.servlet.handlers.FilterHandler.handleRequest(FilterHandler.java:84)
	at io.undertow.servlet.handlers.security.ServletSecurityRoleHandler.handleRequest(ServletSecurityRoleHandler.java:62)
	at io.undertow.servlet.handlers.ServletChain$1.handleRequest(ServletChain.java:68)
	at io.undertow.servlet.handlers.ServletDispatchingHandler.handleRequest(ServletDispatchingHandler.java:36)
	at io.undertow.servlet.handlers.security.SSLInformationAssociationHandler.handleRequest(SSLInformationAssociationHandler.java:132)
	at io.undertow.servlet.handlers.security.ServletAuthenticationCallHandler.handleRequest(ServletAuthenticationCallHandler.java:57)
	at io.undertow.server.handlers.PredicateHandler.handleRequest(PredicateHandler.java:43)
	at io.undertow.security.handlers.AbstractConfidentialityHandler.handleRequest(AbstractConfidentialityHandler.java:46)
	at io.undertow.servlet.handlers.security.ServletConfidentialityConstraintHandler.handleRequest(ServletConfidentialityConstraintHandler.java:64)
	at io.undertow.security.handlers.AuthenticationMechanismsHandler.handleRequest(AuthenticationMechanismsHandler.java:60)
	at io.undertow.servlet.handlers.security.CachedAuthenticatedSessionHandler.handleRequest(CachedAuthenticatedSessionHandler.java:77)
	at io.undertow.security.handlers.AbstractSecurityContextAssociationHandler.handleRequest(AbstractSecurityContextAssociationHandler.java:43)
	at io.undertow.server.handlers.PredicateHandler.handleRequest(PredicateHandler.java:43)
	at io.undertow.server.handlers.PredicateHandler.handleRequest(PredicateHandler.java:43)
	at io.undertow.servlet.handlers.SessionRestoringHandler.handleRequest(SessionRestoringHandler.java:119)
	at io.undertow.servlet.handlers.ServletInitialHandler.handleFirstRequest(ServletInitialHandler.java:292)
	at io.undertow.servlet.handlers.ServletInitialHandler.access$100(ServletInitialHandler.java:81)
	at io.undertow.servlet.handlers.ServletInitialHandler$2.call(ServletInitialHandler.java:138)
	at io.undertow.servlet.handlers.ServletInitialHandler$2.call(ServletInitialHandler.java:135)
	at io.undertow.servlet.core.ServletRequestContextThreadSetupAction$1.call(ServletRequestContextThreadSetupAction.java:48)
	at io.undertow.servlet.core.ContextClassLoaderSetupAction$1.call(ContextClassLoaderSetupAction.java:43)
	at io.undertow.servlet.handlers.ServletInitialHandler.dispatchRequest(ServletInitialHandler.java:272)
	at io.undertow.servlet.handlers.ServletInitialHandler.access$000(ServletInitialHandler.java:81)
	at io.undertow.servlet.handlers.ServletInitialHandler$1.handleRequest(ServletInitialHandler.java:104)
	at io.undertow.server.Connectors.executeRootHandler(Connectors.java:364)
	at io.undertow.server.HttpServerExchange$1.run(HttpServerExchange.java:830)
	at java.util.concurrent.ThreadPoolExecutor.runWorker(ThreadPoolExecutor.java:1149)
	at java.util.concurrent.ThreadPoolExecutor$Worker.run(ThreadPoolExecutor.java:624)
	at java.lang.Thread.run(Thread.java:748)

2020-06-19 21:23:03.415 DEBUG 10040 --- [XNIO-1 task-21] r.c.a.e.r.E.selectAllCount               : ==>  Preparing: SELECT count(*) from t_exam_paper where deleted=0 
2020-06-19 21:23:03.416 DEBUG 10040 --- [XNIO-1 task-21] r.c.a.e.r.E.selectAllCount               : ==> Parameters: 
2020-06-19 21:23:03.417 DEBUG 10040 --- [XNIO-1 task-21] r.c.a.e.r.E.selectAllCount               : <==      Total: 1
2020-06-19 21:23:03.417 DEBUG 10040 --- [XNIO-1 task-21] r.c.a.e.r.QuestionMapper.selectAllCount  : ==>  Preparing: SELECT count(*) from t_question where deleted=0 
2020-06-19 21:23:03.418 DEBUG 10040 --- [XNIO-1 task-21] r.c.a.e.r.QuestionMapper.selectAllCount  : ==> Parameters: 
2020-06-19 21:23:03.445 DEBUG 10040 --- [XNIO-1 task-21] r.c.a.e.r.QuestionMapper.selectAllCount  : <==      Total: 1
2020-06-19 21:23:03.445 DEBUG 10040 --- [XNIO-1 task-21] r.c.a.e.r.E.selectAllCount               : ==>  Preparing: SELECT count(*) from t_exam_paper_answer 
2020-06-19 21:23:03.445 DEBUG 10040 --- [XNIO-1 task-21] r.c.a.e.r.E.selectAllCount               : ==> Parameters: 
2020-06-19 21:23:03.446 DEBUG 10040 --- [XNIO-1 task-21] r.c.a.e.r.E.selectAllCount               : <==      Total: 1
2020-06-19 21:23:03.446 DEBUG 10040 --- [XNIO-1 task-21] r.c.a.e.r.E.selectAllCount               : ==>  Preparing: SELECT count(*) from t_exam_paper_question_customer_answer 
2020-06-19 21:23:03.446 DEBUG 10040 --- [XNIO-1 task-21] r.c.a.e.r.E.selectAllCount               : ==> Parameters: 
2020-06-19 21:23:03.447 DEBUG 10040 --- [XNIO-1 task-21] r.c.a.e.r.E.selectAllCount               : <==      Total: 1
2020-06-19 21:23:03.448 DEBUG 10040 --- [XNIO-1 task-21] r.c.a.e.r.U.selectCountByDate            : ==>  Preparing: SELECT create_time as name,COUNT(create_time) as value from ( SELECT DATE_FORMAT(create_time,'%Y-%m-%d') as create_time from t_user_event_log WHERE create_time between ? and ? ) a GROUP BY create_time 
2020-06-19 21:23:03.448 DEBUG 10040 --- [XNIO-1 task-21] r.c.a.e.r.U.selectCountByDate            : ==> Parameters: 2020-06-01 00:00:00.0(Timestamp), 2020-06-30 23:59:59.0(Timestamp)
2020-06-19 21:23:03.450 DEBUG 10040 --- [XNIO-1 task-21] r.c.a.e.r.U.selectCountByDate            : <==      Total: 6
2020-06-19 21:23:03.451 DEBUG 10040 --- [XNIO-1 task-21] r.c.a.e.r.E.selectCountByDate            : ==>  Preparing: SELECT create_time as name,COUNT(create_time) as value from ( SELECT DATE_FORMAT(create_time,'%Y-%m-%d') as create_time from t_exam_paper_question_customer_answer WHERE create_time between ? and ? ) a GROUP BY create_time 
2020-06-19 21:23:03.452 DEBUG 10040 --- [XNIO-1 task-21] r.c.a.e.r.E.selectCountByDate            : ==> Parameters: 2020-06-01 00:00:00.0(Timestamp), 2020-06-30 23:59:59.0(Timestamp)
2020-06-19 21:23:03.453 DEBUG 10040 --- [XNIO-1 task-21] r.c.a.e.r.E.selectCountByDate            : <==      Total: 1
2020-06-19 21:23:04.170 DEBUG 10040 --- [XNIO-1 task-22] r.c.a.e.r.SubjectMapper.allSubject       : ==>  Preparing: select id, name, level, level_name, item_order, deleted from t_subject 
2020-06-19 21:23:04.170 DEBUG 10040 --- [XNIO-1 task-22] r.c.a.e.r.SubjectMapper.allSubject       : ==> Parameters: 
2020-06-19 21:23:04.171 DEBUG 10040 --- [XNIO-1 task-22] r.c.a.e.r.SubjectMapper.allSubject       : <==      Total: 10
2020-06-19 21:23:04.474 DEBUG 10040 --- [XNIO-1 task-23] r.c.a.e.r.QuestionMapper.page_COUNT      : ==>  Preparing: SELECT count(0) FROM t_question WHERE deleted = 0 
2020-06-19 21:23:04.474 DEBUG 10040 --- [XNIO-1 task-23] r.c.a.e.r.QuestionMapper.page_COUNT      : ==> Parameters: 
2020-06-19 21:23:04.503 DEBUG 10040 --- [XNIO-1 task-23] r.c.a.e.r.QuestionMapper.page_COUNT      : <==      Total: 1
2020-06-19 21:23:04.504 DEBUG 10040 --- [XNIO-1 task-23] r.c.a.e.repository.QuestionMapper.page   : ==>  Preparing: SELECT id, question_type, subject_id, paper_id, score, grade_level, difficult, correct, info_text_content_id, create_user, status, create_time, deleted FROM t_question WHERE deleted = 0 order by id desc LIMIT ? 
2020-06-19 21:23:04.505 DEBUG 10040 --- [XNIO-1 task-23] r.c.a.e.repository.QuestionMapper.page   : ==> Parameters: 10(Integer)
2020-06-19 21:23:04.506 DEBUG 10040 --- [XNIO-1 task-23] r.c.a.e.repository.QuestionMapper.page   : <==      Total: 10
2020-06-19 21:23:04.509 ERROR 10040 --- [XNIO-1 task-23] c.a.e.c.s.exception.ExceptionHandle      : Null key returned for cache operation (maybe you are using named params on classes without debug info?) Builder[public com.alvis.exam.domain.TextContent com.alvis.exam.service.impl.TextContentServiceImpl.selectById(java.lang.Integer)] caches=[TextContent] | key='#id' | keyGenerator='' | cacheManager='' | cacheResolver='' | condition='' | unless='#result == null' | sync='false'

java.lang.IllegalArgumentException: Null key returned for cache operation (maybe you are using named params on classes without debug info?) Builder[public com.alvis.exam.domain.TextContent com.alvis.exam.service.impl.TextContentServiceImpl.selectById(java.lang.Integer)] caches=[TextContent] | key='#id' | keyGenerator='' | cacheManager='' | cacheResolver='' | condition='' | unless='#result == null' | sync='false'
	at org.springframework.cache.interceptor.CacheAspectSupport.generateKey(CacheAspectSupport.java:578)
	at org.springframework.cache.interceptor.CacheAspectSupport.findCachedItem(CacheAspectSupport.java:518)
	at org.springframework.cache.interceptor.CacheAspectSupport.execute(CacheAspectSupport.java:401)
	at org.springframework.cache.interceptor.CacheAspectSupport.execute(CacheAspectSupport.java:345)
	at org.springframework.cache.interceptor.CacheInterceptor.invoke(CacheInterceptor.java:61)
	at org.springframework.aop.framework.ReflectiveMethodInvocation.proceed(ReflectiveMethodInvocation.java:186)
	at org.springframework.aop.framework.JdkDynamicAopProxy.invoke(JdkDynamicAopProxy.java:212)
	at com.sun.proxy.$Proxy89.selectById(Unknown Source)
	at com.alvis.exam.controller.admin.QuestionController.lambda$pageList$0(QuestionController.java:40)
	at java.util.stream.ReferencePipeline$3$1.accept(ReferencePipeline.java:193)
	at java.util.ArrayList$ArrayListSpliterator.forEachRemaining(ArrayList.java:1382)
	at java.util.stream.AbstractPipeline.copyInto(AbstractPipeline.java:482)
	at java.util.stream.AbstractPipeline.wrapAndCopyInto(AbstractPipeline.java:472)
	at java.util.stream.ReduceOps$ReduceOp.evaluateSequential(ReduceOps.java:708)
	at java.util.stream.AbstractPipeline.evaluate(AbstractPipeline.java:234)
	at java.util.stream.ReferencePipeline.collect(ReferencePipeline.java:499)
	at com.alvis.exam.utility.PageInfoHelper.copyMap(PageInfoHelper.java:22)
	at com.alvis.exam.controller.admin.QuestionController.pageList(QuestionController.java:36)
	at sun.reflect.NativeMethodAccessorImpl.invoke0(Native Method)
	at sun.reflect.NativeMethodAccessorImpl.invoke(NativeMethodAccessorImpl.java:62)
	at sun.reflect.DelegatingMethodAccessorImpl.invoke(DelegatingMethodAccessorImpl.java:43)
	at java.lang.reflect.Method.invoke(Method.java:498)
	at org.springframework.web.method.support.InvocableHandlerMethod.doInvoke(InvocableHandlerMethod.java:190)
	at org.springframework.web.method.support.InvocableHandlerMethod.invokeForRequest(InvocableHandlerMethod.java:138)
	at org.springframework.web.servlet.mvc.method.annotation.ServletInvocableHandlerMethod.invokeAndHandle(ServletInvocableHandlerMethod.java:104)
	at org.springframework.web.servlet.mvc.method.annotation.RequestMappingHandlerAdapter.invokeHandlerMethod(RequestMappingHandlerAdapter.java:892)
	at org.springframework.web.servlet.mvc.method.annotation.RequestMappingHandlerAdapter.handleInternal(RequestMappingHandlerAdapter.java:797)
	at org.springframework.web.servlet.mvc.method.AbstractHandlerMethodAdapter.handle(AbstractHandlerMethodAdapter.java:87)
	at org.springframework.web.servlet.DispatcherServlet.doDispatch(DispatcherServlet.java:1039)
	at org.springframework.web.servlet.DispatcherServlet.doService(DispatcherServlet.java:942)
	at org.springframework.web.servlet.FrameworkServlet.processRequest(FrameworkServlet.java:1005)
	at org.springframework.web.servlet.FrameworkServlet.doPost(FrameworkServlet.java:908)
	at javax.servlet.http.HttpServlet.service(HttpServlet.java:665)
	at org.springframework.web.servlet.FrameworkServlet.service(FrameworkServlet.java:882)
	at javax.servlet.http.HttpServlet.service(HttpServlet.java:750)
	at io.undertow.servlet.handlers.ServletHandler.handleRequest(ServletHandler.java:74)
	at io.undertow.servlet.handlers.FilterHandler$FilterChainImpl.doFilter(FilterHandler.java:129)
	at org.springframework.security.web.authentication.AbstractAuthenticationProcessingFilter.doFilter(AbstractAuthenticationProcessingFilter.java:200)
	at io.undertow.servlet.core.ManagedFilter.doFilter(ManagedFilter.java:61)
	at io.undertow.servlet.handlers.FilterHandler$FilterChainImpl.doFilter(FilterHandler.java:131)
	at org.springframework.security.web.FilterChainProxy$VirtualFilterChain.doFilter(FilterChainProxy.java:320)
	at org.springframework.security.web.access.intercept.FilterSecurityInterceptor.invoke(FilterSecurityInterceptor.java:127)
	at org.springframework.security.web.access.intercept.FilterSecurityInterceptor.doFilter(FilterSecurityInterceptor.java:91)
	at org.springframework.security.web.FilterChainProxy$VirtualFilterChain.doFilter(FilterChainProxy.java:334)
	at org.springframework.security.web.access.ExceptionTranslationFilter.doFilter(ExceptionTranslationFilter.java:119)
	at org.springframework.security.web.FilterChainProxy$VirtualFilterChain.doFilter(FilterChainProxy.java:334)
	at org.springframework.security.web.session.SessionManagementFilter.doFilter(SessionManagementFilter.java:137)
	at org.springframework.security.web.FilterChainProxy$VirtualFilterChain.doFilter(FilterChainProxy.java:334)
	at org.springframework.security.web.authentication.AnonymousAuthenticationFilter.doFilter(AnonymousAuthenticationFilter.java:111)
	at org.springframework.security.web.FilterChainProxy$VirtualFilterChain.doFilter(FilterChainProxy.java:334)
	at org.springframework.security.web.authentication.rememberme.RememberMeAuthenticationFilter.doFilter(RememberMeAuthenticationFilter.java:158)
	at org.springframework.security.web.FilterChainProxy$VirtualFilterChain.doFilter(FilterChainProxy.java:334)
	at org.springframework.security.web.servletapi.SecurityContextHolderAwareRequestFilter.doFilter(SecurityContextHolderAwareRequestFilter.java:170)
	at org.springframework.security.web.FilterChainProxy$VirtualFilterChain.doFilter(FilterChainProxy.java:334)
	at org.springframework.security.web.savedrequest.RequestCacheAwareFilter.doFilter(RequestCacheAwareFilter.java:63)
	at org.springframework.security.web.FilterChainProxy$VirtualFilterChain.doFilter(FilterChainProxy.java:334)
	at org.springframework.security.web.authentication.AbstractAuthenticationProcessingFilter.doFilter(AbstractAuthenticationProcessingFilter.java:200)
	at org.springframework.security.web.FilterChainProxy$VirtualFilterChain.doFilter(FilterChainProxy.java:334)
	at org.springframework.security.web.authentication.AbstractAuthenticationProcessingFilter.doFilter(AbstractAuthenticationProcessingFilter.java:200)
	at org.springframework.security.web.FilterChainProxy$VirtualFilterChain.doFilter(FilterChainProxy.java:334)
	at org.springframework.security.web.authentication.logout.LogoutFilter.doFilter(LogoutFilter.java:116)
	at org.springframework.security.web.FilterChainProxy$VirtualFilterChain.doFilter(FilterChainProxy.java:334)
	at org.springframework.web.filter.CorsFilter.doFilterInternal(CorsFilter.java:96)
	at org.springframework.web.filter.OncePerRequestFilter.doFilter(OncePerRequestFilter.java:109)
	at org.springframework.security.web.FilterChainProxy$VirtualFilterChain.doFilter(FilterChainProxy.java:334)
	at org.springframework.security.web.header.HeaderWriterFilter.doFilterInternal(HeaderWriterFilter.java:74)
	at org.springframework.web.filter.OncePerRequestFilter.doFilter(OncePerRequestFilter.java:109)
	at org.springframework.security.web.FilterChainProxy$VirtualFilterChain.doFilter(FilterChainProxy.java:334)
	at org.springframework.security.web.context.SecurityContextPersistenceFilter.doFilter(SecurityContextPersistenceFilter.java:105)
	at org.springframework.security.web.FilterChainProxy$VirtualFilterChain.doFilter(FilterChainProxy.java:334)
	at org.springframework.security.web.context.request.async.WebAsyncManagerIntegrationFilter.doFilterInternal(WebAsyncManagerIntegrationFilter.java:56)
	at org.springframework.web.filter.OncePerRequestFilter.doFilter(OncePerRequestFilter.java:109)
	at org.springframework.security.web.FilterChainProxy$VirtualFilterChain.doFilter(FilterChainProxy.java:334)
	at org.springframework.security.web.FilterChainProxy.doFilterInternal(FilterChainProxy.java:215)
	at org.springframework.security.web.FilterChainProxy.doFilter(FilterChainProxy.java:178)
	at org.springframework.web.filter.DelegatingFilterProxy.invokeDelegate(DelegatingFilterProxy.java:357)
	at org.springframework.web.filter.DelegatingFilterProxy.doFilter(DelegatingFilterProxy.java:270)
	at io.undertow.servlet.core.ManagedFilter.doFilter(ManagedFilter.java:61)
	at io.undertow.servlet.handlers.FilterHandler$FilterChainImpl.doFilter(FilterHandler.java:131)
	at org.springframework.session.web.http.SessionRepositoryFilter.doFilterInternal(SessionRepositoryFilter.java:151)
	at org.springframework.session.web.http.OncePerRequestFilter.doFilter(OncePerRequestFilter.java:85)
	at io.undertow.servlet.core.ManagedFilter.doFilter(ManagedFilter.java:61)
	at io.undertow.servlet.handlers.FilterHandler$FilterChainImpl.doFilter(FilterHandler.java:131)
	at org.springframework.web.filter.CharacterEncodingFilter.doFilterInternal(CharacterEncodingFilter.java:200)
	at org.springframework.web.filter.OncePerRequestFilter.doFilter(OncePerRequestFilter.java:109)
	at io.undertow.servlet.core.ManagedFilter.doFilter(ManagedFilter.java:61)
	at io.undertow.servlet.handlers.FilterHandler$FilterChainImpl.doFilter(FilterHandler.java:131)
	at io.undertow.servlet.handlers.FilterHandler.handleRequest(FilterHandler.java:84)
	at io.undertow.servlet.handlers.security.ServletSecurityRoleHandler.handleRequest(ServletSecurityRoleHandler.java:62)
	at io.undertow.servlet.handlers.ServletChain$1.handleRequest(ServletChain.java:68)
	at io.undertow.servlet.handlers.ServletDispatchingHandler.handleRequest(ServletDispatchingHandler.java:36)
	at io.undertow.servlet.handlers.security.SSLInformationAssociationHandler.handleRequest(SSLInformationAssociationHandler.java:132)
	at io.undertow.servlet.handlers.security.ServletAuthenticationCallHandler.handleRequest(ServletAuthenticationCallHandler.java:57)
	at io.undertow.server.handlers.PredicateHandler.handleRequest(PredicateHandler.java:43)
	at io.undertow.security.handlers.AbstractConfidentialityHandler.handleRequest(AbstractConfidentialityHandler.java:46)
	at io.undertow.servlet.handlers.security.ServletConfidentialityConstraintHandler.handleRequest(ServletConfidentialityConstraintHandler.java:64)
	at io.undertow.security.handlers.AuthenticationMechanismsHandler.handleRequest(AuthenticationMechanismsHandler.java:60)
	at io.undertow.servlet.handlers.security.CachedAuthenticatedSessionHandler.handleRequest(CachedAuthenticatedSessionHandler.java:77)
	at io.undertow.security.handlers.AbstractSecurityContextAssociationHandler.handleRequest(AbstractSecurityContextAssociationHandler.java:43)
	at io.undertow.server.handlers.PredicateHandler.handleRequest(PredicateHandler.java:43)
	at io.undertow.server.handlers.PredicateHandler.handleRequest(PredicateHandler.java:43)
	at io.undertow.servlet.handlers.SessionRestoringHandler.handleRequest(SessionRestoringHandler.java:119)
	at io.undertow.servlet.handlers.ServletInitialHandler.handleFirstRequest(ServletInitialHandler.java:292)
	at io.undertow.servlet.handlers.ServletInitialHandler.access$100(ServletInitialHandler.java:81)
	at io.undertow.servlet.handlers.ServletInitialHandler$2.call(ServletInitialHandler.java:138)
	at io.undertow.servlet.handlers.ServletInitialHandler$2.call(ServletInitialHandler.java:135)
	at io.undertow.servlet.core.ServletRequestContextThreadSetupAction$1.call(ServletRequestContextThreadSetupAction.java:48)
	at io.undertow.servlet.core.ContextClassLoaderSetupAction$1.call(ContextClassLoaderSetupAction.java:43)
	at io.undertow.servlet.handlers.ServletInitialHandler.dispatchRequest(ServletInitialHandler.java:272)
	at io.undertow.servlet.handlers.ServletInitialHandler.access$000(ServletInitialHandler.java:81)
	at io.undertow.servlet.handlers.ServletInitialHandler$1.handleRequest(ServletInitialHandler.java:104)
	at io.undertow.server.Connectors.executeRootHandler(Connectors.java:364)
	at io.undertow.server.HttpServerExchange$1.run(HttpServerExchange.java:830)
	at java.util.concurrent.ThreadPoolExecutor.runWorker(ThreadPoolExecutor.java:1149)
	at java.util.concurrent.ThreadPoolExecutor$Worker.run(ThreadPoolExecutor.java:624)
	at java.lang.Thread.run(Thread.java:748)

2020-06-19 21:23:10.880 DEBUG 10040 --- [XNIO-1 task-24] r.c.a.e.r.E.selectAllCount               : ==>  Preparing: SELECT count(*) from t_exam_paper where deleted=0 
2020-06-19 21:23:10.880 DEBUG 10040 --- [XNIO-1 task-24] r.c.a.e.r.E.selectAllCount               : ==> Parameters: 
2020-06-19 21:23:10.881 DEBUG 10040 --- [XNIO-1 task-24] r.c.a.e.r.E.selectAllCount               : <==      Total: 1
2020-06-19 21:23:10.882 DEBUG 10040 --- [XNIO-1 task-24] r.c.a.e.r.QuestionMapper.selectAllCount  : ==>  Preparing: SELECT count(*) from t_question where deleted=0 
2020-06-19 21:23:10.883 DEBUG 10040 --- [XNIO-1 task-24] r.c.a.e.r.QuestionMapper.selectAllCount  : ==> Parameters: 
2020-06-19 21:23:10.926 DEBUG 10040 --- [XNIO-1 task-24] r.c.a.e.r.QuestionMapper.selectAllCount  : <==      Total: 1
2020-06-19 21:23:10.927 DEBUG 10040 --- [XNIO-1 task-24] r.c.a.e.r.E.selectAllCount               : ==>  Preparing: SELECT count(*) from t_exam_paper_answer 
2020-06-19 21:23:10.927 DEBUG 10040 --- [XNIO-1 task-24] r.c.a.e.r.E.selectAllCount               : ==> Parameters: 
2020-06-19 21:23:10.928 DEBUG 10040 --- [XNIO-1 task-24] r.c.a.e.r.E.selectAllCount               : <==      Total: 1
2020-06-19 21:23:10.929 DEBUG 10040 --- [XNIO-1 task-24] r.c.a.e.r.E.selectAllCount               : ==>  Preparing: SELECT count(*) from t_exam_paper_question_customer_answer 
2020-06-19 21:23:10.929 DEBUG 10040 --- [XNIO-1 task-24] r.c.a.e.r.E.selectAllCount               : ==> Parameters: 
2020-06-19 21:23:10.930 DEBUG 10040 --- [XNIO-1 task-24] r.c.a.e.r.E.selectAllCount               : <==      Total: 1
2020-06-19 21:23:10.931 DEBUG 10040 --- [XNIO-1 task-24] r.c.a.e.r.U.selectCountByDate            : ==>  Preparing: SELECT create_time as name,COUNT(create_time) as value from ( SELECT DATE_FORMAT(create_time,'%Y-%m-%d') as create_time from t_user_event_log WHERE create_time between ? and ? ) a GROUP BY create_time 
2020-06-19 21:23:10.932 DEBUG 10040 --- [XNIO-1 task-24] r.c.a.e.r.U.selectCountByDate            : ==> Parameters: 2020-06-01 00:00:00.0(Timestamp), 2020-06-30 23:59:59.0(Timestamp)
2020-06-19 21:23:10.933 DEBUG 10040 --- [XNIO-1 task-24] r.c.a.e.r.U.selectCountByDate            : <==      Total: 6
2020-06-19 21:23:10.934 DEBUG 10040 --- [XNIO-1 task-24] r.c.a.e.r.E.selectCountByDate            : ==>  Preparing: SELECT create_time as name,COUNT(create_time) as value from ( SELECT DATE_FORMAT(create_time,'%Y-%m-%d') as create_time from t_exam_paper_question_customer_answer WHERE create_time between ? and ? ) a GROUP BY create_time 
2020-06-19 21:23:10.935 DEBUG 10040 --- [XNIO-1 task-24] r.c.a.e.r.E.selectCountByDate            : ==> Parameters: 2020-06-01 00:00:00.0(Timestamp), 2020-06-30 23:59:59.0(Timestamp)
2020-06-19 21:23:10.936 DEBUG 10040 --- [XNIO-1 task-24] r.c.a.e.r.E.selectCountByDate            : <==      Total: 1
2020-06-19 21:23:13.847 DEBUG 10040 --- [XNIO-1 task-25] r.c.a.e.r.SubjectMapper.allSubject       : ==>  Preparing: select id, name, level, level_name, item_order, deleted from t_subject 
2020-06-19 21:23:13.848 DEBUG 10040 --- [XNIO-1 task-25] r.c.a.e.r.SubjectMapper.allSubject       : ==> Parameters: 
2020-06-19 21:23:13.851 DEBUG 10040 --- [XNIO-1 task-25] r.c.a.e.r.SubjectMapper.allSubject       : <==      Total: 10
2020-06-19 21:23:14.147 DEBUG 10040 --- [XNIO-1 task-26] r.c.a.e.r.QuestionMapper.page_COUNT      : ==>  Preparing: SELECT count(0) FROM t_question WHERE deleted = 0 
2020-06-19 21:23:14.147 DEBUG 10040 --- [XNIO-1 task-26] r.c.a.e.r.QuestionMapper.page_COUNT      : ==> Parameters: 
2020-06-19 21:23:14.187 DEBUG 10040 --- [XNIO-1 task-26] r.c.a.e.r.QuestionMapper.page_COUNT      : <==      Total: 1
2020-06-19 21:23:14.188 DEBUG 10040 --- [XNIO-1 task-26] r.c.a.e.repository.QuestionMapper.page   : ==>  Preparing: SELECT id, question_type, subject_id, paper_id, score, grade_level, difficult, correct, info_text_content_id, create_user, status, create_time, deleted FROM t_question WHERE deleted = 0 order by id desc LIMIT ? 
2020-06-19 21:23:14.189 DEBUG 10040 --- [XNIO-1 task-26] r.c.a.e.repository.QuestionMapper.page   : ==> Parameters: 10(Integer)
2020-06-19 21:23:14.192 DEBUG 10040 --- [XNIO-1 task-26] r.c.a.e.repository.QuestionMapper.page   : <==      Total: 10
2020-06-19 21:23:14.194 ERROR 10040 --- [XNIO-1 task-26] c.a.e.c.s.exception.ExceptionHandle      : Null key returned for cache operation (maybe you are using named params on classes without debug info?) Builder[public com.alvis.exam.domain.TextContent com.alvis.exam.service.impl.TextContentServiceImpl.selectById(java.lang.Integer)] caches=[TextContent] | key='#id' | keyGenerator='' | cacheManager='' | cacheResolver='' | condition='' | unless='#result == null' | sync='false'

java.lang.IllegalArgumentException: Null key returned for cache operation (maybe you are using named params on classes without debug info?) Builder[public com.alvis.exam.domain.TextContent com.alvis.exam.service.impl.TextContentServiceImpl.selectById(java.lang.Integer)] caches=[TextContent] | key='#id' | keyGenerator='' | cacheManager='' | cacheResolver='' | condition='' | unless='#result == null' | sync='false'
	at org.springframework.cache.interceptor.CacheAspectSupport.generateKey(CacheAspectSupport.java:578)
	at org.springframework.cache.interceptor.CacheAspectSupport.findCachedItem(CacheAspectSupport.java:518)
	at org.springframework.cache.interceptor.CacheAspectSupport.execute(CacheAspectSupport.java:401)
	at org.springframework.cache.interceptor.CacheAspectSupport.execute(CacheAspectSupport.java:345)
	at org.springframework.cache.interceptor.CacheInterceptor.invoke(CacheInterceptor.java:61)
	at org.springframework.aop.framework.ReflectiveMethodInvocation.proceed(ReflectiveMethodInvocation.java:186)
	at org.springframework.aop.framework.JdkDynamicAopProxy.invoke(JdkDynamicAopProxy.java:212)
	at com.sun.proxy.$Proxy89.selectById(Unknown Source)
	at com.alvis.exam.controller.admin.QuestionController.lambda$pageList$0(QuestionController.java:40)
	at java.util.stream.ReferencePipeline$3$1.accept(ReferencePipeline.java:193)
	at java.util.ArrayList$ArrayListSpliterator.forEachRemaining(ArrayList.java:1382)
	at java.util.stream.AbstractPipeline.copyInto(AbstractPipeline.java:482)
	at java.util.stream.AbstractPipeline.wrapAndCopyInto(AbstractPipeline.java:472)
	at java.util.stream.ReduceOps$ReduceOp.evaluateSequential(ReduceOps.java:708)
	at java.util.stream.AbstractPipeline.evaluate(AbstractPipeline.java:234)
	at java.util.stream.ReferencePipeline.collect(ReferencePipeline.java:499)
	at com.alvis.exam.utility.PageInfoHelper.copyMap(PageInfoHelper.java:22)
	at com.alvis.exam.controller.admin.QuestionController.pageList(QuestionController.java:36)
	at sun.reflect.NativeMethodAccessorImpl.invoke0(Native Method)
	at sun.reflect.NativeMethodAccessorImpl.invoke(NativeMethodAccessorImpl.java:62)
	at sun.reflect.DelegatingMethodAccessorImpl.invoke(DelegatingMethodAccessorImpl.java:43)
	at java.lang.reflect.Method.invoke(Method.java:498)
	at org.springframework.web.method.support.InvocableHandlerMethod.doInvoke(InvocableHandlerMethod.java:190)
	at org.springframework.web.method.support.InvocableHandlerMethod.invokeForRequest(InvocableHandlerMethod.java:138)
	at org.springframework.web.servlet.mvc.method.annotation.ServletInvocableHandlerMethod.invokeAndHandle(ServletInvocableHandlerMethod.java:104)
	at org.springframework.web.servlet.mvc.method.annotation.RequestMappingHandlerAdapter.invokeHandlerMethod(RequestMappingHandlerAdapter.java:892)
	at org.springframework.web.servlet.mvc.method.annotation.RequestMappingHandlerAdapter.handleInternal(RequestMappingHandlerAdapter.java:797)
	at org.springframework.web.servlet.mvc.method.AbstractHandlerMethodAdapter.handle(AbstractHandlerMethodAdapter.java:87)
	at org.springframework.web.servlet.DispatcherServlet.doDispatch(DispatcherServlet.java:1039)
	at org.springframework.web.servlet.DispatcherServlet.doService(DispatcherServlet.java:942)
	at org.springframework.web.servlet.FrameworkServlet.processRequest(FrameworkServlet.java:1005)
	at org.springframework.web.servlet.FrameworkServlet.doPost(FrameworkServlet.java:908)
	at javax.servlet.http.HttpServlet.service(HttpServlet.java:665)
	at org.springframework.web.servlet.FrameworkServlet.service(FrameworkServlet.java:882)
	at javax.servlet.http.HttpServlet.service(HttpServlet.java:750)
	at io.undertow.servlet.handlers.ServletHandler.handleRequest(ServletHandler.java:74)
	at io.undertow.servlet.handlers.FilterHandler$FilterChainImpl.doFilter(FilterHandler.java:129)
	at org.springframework.security.web.authentication.AbstractAuthenticationProcessingFilter.doFilter(AbstractAuthenticationProcessingFilter.java:200)
	at io.undertow.servlet.core.ManagedFilter.doFilter(ManagedFilter.java:61)
	at io.undertow.servlet.handlers.FilterHandler$FilterChainImpl.doFilter(FilterHandler.java:131)
	at org.springframework.security.web.FilterChainProxy$VirtualFilterChain.doFilter(FilterChainProxy.java:320)
	at org.springframework.security.web.access.intercept.FilterSecurityInterceptor.invoke(FilterSecurityInterceptor.java:127)
	at org.springframework.security.web.access.intercept.FilterSecurityInterceptor.doFilter(FilterSecurityInterceptor.java:91)
	at org.springframework.security.web.FilterChainProxy$VirtualFilterChain.doFilter(FilterChainProxy.java:334)
	at org.springframework.security.web.access.ExceptionTranslationFilter.doFilter(ExceptionTranslationFilter.java:119)
	at org.springframework.security.web.FilterChainProxy$VirtualFilterChain.doFilter(FilterChainProxy.java:334)
	at org.springframework.security.web.session.SessionManagementFilter.doFilter(SessionManagementFilter.java:137)
	at org.springframework.security.web.FilterChainProxy$VirtualFilterChain.doFilter(FilterChainProxy.java:334)
	at org.springframework.security.web.authentication.AnonymousAuthenticationFilter.doFilter(AnonymousAuthenticationFilter.java:111)
	at org.springframework.security.web.FilterChainProxy$VirtualFilterChain.doFilter(FilterChainProxy.java:334)
	at org.springframework.security.web.authentication.rememberme.RememberMeAuthenticationFilter.doFilter(RememberMeAuthenticationFilter.java:158)
	at org.springframework.security.web.FilterChainProxy$VirtualFilterChain.doFilter(FilterChainProxy.java:334)
	at org.springframework.security.web.servletapi.SecurityContextHolderAwareRequestFilter.doFilter(SecurityContextHolderAwareRequestFilter.java:170)
	at org.springframework.security.web.FilterChainProxy$VirtualFilterChain.doFilter(FilterChainProxy.java:334)
	at org.springframework.security.web.savedrequest.RequestCacheAwareFilter.doFilter(RequestCacheAwareFilter.java:63)
	at org.springframework.security.web.FilterChainProxy$VirtualFilterChain.doFilter(FilterChainProxy.java:334)
	at org.springframework.security.web.authentication.AbstractAuthenticationProcessingFilter.doFilter(AbstractAuthenticationProcessingFilter.java:200)
	at org.springframework.security.web.FilterChainProxy$VirtualFilterChain.doFilter(FilterChainProxy.java:334)
	at org.springframework.security.web.authentication.AbstractAuthenticationProcessingFilter.doFilter(AbstractAuthenticationProcessingFilter.java:200)
	at org.springframework.security.web.FilterChainProxy$VirtualFilterChain.doFilter(FilterChainProxy.java:334)
	at org.springframework.security.web.authentication.logout.LogoutFilter.doFilter(LogoutFilter.java:116)
	at org.springframework.security.web.FilterChainProxy$VirtualFilterChain.doFilter(FilterChainProxy.java:334)
	at org.springframework.web.filter.CorsFilter.doFilterInternal(CorsFilter.java:96)
	at org.springframework.web.filter.OncePerRequestFilter.doFilter(OncePerRequestFilter.java:109)
	at org.springframework.security.web.FilterChainProxy$VirtualFilterChain.doFilter(FilterChainProxy.java:334)
	at org.springframework.security.web.header.HeaderWriterFilter.doFilterInternal(HeaderWriterFilter.java:74)
	at org.springframework.web.filter.OncePerRequestFilter.doFilter(OncePerRequestFilter.java:109)
	at org.springframework.security.web.FilterChainProxy$VirtualFilterChain.doFilter(FilterChainProxy.java:334)
	at org.springframework.security.web.context.SecurityContextPersistenceFilter.doFilter(SecurityContextPersistenceFilter.java:105)
	at org.springframework.security.web.FilterChainProxy$VirtualFilterChain.doFilter(FilterChainProxy.java:334)
	at org.springframework.security.web.context.request.async.WebAsyncManagerIntegrationFilter.doFilterInternal(WebAsyncManagerIntegrationFilter.java:56)
	at org.springframework.web.filter.OncePerRequestFilter.doFilter(OncePerRequestFilter.java:109)
	at org.springframework.security.web.FilterChainProxy$VirtualFilterChain.doFilter(FilterChainProxy.java:334)
	at org.springframework.security.web.FilterChainProxy.doFilterInternal(FilterChainProxy.java:215)
	at org.springframework.security.web.FilterChainProxy.doFilter(FilterChainProxy.java:178)
	at org.springframework.web.filter.DelegatingFilterProxy.invokeDelegate(DelegatingFilterProxy.java:357)
	at org.springframework.web.filter.DelegatingFilterProxy.doFilter(DelegatingFilterProxy.java:270)
	at io.undertow.servlet.core.ManagedFilter.doFilter(ManagedFilter.java:61)
	at io.undertow.servlet.handlers.FilterHandler$FilterChainImpl.doFilter(FilterHandler.java:131)
	at org.springframework.session.web.http.SessionRepositoryFilter.doFilterInternal(SessionRepositoryFilter.java:151)
	at org.springframework.session.web.http.OncePerRequestFilter.doFilter(OncePerRequestFilter.java:85)
	at io.undertow.servlet.core.ManagedFilter.doFilter(ManagedFilter.java:61)
	at io.undertow.servlet.handlers.FilterHandler$FilterChainImpl.doFilter(FilterHandler.java:131)
	at org.springframework.web.filter.CharacterEncodingFilter.doFilterInternal(CharacterEncodingFilter.java:200)
	at org.springframework.web.filter.OncePerRequestFilter.doFilter(OncePerRequestFilter.java:109)
	at io.undertow.servlet.core.ManagedFilter.doFilter(ManagedFilter.java:61)
	at io.undertow.servlet.handlers.FilterHandler$FilterChainImpl.doFilter(FilterHandler.java:131)
	at io.undertow.servlet.handlers.FilterHandler.handleRequest(FilterHandler.java:84)
	at io.undertow.servlet.handlers.security.ServletSecurityRoleHandler.handleRequest(ServletSecurityRoleHandler.java:62)
	at io.undertow.servlet.handlers.ServletChain$1.handleRequest(ServletChain.java:68)
	at io.undertow.servlet.handlers.ServletDispatchingHandler.handleRequest(ServletDispatchingHandler.java:36)
	at io.undertow.servlet.handlers.security.SSLInformationAssociationHandler.handleRequest(SSLInformationAssociationHandler.java:132)
	at io.undertow.servlet.handlers.security.ServletAuthenticationCallHandler.handleRequest(ServletAuthenticationCallHandler.java:57)
	at io.undertow.server.handlers.PredicateHandler.handleRequest(PredicateHandler.java:43)
	at io.undertow.security.handlers.AbstractConfidentialityHandler.handleRequest(AbstractConfidentialityHandler.java:46)
	at io.undertow.servlet.handlers.security.ServletConfidentialityConstraintHandler.handleRequest(ServletConfidentialityConstraintHandler.java:64)
	at io.undertow.security.handlers.AuthenticationMechanismsHandler.handleRequest(AuthenticationMechanismsHandler.java:60)
	at io.undertow.servlet.handlers.security.CachedAuthenticatedSessionHandler.handleRequest(CachedAuthenticatedSessionHandler.java:77)
	at io.undertow.security.handlers.AbstractSecurityContextAssociationHandler.handleRequest(AbstractSecurityContextAssociationHandler.java:43)
	at io.undertow.server.handlers.PredicateHandler.handleRequest(PredicateHandler.java:43)
	at io.undertow.server.handlers.PredicateHandler.handleRequest(PredicateHandler.java:43)
	at io.undertow.servlet.handlers.SessionRestoringHandler.handleRequest(SessionRestoringHandler.java:119)
	at io.undertow.servlet.handlers.ServletInitialHandler.handleFirstRequest(ServletInitialHandler.java:292)
	at io.undertow.servlet.handlers.ServletInitialHandler.access$100(ServletInitialHandler.java:81)
	at io.undertow.servlet.handlers.ServletInitialHandler$2.call(ServletInitialHandler.java:138)
	at io.undertow.servlet.handlers.ServletInitialHandler$2.call(ServletInitialHandler.java:135)
	at io.undertow.servlet.core.ServletRequestContextThreadSetupAction$1.call(ServletRequestContextThreadSetupAction.java:48)
	at io.undertow.servlet.core.ContextClassLoaderSetupAction$1.call(ContextClassLoaderSetupAction.java:43)
	at io.undertow.servlet.handlers.ServletInitialHandler.dispatchRequest(ServletInitialHandler.java:272)
	at io.undertow.servlet.handlers.ServletInitialHandler.access$000(ServletInitialHandler.java:81)
	at io.undertow.servlet.handlers.ServletInitialHandler$1.handleRequest(ServletInitialHandler.java:104)
	at io.undertow.server.Connectors.executeRootHandler(Connectors.java:364)
	at io.undertow.server.HttpServerExchange$1.run(HttpServerExchange.java:830)
	at java.util.concurrent.ThreadPoolExecutor.runWorker(ThreadPoolExecutor.java:1149)
	at java.util.concurrent.ThreadPoolExecutor$Worker.run(ThreadPoolExecutor.java:624)
	at java.lang.Thread.run(Thread.java:748)

