2020-06-13 03:12:48.428 ERROR 22372 --- [XNIO-1 task-191] io.undertow.request                      : UT005023: Exception handling request to /nice%20ports%2C/Tri%6Eity.txt%2ebak

org.springframework.security.web.firewall.RequestRejectedException: The request was rejected because the URL contained a potentially malicious String "%2e"
	at org.springframework.security.web.firewall.StrictHttpFirewall.rejectedBlacklistedUrls(StrictHttpFirewall.java:325)
	at org.springframework.security.web.firewall.StrictHttpFirewall.getFirewalledRequest(StrictHttpFirewall.java:293)
	at org.springframework.security.web.FilterChainProxy.doFilterInternal(FilterChainProxy.java:194)
	at org.springframework.security.web.FilterChainProxy.doFilter(FilterChainProxy.java:178)
	at org.springframework.web.filter.DelegatingFilterProxy.invokeDelegate(DelegatingFilterProxy.java:357)
	at org.springframework.web.filter.DelegatingFilterProxy.doFilter(DelegatingFilterProxy.java:270)
	at io.undertow.servlet.core.ManagedFilter.doFilter(ManagedFilter.java:61)
	at io.undertow.servlet.handlers.FilterHandler$FilterChainImpl.doFilter(FilterHandler.java:131)
	at org.springframework.session.web.http.SessionRepositoryFilter.doFilterInternal(SessionRepositoryFilter.java:151)
	at org.springframework.session.web.http.OncePerRequestFilter.doFilter(OncePerRequestFilter.java:85)
	at io.undertow.servlet.core.ManagedFilter.doFilter(ManagedFilter.java:61)
	at io.undertow.servlet.handlers.FilterHandler$FilterChainImpl.doFilter(FilterHandler.java:131)
	at org.springframework.web.filter.CharacterEncodingFilter.doFilterInternal(CharacterEncodingFilter.java:200)
	at org.springframework.web.filter.OncePerRequestFilter.doFilter(OncePerRequestFilter.java:109)
	at io.undertow.servlet.core.ManagedFilter.doFilter(ManagedFilter.java:61)
	at io.undertow.servlet.handlers.FilterHandler$FilterChainImpl.doFilter(FilterHandler.java:131)
	at io.undertow.servlet.handlers.FilterHandler.handleRequest(FilterHandler.java:84)
	at io.undertow.servlet.handlers.security.ServletSecurityRoleHandler.handleRequest(ServletSecurityRoleHandler.java:62)
	at io.undertow.servlet.handlers.ServletChain$1.handleRequest(ServletChain.java:68)
	at io.undertow.servlet.handlers.ServletDispatchingHandler.handleRequest(ServletDispatchingHandler.java:36)
	at io.undertow.servlet.handlers.security.SSLInformationAssociationHandler.handleRequest(SSLInformationAssociationHandler.java:132)
	at io.undertow.servlet.handlers.security.ServletAuthenticationCallHandler.handleRequest(ServletAuthenticationCallHandler.java:57)
	at io.undertow.server.handlers.PredicateHandler.handleRequest(PredicateHandler.java:43)
	at io.undertow.security.handlers.AbstractConfidentialityHandler.handleRequest(AbstractConfidentialityHandler.java:46)
	at io.undertow.servlet.handlers.security.ServletConfidentialityConstraintHandler.handleRequest(ServletConfidentialityConstraintHandler.java:64)
	at io.undertow.security.handlers.AuthenticationMechanismsHandler.handleRequest(AuthenticationMechanismsHandler.java:60)
	at io.undertow.servlet.handlers.security.CachedAuthenticatedSessionHandler.handleRequest(CachedAuthenticatedSessionHandler.java:77)
	at io.undertow.security.handlers.AbstractSecurityContextAssociationHandler.handleRequest(AbstractSecurityContextAssociationHandler.java:43)
	at io.undertow.server.handlers.PredicateHandler.handleRequest(PredicateHandler.java:43)
	at io.undertow.server.handlers.PredicateHandler.handleRequest(PredicateHandler.java:43)
	at io.undertow.servlet.handlers.SessionRestoringHandler.handleRequest(SessionRestoringHandler.java:119)
	at io.undertow.servlet.handlers.ServletInitialHandler.handleFirstRequest(ServletInitialHandler.java:292)
	at io.undertow.servlet.handlers.ServletInitialHandler.access$100(ServletInitialHandler.java:81)
	at io.undertow.servlet.handlers.ServletInitialHandler$2.call(ServletInitialHandler.java:138)
	at io.undertow.servlet.handlers.ServletInitialHandler$2.call(ServletInitialHandler.java:135)
	at io.undertow.servlet.core.ServletRequestContextThreadSetupAction$1.call(ServletRequestContextThreadSetupAction.java:48)
	at io.undertow.servlet.core.ContextClassLoaderSetupAction$1.call(ContextClassLoaderSetupAction.java:43)
	at io.undertow.servlet.handlers.ServletInitialHandler.dispatchRequest(ServletInitialHandler.java:272)
	at io.undertow.servlet.handlers.ServletInitialHandler.access$000(ServletInitialHandler.java:81)
	at io.undertow.servlet.handlers.ServletInitialHandler$1.handleRequest(ServletInitialHandler.java:104)
	at io.undertow.server.Connectors.executeRootHandler(Connectors.java:364)
	at io.undertow.server.HttpServerExchange$1.run(HttpServerExchange.java:830)
	at java.util.concurrent.ThreadPoolExecutor.runWorker(ThreadPoolExecutor.java:1149)
	at java.util.concurrent.ThreadPoolExecutor$Worker.run(ThreadPoolExecutor.java:624)
	at java.lang.Thread.run(Thread.java:748)

2020-06-13 09:32:33.212  INFO 33620 --- [restartedMain] com.alvis.exam.ExamApplication           : Starting ExamApplication on DESKTOP-VT59QRS with PID 33620 (D:\ideaProject\uexam-mysql\source\exam\target\classes started by admin in D:\ideaProject\uexam-mysql\source\exam)
2020-06-13 09:32:33.220  INFO 33620 --- [restartedMain] com.alvis.exam.ExamApplication           : The following profiles are active: dev
2020-06-13 09:32:33.270  INFO 33620 --- [restartedMain] .e.DevToolsPropertyDefaultsPostProcessor : Devtools property defaults active! Set 'spring.devtools.add-properties' to 'false' to disable
2020-06-13 09:32:33.270  INFO 33620 --- [restartedMain] .e.DevToolsPropertyDefaultsPostProcessor : For additional web related logging consider setting the 'logging.level.web' property to 'DEBUG'
2020-06-13 09:32:34.375  INFO 33620 --- [restartedMain] .s.d.r.c.RepositoryConfigurationDelegate : Multiple Spring Data modules found, entering strict repository configuration mode!
2020-06-13 09:32:34.378  INFO 33620 --- [restartedMain] .s.d.r.c.RepositoryConfigurationDelegate : Bootstrapping Spring Data repositories in DEFAULT mode.
2020-06-13 09:32:34.494  INFO 33620 --- [restartedMain] .s.d.r.c.RepositoryConfigurationDelegate : Finished Spring Data repository scanning in 98ms. Found 0 repository interfaces.
2020-06-13 09:32:35.075  INFO 33620 --- [restartedMain] trationDelegate$BeanPostProcessorChecker : Bean 'cacheConfig' of type [com.alvis.exam.configuration.spring.cache.CacheConfig$$EnhancerBySpringCGLIB$$d74968d7] is not eligible for getting processed by all BeanPostProcessors (for example: not eligible for auto-proxying)
2020-06-13 09:32:35.085  INFO 33620 --- [restartedMain] trationDelegate$BeanPostProcessorChecker : Bean 'org.springframework.transaction.annotation.ProxyTransactionManagementConfiguration' of type [org.springframework.transaction.annotation.ProxyTransactionManagementConfiguration$$EnhancerBySpringCGLIB$$6f25b41a] is not eligible for getting processed by all BeanPostProcessors (for example: not eligible for auto-proxying)
2020-06-13 09:32:35.538  WARN 33620 --- [restartedMain] io.undertow.websockets.jsr               : UT026010: Buffer pool was not set on WebSocketDeploymentInfo, the default pool will be used
2020-06-13 09:32:35.576  INFO 33620 --- [restartedMain] io.undertow.servlet                      : Initializing Spring embedded WebApplicationContext
2020-06-13 09:32:35.576  INFO 33620 --- [restartedMain] o.s.web.context.ContextLoader            : Root WebApplicationContext: initialization completed in 2306 ms
2020-06-13 09:32:37.162  INFO 33620 --- [restartedMain] o.s.s.web.DefaultSecurityFilterChain     : Creating filter chain: any request, [org.springframework.security.web.context.request.async.WebAsyncManagerIntegrationFilter@c71d669, org.springframework.security.web.context.SecurityContextPersistenceFilter@6638ec, org.springframework.security.web.header.HeaderWriterFilter@58697da5, org.springframework.web.filter.CorsFilter@5d7ea4cc, org.springframework.security.web.authentication.logout.LogoutFilter@5ad3185b, com.alvis.exam.configuration.spring.security.RestLoginAuthenticationFilter@7a485af0, org.springframework.security.web.authentication.UsernamePasswordAuthenticationFilter@2fa1cb7, org.springframework.security.web.savedrequest.RequestCacheAwareFilter@5e36c285, org.springframework.security.web.servletapi.SecurityContextHolderAwareRequestFilter@1b493a31, org.springframework.security.web.authentication.rememberme.RememberMeAuthenticationFilter@1d39e287, org.springframework.security.web.authentication.AnonymousAuthenticationFilter@21f8cb90, org.springframework.security.web.session.SessionManagementFilter@63f4d32a, org.springframework.security.web.access.ExceptionTranslationFilter@256a1d5c, org.springframework.security.web.access.intercept.FilterSecurityInterceptor@5c0b3ba9]
2020-06-13 09:32:37.708  INFO 33620 --- [restartedMain] io.lettuce.core.EpollProvider            : Starting without optional epoll library
2020-06-13 09:32:37.710  INFO 33620 --- [restartedMain] io.lettuce.core.KqueueProvider           : Starting without optional kqueue library
2020-06-13 09:32:38.958  INFO 33620 --- [restartedMain] o.s.b.d.a.OptionalLiveReloadServer       : LiveReload server is running on port 35729
2020-06-13 09:32:39.563  INFO 33620 --- [restartedMain] s.a.ScheduledAnnotationBeanPostProcessor : No TaskScheduler/ScheduledExecutorService bean found for scheduled processing
2020-06-13 09:32:39.604  INFO 33620 --- [restartedMain] org.xnio                                 : XNIO version 3.3.8.Final
2020-06-13 09:32:39.617  INFO 33620 --- [restartedMain] org.xnio.nio                             : XNIO NIO Implementation Version 3.3.8.Final
2020-06-13 09:32:39.667  INFO 33620 --- [restartedMain] o.s.b.w.e.u.UndertowServletWebServer     : Undertow started on port(s) 8000 (http) with context path ''
2020-06-13 09:32:39.671  INFO 33620 --- [restartedMain] com.alvis.exam.ExamApplication           : Started ExamApplication in 7.294 seconds (JVM running for 8.507)
2020-06-13 09:41:19.602  INFO 33620 --- [XNIO-1 task-1] io.undertow.servlet                      : Initializing Spring DispatcherServlet 'dispatcherServlet'
2020-06-13 09:41:19.603  INFO 33620 --- [XNIO-1 task-1] o.s.web.servlet.DispatcherServlet        : Initializing Servlet 'dispatcherServlet'
2020-06-13 09:41:19.630  INFO 33620 --- [XNIO-1 task-1] o.s.web.servlet.DispatcherServlet        : Completed initialization in 26 ms
2020-06-13 09:41:33.878  INFO 33620 --- [XNIO-1 task-45] com.zaxxer.hikari.HikariDataSource       : HikariPool-1 - Starting...
2020-06-13 09:41:34.129  INFO 33620 --- [XNIO-1 task-45] com.zaxxer.hikari.HikariDataSource       : HikariPool-1 - Start completed.
2020-06-13 09:41:34.141 DEBUG 33620 --- [XNIO-1 task-45] r.c.a.e.r.UserMapper.getUserByUserName   : ==>  Preparing: select id, user_uuid, user_name, password, real_name, age, sex, birth_day, user_level, phone, role, status, image_path, create_time, modify_time, last_active_time, deleted, wx_open_id from t_user where deleted=0 and user_name=? limit 1 
2020-06-13 09:41:34.169 DEBUG 33620 --- [XNIO-1 task-45] r.c.a.e.r.UserMapper.getUserByUserName   : ==> Parameters: sunxiao(String)
2020-06-13 09:41:34.207 DEBUG 33620 --- [XNIO-1 task-45] r.c.a.e.r.UserMapper.getUserByUserName   : <==      Total: 1
2020-06-13 09:41:34.564 DEBUG 33620 --- [XNIO-1 task-45] r.c.a.e.r.U.insertSelective              : ==>  Preparing: insert into t_user_event_log ( user_id, user_name, content, create_time ) values ( ?, ?, ?, ? ) 
2020-06-13 09:41:34.567 DEBUG 33620 --- [XNIO-1 task-45] r.c.a.e.r.U.insertSelective              : ==> Parameters: 1(Integer), sunxiao(String), sunxiao 登录了学之思考试系统(String), 2020-06-13 09:41:34.536(Timestamp)
2020-06-13 09:41:34.573 DEBUG 33620 --- [XNIO-1 task-45] r.c.a.e.r.U.insertSelective              : <==    Updates: 1
2020-06-13 09:41:34.762 DEBUG 33620 --- [XNIO-1 task-46] r.c.a.e.r.E.selectAllCount               : ==>  Preparing: SELECT count(*) from t_exam_paper where deleted=0 
2020-06-13 09:41:34.764 DEBUG 33620 --- [XNIO-1 task-46] r.c.a.e.r.E.selectAllCount               : ==> Parameters: 
2020-06-13 09:41:34.792 DEBUG 33620 --- [XNIO-1 task-46] r.c.a.e.r.E.selectAllCount               : <==      Total: 1
2020-06-13 09:41:34.794 DEBUG 33620 --- [XNIO-1 task-46] r.c.a.e.r.QuestionMapper.selectAllCount  : ==>  Preparing: SELECT count(*) from t_question where deleted=0 
2020-06-13 09:41:34.794 DEBUG 33620 --- [XNIO-1 task-46] r.c.a.e.r.QuestionMapper.selectAllCount  : ==> Parameters: 
2020-06-13 09:41:34.807 DEBUG 33620 --- [XNIO-1 task-46] r.c.a.e.r.QuestionMapper.selectAllCount  : <==      Total: 1
2020-06-13 09:41:34.808 DEBUG 33620 --- [XNIO-1 task-46] r.c.a.e.r.E.selectAllCount               : ==>  Preparing: SELECT count(*) from t_exam_paper_answer 
2020-06-13 09:41:34.809 DEBUG 33620 --- [XNIO-1 task-46] r.c.a.e.r.E.selectAllCount               : ==> Parameters: 
2020-06-13 09:41:34.812 DEBUG 33620 --- [XNIO-1 task-46] r.c.a.e.r.E.selectAllCount               : <==      Total: 1
2020-06-13 09:41:34.813 DEBUG 33620 --- [XNIO-1 task-46] r.c.a.e.r.E.selectAllCount               : ==>  Preparing: SELECT count(*) from t_exam_paper_question_customer_answer 
2020-06-13 09:41:34.813 DEBUG 33620 --- [XNIO-1 task-46] r.c.a.e.r.E.selectAllCount               : ==> Parameters: 
2020-06-13 09:41:34.815 DEBUG 33620 --- [XNIO-1 task-46] r.c.a.e.r.E.selectAllCount               : <==      Total: 1
2020-06-13 09:41:34.824 DEBUG 33620 --- [XNIO-1 task-46] r.c.a.e.r.U.selectCountByDate            : ==>  Preparing: SELECT create_time as name,COUNT(create_time) as value from ( SELECT DATE_FORMAT(create_time,'%Y-%m-%d') as create_time from t_user_event_log WHERE create_time between ? and ? ) a GROUP BY create_time 
2020-06-13 09:41:34.825 DEBUG 33620 --- [XNIO-1 task-46] r.c.a.e.r.U.selectCountByDate            : ==> Parameters: 2020-06-01 00:00:00.0(Timestamp), 2020-06-30 23:59:59.0(Timestamp)
2020-06-13 09:41:34.831 DEBUG 33620 --- [XNIO-1 task-46] r.c.a.e.r.U.selectCountByDate            : <==      Total: 4
2020-06-13 09:41:34.838 DEBUG 33620 --- [XNIO-1 task-46] r.c.a.e.r.E.selectCountByDate            : ==>  Preparing: SELECT create_time as name,COUNT(create_time) as value from ( SELECT DATE_FORMAT(create_time,'%Y-%m-%d') as create_time from t_exam_paper_question_customer_answer WHERE create_time between ? and ? ) a GROUP BY create_time 
2020-06-13 09:41:34.839 DEBUG 33620 --- [XNIO-1 task-46] r.c.a.e.r.E.selectCountByDate            : ==> Parameters: 2020-06-01 00:00:00.0(Timestamp), 2020-06-30 23:59:59.0(Timestamp)
2020-06-13 09:41:34.842 DEBUG 33620 --- [XNIO-1 task-46] r.c.a.e.r.E.selectCountByDate            : <==      Total: 1
2020-06-13 10:49:03.675 DEBUG 33620 --- [XNIO-1 task-146] r.c.a.e.r.U.insertSelective              : ==>  Preparing: insert into t_user_event_log ( user_id, user_name, content, create_time ) values ( ?, ?, ?, ? ) 
2020-06-13 10:49:03.681 DEBUG 33620 --- [XNIO-1 task-146] r.c.a.e.r.U.insertSelective              : ==> Parameters: 1(Integer), sunxiao(String), sunxiao 登录了学之思考试系统(String), 2020-06-13 10:49:03.67(Timestamp)
2020-06-13 10:49:03.683 DEBUG 33620 --- [XNIO-1 task-146] r.c.a.e.r.U.insertSelective              : <==    Updates: 1
2020-06-13 10:49:04.048 DEBUG 33620 --- [XNIO-1 task-147] r.c.a.e.r.E.selectAllCount               : ==>  Preparing: SELECT count(*) from t_exam_paper where deleted=0 
2020-06-13 10:49:04.048 DEBUG 33620 --- [XNIO-1 task-147] r.c.a.e.r.E.selectAllCount               : ==> Parameters: 
2020-06-13 10:49:04.050 DEBUG 33620 --- [XNIO-1 task-147] r.c.a.e.r.E.selectAllCount               : <==      Total: 1
2020-06-13 10:49:04.051 DEBUG 33620 --- [XNIO-1 task-147] r.c.a.e.r.QuestionMapper.selectAllCount  : ==>  Preparing: SELECT count(*) from t_question where deleted=0 
2020-06-13 10:49:04.051 DEBUG 33620 --- [XNIO-1 task-147] r.c.a.e.r.QuestionMapper.selectAllCount  : ==> Parameters: 
2020-06-13 10:49:04.052 DEBUG 33620 --- [XNIO-1 task-147] r.c.a.e.r.QuestionMapper.selectAllCount  : <==      Total: 1
2020-06-13 10:49:04.053 DEBUG 33620 --- [XNIO-1 task-147] r.c.a.e.r.E.selectAllCount               : ==>  Preparing: SELECT count(*) from t_exam_paper_answer 
2020-06-13 10:49:04.053 DEBUG 33620 --- [XNIO-1 task-147] r.c.a.e.r.E.selectAllCount               : ==> Parameters: 
2020-06-13 10:49:04.053 DEBUG 33620 --- [XNIO-1 task-147] r.c.a.e.r.E.selectAllCount               : <==      Total: 1
2020-06-13 10:49:04.054 DEBUG 33620 --- [XNIO-1 task-147] r.c.a.e.r.E.selectAllCount               : ==>  Preparing: SELECT count(*) from t_exam_paper_question_customer_answer 
2020-06-13 10:49:04.054 DEBUG 33620 --- [XNIO-1 task-147] r.c.a.e.r.E.selectAllCount               : ==> Parameters: 
2020-06-13 10:49:04.055 DEBUG 33620 --- [XNIO-1 task-147] r.c.a.e.r.E.selectAllCount               : <==      Total: 1
2020-06-13 10:49:04.056 DEBUG 33620 --- [XNIO-1 task-147] r.c.a.e.r.U.selectCountByDate            : ==>  Preparing: SELECT create_time as name,COUNT(create_time) as value from ( SELECT DATE_FORMAT(create_time,'%Y-%m-%d') as create_time from t_user_event_log WHERE create_time between ? and ? ) a GROUP BY create_time 
2020-06-13 10:49:04.056 DEBUG 33620 --- [XNIO-1 task-147] r.c.a.e.r.U.selectCountByDate            : ==> Parameters: 2020-06-01 00:00:00.0(Timestamp), 2020-06-30 23:59:59.0(Timestamp)
2020-06-13 10:49:04.058 DEBUG 33620 --- [XNIO-1 task-147] r.c.a.e.r.U.selectCountByDate            : <==      Total: 4
2020-06-13 10:49:04.059 DEBUG 33620 --- [XNIO-1 task-147] r.c.a.e.r.E.selectCountByDate            : ==>  Preparing: SELECT create_time as name,COUNT(create_time) as value from ( SELECT DATE_FORMAT(create_time,'%Y-%m-%d') as create_time from t_exam_paper_question_customer_answer WHERE create_time between ? and ? ) a GROUP BY create_time 
2020-06-13 10:49:04.060 DEBUG 33620 --- [XNIO-1 task-147] r.c.a.e.r.E.selectCountByDate            : ==> Parameters: 2020-06-01 00:00:00.0(Timestamp), 2020-06-30 23:59:59.0(Timestamp)
2020-06-13 10:49:04.061 DEBUG 33620 --- [XNIO-1 task-147] r.c.a.e.r.E.selectCountByDate            : <==      Total: 1
2020-06-13 10:49:18.413 DEBUG 33620 --- [XNIO-1 task-148] r.c.a.e.r.UserMapper.userPage_COUNT      : ==>  Preparing: SELECT count(0) FROM t_user WHERE deleted = 0 AND role = ? 
2020-06-13 10:49:18.413 DEBUG 33620 --- [XNIO-1 task-148] r.c.a.e.r.UserMapper.userPage_COUNT      : ==> Parameters: 3(Integer)
2020-06-13 10:49:18.416 DEBUG 33620 --- [XNIO-1 task-148] r.c.a.e.r.UserMapper.userPage_COUNT      : <==      Total: 1
2020-06-13 10:49:18.422 DEBUG 33620 --- [XNIO-1 task-148] r.c.a.e.repository.UserMapper.userPage   : ==>  Preparing: SELECT id, user_uuid, user_name, password, real_name, age, sex, birth_day, user_level, phone, role, status, image_path, create_time, modify_time, last_active_time, deleted, wx_open_id FROM t_user WHERE deleted = 0 AND role = ? order by id desc LIMIT ? 
2020-06-13 10:49:18.422 DEBUG 33620 --- [XNIO-1 task-148] r.c.a.e.repository.UserMapper.userPage   : ==> Parameters: 3(Integer), 10(Integer)
2020-06-13 10:49:18.425 DEBUG 33620 --- [XNIO-1 task-148] r.c.a.e.repository.UserMapper.userPage   : <==      Total: 2
2020-06-13 10:49:21.463 DEBUG 33620 --- [XNIO-1 task-149] r.c.a.e.r.SubjectMapper.allSubject       : ==>  Preparing: select id, name, level, level_name, item_order, deleted from t_subject 
2020-06-13 10:49:21.463 DEBUG 33620 --- [XNIO-1 task-149] r.c.a.e.r.SubjectMapper.allSubject       : ==> Parameters: 
2020-06-13 10:49:21.471 DEBUG 33620 --- [XNIO-1 task-149] r.c.a.e.r.SubjectMapper.allSubject       : <==      Total: 1
2020-06-13 10:49:21.476 DEBUG 33620 --- [XNIO-1 task-150] r.c.a.e.r.ExamPaperMapper.page_COUNT     : ==>  Preparing: SELECT count(0) FROM t_exam_paper WHERE deleted = 0 
2020-06-13 10:49:21.477 DEBUG 33620 --- [XNIO-1 task-150] r.c.a.e.r.ExamPaperMapper.page_COUNT     : ==> Parameters: 
2020-06-13 10:49:21.478 DEBUG 33620 --- [XNIO-1 task-150] r.c.a.e.r.ExamPaperMapper.page_COUNT     : <==      Total: 1
2020-06-13 10:49:21.480 DEBUG 33620 --- [XNIO-1 task-150] r.c.a.e.repository.ExamPaperMapper.page  : ==>  Preparing: SELECT id, name, subject_id, paper_type, grade_level, score, question_count, suggest_time, limit_start_time, limit_end_time, frame_text_content_id, create_user, create_time, deleted, task_exam_id FROM t_exam_paper WHERE deleted = 0 order by id desc LIMIT ? 
2020-06-13 10:49:21.481 DEBUG 33620 --- [XNIO-1 task-150] r.c.a.e.repository.ExamPaperMapper.page  : ==> Parameters: 10(Integer)
2020-06-13 10:49:21.483 DEBUG 33620 --- [XNIO-1 task-150] r.c.a.e.repository.ExamPaperMapper.page  : <==      Total: 3
2020-06-13 10:49:23.510 DEBUG 33620 --- [XNIO-1 task-151] r.c.a.e.r.SubjectMapper.allSubject       : ==>  Preparing: select id, name, level, level_name, item_order, deleted from t_subject 
2020-06-13 10:49:23.511 DEBUG 33620 --- [XNIO-1 task-151] r.c.a.e.r.SubjectMapper.allSubject       : ==> Parameters: 
2020-06-13 10:49:23.512 DEBUG 33620 --- [XNIO-1 task-151] r.c.a.e.r.SubjectMapper.allSubject       : <==      Total: 1
2020-06-13 10:49:23.521 DEBUG 33620 --- [XNIO-1 task-152] r.c.a.e.r.QuestionMapper.page_COUNT      : ==>  Preparing: SELECT count(0) FROM t_question WHERE deleted = 0 
2020-06-13 10:49:23.521 DEBUG 33620 --- [XNIO-1 task-152] r.c.a.e.r.QuestionMapper.page_COUNT      : ==> Parameters: 
2020-06-13 10:49:23.522 DEBUG 33620 --- [XNIO-1 task-152] r.c.a.e.r.QuestionMapper.page_COUNT      : <==      Total: 1
2020-06-13 10:49:23.523 DEBUG 33620 --- [XNIO-1 task-152] r.c.a.e.repository.QuestionMapper.page   : ==>  Preparing: SELECT id, question_type, subject_id, score, grade_level, difficult, correct, info_text_content_id, create_user, status, create_time, deleted FROM t_question WHERE deleted = 0 order by id desc LIMIT ? 
2020-06-13 10:49:23.523 DEBUG 33620 --- [XNIO-1 task-152] r.c.a.e.repository.QuestionMapper.page   : ==> Parameters: 10(Integer)
2020-06-13 10:49:23.525 DEBUG 33620 --- [XNIO-1 task-152] r.c.a.e.repository.QuestionMapper.page   : <==      Total: 2
2020-06-13 10:49:23.530 DEBUG 33620 --- [XNIO-1 task-152] r.c.a.e.r.T.selectByPrimaryKey           : ==>  Preparing: select id, content, create_time from t_text_content where id = ? 
2020-06-13 10:49:23.530 DEBUG 33620 --- [XNIO-1 task-152] r.c.a.e.r.T.selectByPrimaryKey           : ==> Parameters: 2(Integer)
2020-06-13 10:49:23.534 DEBUG 33620 --- [XNIO-1 task-152] r.c.a.e.r.T.selectByPrimaryKey           : <==      Total: 1
2020-06-13 10:49:23.547 DEBUG 33620 --- [XNIO-1 task-152] r.c.a.e.r.T.selectByPrimaryKey           : ==>  Preparing: select id, content, create_time from t_text_content where id = ? 
2020-06-13 10:49:23.548 DEBUG 33620 --- [XNIO-1 task-152] r.c.a.e.r.T.selectByPrimaryKey           : ==> Parameters: 1(Integer)
2020-06-13 10:49:23.549 DEBUG 33620 --- [XNIO-1 task-152] r.c.a.e.r.T.selectByPrimaryKey           : <==      Total: 1
2020-06-13 10:49:26.074 DEBUG 33620 --- [XNIO-1 task-153] r.c.a.e.r.TaskExamMapper.page_COUNT      : ==>  Preparing: SELECT count(0) FROM t_task_exam WHERE deleted = 0 
2020-06-13 10:49:26.074 DEBUG 33620 --- [XNIO-1 task-153] r.c.a.e.r.TaskExamMapper.page_COUNT      : ==> Parameters: 
2020-06-13 10:49:26.076 DEBUG 33620 --- [XNIO-1 task-153] r.c.a.e.r.TaskExamMapper.page_COUNT      : <==      Total: 1
2020-06-13 10:49:27.872 DEBUG 33620 --- [XNIO-1 task-154] r.c.a.e.r.SubjectMapper.allSubject       : ==>  Preparing: select id, name, level, level_name, item_order, deleted from t_subject 
2020-06-13 10:49:27.873 DEBUG 33620 --- [XNIO-1 task-154] r.c.a.e.r.SubjectMapper.allSubject       : ==> Parameters: 
2020-06-13 10:49:27.874 DEBUG 33620 --- [XNIO-1 task-154] r.c.a.e.r.SubjectMapper.allSubject       : <==      Total: 1
2020-06-13 10:49:32.969 DEBUG 33620 --- [XNIO-1 task-155] r.c.a.e.r.SubjectMapper.page_COUNT       : ==>  Preparing: SELECT count(0) FROM t_subject WHERE deleted = 0 
2020-06-13 10:49:32.969 DEBUG 33620 --- [XNIO-1 task-155] r.c.a.e.r.SubjectMapper.page_COUNT       : ==> Parameters: 
2020-06-13 10:49:32.970 DEBUG 33620 --- [XNIO-1 task-155] r.c.a.e.r.SubjectMapper.page_COUNT       : <==      Total: 1
2020-06-13 10:49:32.971 DEBUG 33620 --- [XNIO-1 task-155] r.c.a.e.repository.SubjectMapper.page    : ==>  Preparing: SELECT id, name, level, level_name, item_order, deleted FROM t_subject WHERE deleted = 0 order by id desc LIMIT ? 
2020-06-13 10:49:32.971 DEBUG 33620 --- [XNIO-1 task-155] r.c.a.e.repository.SubjectMapper.page    : ==> Parameters: 10(Integer)
2020-06-13 10:49:32.973 DEBUG 33620 --- [XNIO-1 task-155] r.c.a.e.repository.SubjectMapper.page    : <==      Total: 1
2020-06-13 13:48:22.326 DEBUG 33620 --- [XNIO-1 task-163] r.c.a.e.r.U.insertSelective              : ==>  Preparing: insert into t_user_event_log ( user_id, user_name, content, create_time ) values ( ?, ?, ?, ? ) 
2020-06-13 13:48:22.337 DEBUG 33620 --- [XNIO-1 task-163] r.c.a.e.r.U.insertSelective              : ==> Parameters: 1(Integer), sunxiao(String), sunxiao 登录了学之思考试系统(String), 2020-06-13 13:48:22.288(Timestamp)
2020-06-13 13:48:22.343 DEBUG 33620 --- [XNIO-1 task-163] r.c.a.e.r.U.insertSelective              : <==    Updates: 1
2020-06-13 13:48:22.695 DEBUG 33620 --- [XNIO-1 task-164] r.c.a.e.r.E.selectAllCount               : ==>  Preparing: SELECT count(*) from t_exam_paper where deleted=0 
2020-06-13 13:48:22.696 DEBUG 33620 --- [XNIO-1 task-164] r.c.a.e.r.E.selectAllCount               : ==> Parameters: 
2020-06-13 13:48:22.706 DEBUG 33620 --- [XNIO-1 task-164] r.c.a.e.r.E.selectAllCount               : <==      Total: 1
2020-06-13 13:48:22.710 DEBUG 33620 --- [XNIO-1 task-164] r.c.a.e.r.QuestionMapper.selectAllCount  : ==>  Preparing: SELECT count(*) from t_question where deleted=0 
2020-06-13 13:48:22.710 DEBUG 33620 --- [XNIO-1 task-164] r.c.a.e.r.QuestionMapper.selectAllCount  : ==> Parameters: 
2020-06-13 13:48:22.712 DEBUG 33620 --- [XNIO-1 task-164] r.c.a.e.r.QuestionMapper.selectAllCount  : <==      Total: 1
2020-06-13 13:48:22.715 DEBUG 33620 --- [XNIO-1 task-164] r.c.a.e.r.E.selectAllCount               : ==>  Preparing: SELECT count(*) from t_exam_paper_answer 
2020-06-13 13:48:22.715 DEBUG 33620 --- [XNIO-1 task-164] r.c.a.e.r.E.selectAllCount               : ==> Parameters: 
2020-06-13 13:48:22.716 DEBUG 33620 --- [XNIO-1 task-164] r.c.a.e.r.E.selectAllCount               : <==      Total: 1
2020-06-13 13:48:22.717 DEBUG 33620 --- [XNIO-1 task-164] r.c.a.e.r.E.selectAllCount               : ==>  Preparing: SELECT count(*) from t_exam_paper_question_customer_answer 
2020-06-13 13:48:22.717 DEBUG 33620 --- [XNIO-1 task-164] r.c.a.e.r.E.selectAllCount               : ==> Parameters: 
2020-06-13 13:48:22.718 DEBUG 33620 --- [XNIO-1 task-164] r.c.a.e.r.E.selectAllCount               : <==      Total: 1
2020-06-13 13:48:22.720 DEBUG 33620 --- [XNIO-1 task-164] r.c.a.e.r.U.selectCountByDate            : ==>  Preparing: SELECT create_time as name,COUNT(create_time) as value from ( SELECT DATE_FORMAT(create_time,'%Y-%m-%d') as create_time from t_user_event_log WHERE create_time between ? and ? ) a GROUP BY create_time 
2020-06-13 13:48:22.721 DEBUG 33620 --- [XNIO-1 task-164] r.c.a.e.r.U.selectCountByDate            : ==> Parameters: 2020-06-01 00:00:00.0(Timestamp), 2020-06-30 23:59:59.0(Timestamp)
2020-06-13 13:48:22.725 DEBUG 33620 --- [XNIO-1 task-164] r.c.a.e.r.U.selectCountByDate            : <==      Total: 4
2020-06-13 13:48:22.728 DEBUG 33620 --- [XNIO-1 task-164] r.c.a.e.r.E.selectCountByDate            : ==>  Preparing: SELECT create_time as name,COUNT(create_time) as value from ( SELECT DATE_FORMAT(create_time,'%Y-%m-%d') as create_time from t_exam_paper_question_customer_answer WHERE create_time between ? and ? ) a GROUP BY create_time 
2020-06-13 13:48:22.729 DEBUG 33620 --- [XNIO-1 task-164] r.c.a.e.r.E.selectCountByDate            : ==> Parameters: 2020-06-01 00:00:00.0(Timestamp), 2020-06-30 23:59:59.0(Timestamp)
2020-06-13 13:48:22.731 DEBUG 33620 --- [XNIO-1 task-164] r.c.a.e.r.E.selectCountByDate            : <==      Total: 1
2020-06-13 13:49:02.943 DEBUG 33620 --- [XNIO-1 task-165] r.c.a.e.r.SubjectMapper.allSubject       : ==>  Preparing: select id, name, level, level_name, item_order, deleted from t_subject 
2020-06-13 13:49:02.943 DEBUG 33620 --- [XNIO-1 task-165] r.c.a.e.r.SubjectMapper.allSubject       : ==> Parameters: 
2020-06-13 13:49:02.947 DEBUG 33620 --- [XNIO-1 task-165] r.c.a.e.r.SubjectMapper.allSubject       : <==      Total: 1
2020-06-13 13:49:03.055 DEBUG 33620 --- [XNIO-1 task-166] r.c.a.e.r.ExamPaperMapper.page_COUNT     : ==>  Preparing: SELECT count(0) FROM t_exam_paper WHERE deleted = 0 
2020-06-13 13:49:03.055 DEBUG 33620 --- [XNIO-1 task-166] r.c.a.e.r.ExamPaperMapper.page_COUNT     : ==> Parameters: 
2020-06-13 13:49:03.056 DEBUG 33620 --- [XNIO-1 task-166] r.c.a.e.r.ExamPaperMapper.page_COUNT     : <==      Total: 1
2020-06-13 13:49:03.058 DEBUG 33620 --- [XNIO-1 task-166] r.c.a.e.repository.ExamPaperMapper.page  : ==>  Preparing: SELECT id, name, subject_id, paper_type, grade_level, score, question_count, suggest_time, limit_start_time, limit_end_time, frame_text_content_id, create_user, create_time, deleted, task_exam_id FROM t_exam_paper WHERE deleted = 0 order by id desc LIMIT ? 
2020-06-13 13:49:03.058 DEBUG 33620 --- [XNIO-1 task-166] r.c.a.e.repository.ExamPaperMapper.page  : ==> Parameters: 10(Integer)
2020-06-13 13:49:03.069 DEBUG 33620 --- [XNIO-1 task-166] r.c.a.e.repository.ExamPaperMapper.page  : <==      Total: 3
2020-06-13 13:49:03.535 DEBUG 33620 --- [XNIO-1 task-168] r.c.a.e.r.SubjectMapper.allSubject       : ==>  Preparing: select id, name, level, level_name, item_order, deleted from t_subject 
2020-06-13 13:49:03.535 DEBUG 33620 --- [XNIO-1 task-168] r.c.a.e.r.SubjectMapper.allSubject       : ==> Parameters: 
2020-06-13 13:49:03.536 DEBUG 33620 --- [XNIO-1 task-168] r.c.a.e.r.SubjectMapper.allSubject       : <==      Total: 1
2020-06-13 13:49:03.538 DEBUG 33620 --- [XNIO-1 task-167] r.c.a.e.r.QuestionMapper.page_COUNT      : ==>  Preparing: SELECT count(0) FROM t_question WHERE deleted = 0 
2020-06-13 13:49:03.539 DEBUG 33620 --- [XNIO-1 task-167] r.c.a.e.r.QuestionMapper.page_COUNT      : ==> Parameters: 
2020-06-13 13:49:03.539 DEBUG 33620 --- [XNIO-1 task-167] r.c.a.e.r.QuestionMapper.page_COUNT      : <==      Total: 1
2020-06-13 13:49:03.541 DEBUG 33620 --- [XNIO-1 task-167] r.c.a.e.repository.QuestionMapper.page   : ==>  Preparing: SELECT id, question_type, subject_id, score, grade_level, difficult, correct, info_text_content_id, create_user, status, create_time, deleted FROM t_question WHERE deleted = 0 order by id desc LIMIT ? 
2020-06-13 13:49:03.541 DEBUG 33620 --- [XNIO-1 task-167] r.c.a.e.repository.QuestionMapper.page   : ==> Parameters: 10(Integer)
2020-06-13 13:49:03.543 DEBUG 33620 --- [XNIO-1 task-167] r.c.a.e.repository.QuestionMapper.page   : <==      Total: 2
2020-06-13 13:49:04.268 DEBUG 33620 --- [XNIO-1 task-169] r.c.a.e.r.SubjectMapper.allSubject       : ==>  Preparing: select id, name, level, level_name, item_order, deleted from t_subject 
2020-06-13 13:49:04.268 DEBUG 33620 --- [XNIO-1 task-169] r.c.a.e.r.SubjectMapper.allSubject       : ==> Parameters: 
2020-06-13 13:49:04.270 DEBUG 33620 --- [XNIO-1 task-169] r.c.a.e.r.SubjectMapper.allSubject       : <==      Total: 1
2020-06-13 13:49:04.273 DEBUG 33620 --- [XNIO-1 task-170] r.c.a.e.r.ExamPaperMapper.page_COUNT     : ==>  Preparing: SELECT count(0) FROM t_exam_paper WHERE deleted = 0 
2020-06-13 13:49:04.274 DEBUG 33620 --- [XNIO-1 task-170] r.c.a.e.r.ExamPaperMapper.page_COUNT     : ==> Parameters: 
2020-06-13 13:49:04.274 DEBUG 33620 --- [XNIO-1 task-170] r.c.a.e.r.ExamPaperMapper.page_COUNT     : <==      Total: 1
2020-06-13 13:49:04.275 DEBUG 33620 --- [XNIO-1 task-170] r.c.a.e.repository.ExamPaperMapper.page  : ==>  Preparing: SELECT id, name, subject_id, paper_type, grade_level, score, question_count, suggest_time, limit_start_time, limit_end_time, frame_text_content_id, create_user, create_time, deleted, task_exam_id FROM t_exam_paper WHERE deleted = 0 order by id desc LIMIT ? 
2020-06-13 13:49:04.276 DEBUG 33620 --- [XNIO-1 task-170] r.c.a.e.repository.ExamPaperMapper.page  : ==> Parameters: 10(Integer)
2020-06-13 13:49:04.277 DEBUG 33620 --- [XNIO-1 task-170] r.c.a.e.repository.ExamPaperMapper.page  : <==      Total: 3
2020-06-13 13:49:06.467 DEBUG 33620 --- [XNIO-1 task-171] r.c.a.e.r.SubjectMapper.allSubject       : ==>  Preparing: select id, name, level, level_name, item_order, deleted from t_subject 
2020-06-13 13:49:06.467 DEBUG 33620 --- [XNIO-1 task-171] r.c.a.e.r.SubjectMapper.allSubject       : ==> Parameters: 
2020-06-13 13:49:06.468 DEBUG 33620 --- [XNIO-1 task-171] r.c.a.e.r.SubjectMapper.allSubject       : <==      Total: 1
2020-06-13 13:49:06.473 DEBUG 33620 --- [XNIO-1 task-172] r.c.a.e.r.QuestionMapper.page_COUNT      : ==>  Preparing: SELECT count(0) FROM t_question WHERE deleted = 0 
2020-06-13 13:49:06.473 DEBUG 33620 --- [XNIO-1 task-172] r.c.a.e.r.QuestionMapper.page_COUNT      : ==> Parameters: 
2020-06-13 13:49:06.474 DEBUG 33620 --- [XNIO-1 task-172] r.c.a.e.r.QuestionMapper.page_COUNT      : <==      Total: 1
2020-06-13 13:49:06.477 DEBUG 33620 --- [XNIO-1 task-172] r.c.a.e.repository.QuestionMapper.page   : ==>  Preparing: SELECT id, question_type, subject_id, score, grade_level, difficult, correct, info_text_content_id, create_user, status, create_time, deleted FROM t_question WHERE deleted = 0 order by id desc LIMIT ? 
2020-06-13 13:49:06.477 DEBUG 33620 --- [XNIO-1 task-172] r.c.a.e.repository.QuestionMapper.page   : ==> Parameters: 10(Integer)
2020-06-13 13:49:06.478 DEBUG 33620 --- [XNIO-1 task-172] r.c.a.e.repository.QuestionMapper.page   : <==      Total: 2
2020-06-13 13:49:07.572 DEBUG 33620 --- [XNIO-1 task-173] r.c.a.e.r.SubjectMapper.allSubject       : ==>  Preparing: select id, name, level, level_name, item_order, deleted from t_subject 
2020-06-13 13:49:07.573 DEBUG 33620 --- [XNIO-1 task-173] r.c.a.e.r.SubjectMapper.allSubject       : ==> Parameters: 
2020-06-13 13:49:07.573 DEBUG 33620 --- [XNIO-1 task-173] r.c.a.e.r.SubjectMapper.allSubject       : <==      Total: 1
2020-06-13 13:49:07.583 DEBUG 33620 --- [XNIO-1 task-174] r.c.a.e.r.ExamPaperMapper.page_COUNT     : ==>  Preparing: SELECT count(0) FROM t_exam_paper WHERE deleted = 0 
2020-06-13 13:49:07.584 DEBUG 33620 --- [XNIO-1 task-174] r.c.a.e.r.ExamPaperMapper.page_COUNT     : ==> Parameters: 
2020-06-13 13:49:07.585 DEBUG 33620 --- [XNIO-1 task-174] r.c.a.e.r.ExamPaperMapper.page_COUNT     : <==      Total: 1
2020-06-13 13:49:07.586 DEBUG 33620 --- [XNIO-1 task-174] r.c.a.e.repository.ExamPaperMapper.page  : ==>  Preparing: SELECT id, name, subject_id, paper_type, grade_level, score, question_count, suggest_time, limit_start_time, limit_end_time, frame_text_content_id, create_user, create_time, deleted, task_exam_id FROM t_exam_paper WHERE deleted = 0 order by id desc LIMIT ? 
2020-06-13 13:49:07.587 DEBUG 33620 --- [XNIO-1 task-174] r.c.a.e.repository.ExamPaperMapper.page  : ==> Parameters: 10(Integer)
2020-06-13 13:49:07.589 DEBUG 33620 --- [XNIO-1 task-174] r.c.a.e.repository.ExamPaperMapper.page  : <==      Total: 3
2020-06-13 13:49:11.118 DEBUG 33620 --- [XNIO-1 task-175] r.c.a.e.r.SubjectMapper.allSubject       : ==>  Preparing: select id, name, level, level_name, item_order, deleted from t_subject 
2020-06-13 13:49:11.118 DEBUG 33620 --- [XNIO-1 task-175] r.c.a.e.r.SubjectMapper.allSubject       : ==> Parameters: 
2020-06-13 13:49:11.119 DEBUG 33620 --- [XNIO-1 task-175] r.c.a.e.r.SubjectMapper.allSubject       : <==      Total: 1
2020-06-13 13:49:11.122 DEBUG 33620 --- [XNIO-1 task-176] r.c.a.e.r.QuestionMapper.page_COUNT      : ==>  Preparing: SELECT count(0) FROM t_question WHERE deleted = 0 
2020-06-13 13:49:11.123 DEBUG 33620 --- [XNIO-1 task-176] r.c.a.e.r.QuestionMapper.page_COUNT      : ==> Parameters: 
2020-06-13 13:49:11.123 DEBUG 33620 --- [XNIO-1 task-176] r.c.a.e.r.QuestionMapper.page_COUNT      : <==      Total: 1
2020-06-13 13:49:11.124 DEBUG 33620 --- [XNIO-1 task-176] r.c.a.e.repository.QuestionMapper.page   : ==>  Preparing: SELECT id, question_type, subject_id, score, grade_level, difficult, correct, info_text_content_id, create_user, status, create_time, deleted FROM t_question WHERE deleted = 0 order by id desc LIMIT ? 
2020-06-13 13:49:11.125 DEBUG 33620 --- [XNIO-1 task-176] r.c.a.e.repository.QuestionMapper.page   : ==> Parameters: 10(Integer)
2020-06-13 13:49:11.126 DEBUG 33620 --- [XNIO-1 task-176] r.c.a.e.repository.QuestionMapper.page   : <==      Total: 2
2020-06-13 13:49:12.201 DEBUG 33620 --- [XNIO-1 task-177] r.c.a.e.r.SubjectMapper.allSubject       : ==>  Preparing: select id, name, level, level_name, item_order, deleted from t_subject 
2020-06-13 13:49:12.202 DEBUG 33620 --- [XNIO-1 task-178] r.c.a.e.r.ExamPaperMapper.page_COUNT     : ==>  Preparing: SELECT count(0) FROM t_exam_paper WHERE deleted = 0 
2020-06-13 13:49:12.203 DEBUG 33620 --- [XNIO-1 task-178] r.c.a.e.r.ExamPaperMapper.page_COUNT     : ==> Parameters: 
2020-06-13 13:49:12.203 DEBUG 33620 --- [XNIO-1 task-177] r.c.a.e.r.SubjectMapper.allSubject       : ==> Parameters: 
2020-06-13 13:49:12.204 DEBUG 33620 --- [XNIO-1 task-178] r.c.a.e.r.ExamPaperMapper.page_COUNT     : <==      Total: 1
2020-06-13 13:49:12.204 DEBUG 33620 --- [XNIO-1 task-177] r.c.a.e.r.SubjectMapper.allSubject       : <==      Total: 1
2020-06-13 13:49:12.205 DEBUG 33620 --- [XNIO-1 task-178] r.c.a.e.repository.ExamPaperMapper.page  : ==>  Preparing: SELECT id, name, subject_id, paper_type, grade_level, score, question_count, suggest_time, limit_start_time, limit_end_time, frame_text_content_id, create_user, create_time, deleted, task_exam_id FROM t_exam_paper WHERE deleted = 0 order by id desc LIMIT ? 
2020-06-13 13:49:12.205 DEBUG 33620 --- [XNIO-1 task-178] r.c.a.e.repository.ExamPaperMapper.page  : ==> Parameters: 10(Integer)
2020-06-13 13:49:12.208 DEBUG 33620 --- [XNIO-1 task-178] r.c.a.e.repository.ExamPaperMapper.page  : <==      Total: 3
2020-06-13 13:49:55.008 DEBUG 33620 --- [XNIO-1 task-180] r.c.a.e.r.SubjectMapper.allSubject       : ==>  Preparing: select id, name, level, level_name, item_order, deleted from t_subject 
2020-06-13 13:49:55.008 DEBUG 33620 --- [XNIO-1 task-180] r.c.a.e.r.SubjectMapper.allSubject       : ==> Parameters: 
2020-06-13 13:49:55.009 DEBUG 33620 --- [XNIO-1 task-180] r.c.a.e.r.SubjectMapper.allSubject       : <==      Total: 1
2020-06-13 13:49:55.010 DEBUG 33620 --- [XNIO-1 task-181] r.c.a.e.r.QuestionMapper.page_COUNT      : ==>  Preparing: SELECT count(0) FROM t_question WHERE deleted = 0 
2020-06-13 13:49:55.011 DEBUG 33620 --- [XNIO-1 task-181] r.c.a.e.r.QuestionMapper.page_COUNT      : ==> Parameters: 
2020-06-13 13:49:55.012 DEBUG 33620 --- [XNIO-1 task-181] r.c.a.e.r.QuestionMapper.page_COUNT      : <==      Total: 1
2020-06-13 13:49:55.013 DEBUG 33620 --- [XNIO-1 task-181] r.c.a.e.repository.QuestionMapper.page   : ==>  Preparing: SELECT id, question_type, subject_id, score, grade_level, difficult, correct, info_text_content_id, create_user, status, create_time, deleted FROM t_question WHERE deleted = 0 order by id desc LIMIT ? 
2020-06-13 13:49:55.013 DEBUG 33620 --- [XNIO-1 task-181] r.c.a.e.repository.QuestionMapper.page   : ==> Parameters: 10(Integer)
2020-06-13 13:49:55.014 DEBUG 33620 --- [XNIO-1 task-181] r.c.a.e.repository.QuestionMapper.page   : <==      Total: 2
2020-06-13 13:50:08.707 DEBUG 33620 --- [XNIO-1 task-182] r.c.a.e.r.SubjectMapper.allSubject       : ==>  Preparing: select id, name, level, level_name, item_order, deleted from t_subject 
2020-06-13 13:50:08.708 DEBUG 33620 --- [XNIO-1 task-182] r.c.a.e.r.SubjectMapper.allSubject       : ==> Parameters: 
2020-06-13 13:50:08.709 DEBUG 33620 --- [XNIO-1 task-182] r.c.a.e.r.SubjectMapper.allSubject       : <==      Total: 1
2020-06-13 13:50:08.730 DEBUG 33620 --- [XNIO-1 task-183] r.c.a.e.r.Q.selectByPrimaryKey           : ==>  Preparing: select id, question_type, subject_id, score, grade_level, difficult, correct, info_text_content_id, create_user, status, create_time, deleted from t_question where id = ? 
2020-06-13 13:50:08.731 DEBUG 33620 --- [XNIO-1 task-183] r.c.a.e.r.Q.selectByPrimaryKey           : ==> Parameters: 2(Integer)
2020-06-13 13:50:08.732 DEBUG 33620 --- [XNIO-1 task-183] r.c.a.e.r.Q.selectByPrimaryKey           : <==      Total: 1
2020-06-13 13:54:48.431 DEBUG 33620 --- [XNIO-1 task-184] r.c.a.e.r.SubjectMapper.allSubject       : ==>  Preparing: select id, name, level, level_name, item_order, deleted from t_subject 
2020-06-13 13:54:48.431 DEBUG 33620 --- [XNIO-1 task-184] r.c.a.e.r.SubjectMapper.allSubject       : ==> Parameters: 
2020-06-13 13:54:48.433 DEBUG 33620 --- [XNIO-1 task-184] r.c.a.e.r.SubjectMapper.allSubject       : <==      Total: 1
2020-06-13 13:54:48.435 DEBUG 33620 --- [XNIO-1 task-185] r.c.a.e.r.ExamPaperMapper.page_COUNT     : ==>  Preparing: SELECT count(0) FROM t_exam_paper WHERE deleted = 0 
2020-06-13 13:54:48.435 DEBUG 33620 --- [XNIO-1 task-185] r.c.a.e.r.ExamPaperMapper.page_COUNT     : ==> Parameters: 
2020-06-13 13:54:48.438 DEBUG 33620 --- [XNIO-1 task-185] r.c.a.e.r.ExamPaperMapper.page_COUNT     : <==      Total: 1
2020-06-13 13:54:48.440 DEBUG 33620 --- [XNIO-1 task-185] r.c.a.e.repository.ExamPaperMapper.page  : ==>  Preparing: SELECT id, name, subject_id, paper_type, grade_level, score, question_count, suggest_time, limit_start_time, limit_end_time, frame_text_content_id, create_user, create_time, deleted, task_exam_id FROM t_exam_paper WHERE deleted = 0 order by id desc LIMIT ? 
2020-06-13 13:54:48.440 DEBUG 33620 --- [XNIO-1 task-185] r.c.a.e.repository.ExamPaperMapper.page  : ==> Parameters: 10(Integer)
2020-06-13 13:54:48.449 DEBUG 33620 --- [XNIO-1 task-185] r.c.a.e.repository.ExamPaperMapper.page  : <==      Total: 3
2020-06-13 13:54:48.843 DEBUG 33620 --- [XNIO-1 task-186] r.c.a.e.r.SubjectMapper.allSubject       : ==>  Preparing: select id, name, level, level_name, item_order, deleted from t_subject 
2020-06-13 13:54:48.844 DEBUG 33620 --- [XNIO-1 task-186] r.c.a.e.r.SubjectMapper.allSubject       : ==> Parameters: 
2020-06-13 13:54:48.844 DEBUG 33620 --- [XNIO-1 task-186] r.c.a.e.r.SubjectMapper.allSubject       : <==      Total: 1
2020-06-13 13:54:48.852 DEBUG 33620 --- [XNIO-1 task-187] r.c.a.e.r.QuestionMapper.page_COUNT      : ==>  Preparing: SELECT count(0) FROM t_question WHERE deleted = 0 
2020-06-13 13:54:48.852 DEBUG 33620 --- [XNIO-1 task-187] r.c.a.e.r.QuestionMapper.page_COUNT      : ==> Parameters: 
2020-06-13 13:54:48.853 DEBUG 33620 --- [XNIO-1 task-187] r.c.a.e.r.QuestionMapper.page_COUNT      : <==      Total: 1
2020-06-13 13:54:48.854 DEBUG 33620 --- [XNIO-1 task-187] r.c.a.e.repository.QuestionMapper.page   : ==>  Preparing: SELECT id, question_type, subject_id, score, grade_level, difficult, correct, info_text_content_id, create_user, status, create_time, deleted FROM t_question WHERE deleted = 0 order by id desc LIMIT ? 
2020-06-13 13:54:48.854 DEBUG 33620 --- [XNIO-1 task-187] r.c.a.e.repository.QuestionMapper.page   : ==> Parameters: 10(Integer)
2020-06-13 13:54:48.855 DEBUG 33620 --- [XNIO-1 task-187] r.c.a.e.repository.QuestionMapper.page   : <==      Total: 2
2020-06-13 13:54:53.653 DEBUG 33620 --- [XNIO-1 task-188] r.c.a.e.r.SubjectMapper.allSubject       : ==>  Preparing: select id, name, level, level_name, item_order, deleted from t_subject 
2020-06-13 13:54:53.654 DEBUG 33620 --- [XNIO-1 task-188] r.c.a.e.r.SubjectMapper.allSubject       : ==> Parameters: 
2020-06-13 13:54:53.657 DEBUG 33620 --- [XNIO-1 task-188] r.c.a.e.r.SubjectMapper.allSubject       : <==      Total: 1
2020-06-13 14:00:24.250 DEBUG 33620 --- [XNIO-1 task-194] r.c.a.e.r.U.insertSelective              : ==>  Preparing: insert into t_user_event_log ( user_id, user_name, content, create_time ) values ( ?, ?, ?, ? ) 
2020-06-13 14:00:24.251 DEBUG 33620 --- [XNIO-1 task-194] r.c.a.e.r.U.insertSelective              : ==> Parameters: 1(Integer), sunxiao(String), sunxiao 登录了学之思考试系统(String), 2020-06-13 14:00:24.249(Timestamp)
2020-06-13 14:00:24.252 DEBUG 33620 --- [XNIO-1 task-194] r.c.a.e.r.U.insertSelective              : <==    Updates: 1
2020-06-13 14:05:06.565 DEBUG 33620 --- [XNIO-1 task-199] r.c.a.e.r.TaskExamMapper.page_COUNT      : ==>  Preparing: SELECT count(0) FROM t_task_exam WHERE deleted = 0 
2020-06-13 14:05:06.565 DEBUG 33620 --- [XNIO-1 task-199] r.c.a.e.r.TaskExamMapper.page_COUNT      : ==> Parameters: 
2020-06-13 14:05:06.566 DEBUG 33620 --- [XNIO-1 task-199] r.c.a.e.r.TaskExamMapper.page_COUNT      : <==      Total: 1
2020-06-13 14:05:07.673 DEBUG 33620 --- [XNIO-1 task-200] r.c.a.e.r.SubjectMapper.allSubject       : ==>  Preparing: select id, name, level, level_name, item_order, deleted from t_subject 
2020-06-13 14:05:07.674 DEBUG 33620 --- [XNIO-1 task-200] r.c.a.e.r.SubjectMapper.allSubject       : ==> Parameters: 
2020-06-13 14:05:07.675 DEBUG 33620 --- [XNIO-1 task-200] r.c.a.e.r.SubjectMapper.allSubject       : <==      Total: 1
2020-06-13 14:05:12.769 DEBUG 33620 --- [XNIO-1 task-201] r.c.a.e.r.TaskExamMapper.page_COUNT      : ==>  Preparing: SELECT count(0) FROM t_task_exam WHERE deleted = 0 
2020-06-13 14:05:12.770 DEBUG 33620 --- [XNIO-1 task-201] r.c.a.e.r.TaskExamMapper.page_COUNT      : ==> Parameters: 
2020-06-13 14:05:12.770 DEBUG 33620 --- [XNIO-1 task-201] r.c.a.e.r.TaskExamMapper.page_COUNT      : <==      Total: 1
2020-06-13 14:05:23.705 DEBUG 33620 --- [XNIO-1 task-202] r.c.a.e.r.SubjectMapper.allSubject       : ==>  Preparing: select id, name, level, level_name, item_order, deleted from t_subject 
2020-06-13 14:05:23.705 DEBUG 33620 --- [XNIO-1 task-202] r.c.a.e.r.SubjectMapper.allSubject       : ==> Parameters: 
2020-06-13 14:05:23.706 DEBUG 33620 --- [XNIO-1 task-202] r.c.a.e.r.SubjectMapper.allSubject       : <==      Total: 1
2020-06-13 14:05:35.321 DEBUG 33620 --- [XNIO-1 task-203] r.c.a.e.r.TaskExamMapper.page_COUNT      : ==>  Preparing: SELECT count(0) FROM t_task_exam WHERE deleted = 0 
2020-06-13 14:05:35.321 DEBUG 33620 --- [XNIO-1 task-203] r.c.a.e.r.TaskExamMapper.page_COUNT      : ==> Parameters: 
2020-06-13 14:05:35.321 DEBUG 33620 --- [XNIO-1 task-203] r.c.a.e.r.TaskExamMapper.page_COUNT      : <==      Total: 1
2020-06-13 14:05:49.088 DEBUG 33620 --- [XNIO-1 task-204] r.c.a.e.r.SubjectMapper.allSubject       : ==>  Preparing: select id, name, level, level_name, item_order, deleted from t_subject 
2020-06-13 14:05:49.088 DEBUG 33620 --- [XNIO-1 task-204] r.c.a.e.r.SubjectMapper.allSubject       : ==> Parameters: 
2020-06-13 14:05:49.089 DEBUG 33620 --- [XNIO-1 task-204] r.c.a.e.r.SubjectMapper.allSubject       : <==      Total: 1
2020-06-13 14:05:50.528 DEBUG 33620 --- [XNIO-1 task-205] r.c.a.e.r.E.taskExamPage_COUNT           : ==>  Preparing: SELECT count(0) FROM t_exam_paper WHERE deleted = 0 AND task_exam_id IS NULL AND grade_level = ? AND paper_type = ? 
2020-06-13 14:05:50.529 DEBUG 33620 --- [XNIO-1 task-205] r.c.a.e.r.E.taskExamPage_COUNT           : ==> Parameters: null, 6(Integer)
2020-06-13 14:05:50.531 DEBUG 33620 --- [XNIO-1 task-205] r.c.a.e.r.E.taskExamPage_COUNT           : <==      Total: 1
2020-06-13 14:05:59.110 DEBUG 33620 --- [XNIO-1 task-206] r.c.a.e.r.E.taskExamPage_COUNT           : ==>  Preparing: SELECT count(0) FROM t_exam_paper WHERE deleted = 0 AND task_exam_id IS NULL AND grade_level = ? AND paper_type = ? 
2020-06-13 14:05:59.111 DEBUG 33620 --- [XNIO-1 task-206] r.c.a.e.r.E.taskExamPage_COUNT           : ==> Parameters: 1(Integer), 6(Integer)
2020-06-13 14:05:59.112 DEBUG 33620 --- [XNIO-1 task-206] r.c.a.e.r.E.taskExamPage_COUNT           : <==      Total: 1
2020-06-13 14:05:59.113 DEBUG 33620 --- [XNIO-1 task-206] r.c.a.e.r.ExamPaperMapper.taskExamPage   : ==>  Preparing: SELECT id, name, subject_id, paper_type, grade_level, score, question_count, suggest_time, limit_start_time, limit_end_time, frame_text_content_id, create_user, create_time, deleted, task_exam_id FROM t_exam_paper WHERE deleted = 0 AND task_exam_id IS NULL AND grade_level = ? AND paper_type = ? order by id desc LIMIT ? 
2020-06-13 14:05:59.113 DEBUG 33620 --- [XNIO-1 task-206] r.c.a.e.r.ExamPaperMapper.taskExamPage   : ==> Parameters: 1(Integer), 6(Integer), 5(Integer)
2020-06-13 14:05:59.114 DEBUG 33620 --- [XNIO-1 task-206] r.c.a.e.r.ExamPaperMapper.taskExamPage   : <==      Total: 1
2020-06-13 14:50:09.444 DEBUG 33620 --- [XNIO-1 task-209] r.c.a.e.r.U.insertSelective              : ==>  Preparing: insert into t_user_event_log ( user_id, user_name, content, create_time ) values ( ?, ?, ?, ? ) 
2020-06-13 14:50:09.444 DEBUG 33620 --- [XNIO-1 task-209] r.c.a.e.r.U.insertSelective              : ==> Parameters: 1(Integer), sunxiao(String), sunxiao 登录了学之思考试系统(String), 2020-06-13 14:50:09.441(Timestamp)
2020-06-13 14:50:09.445 DEBUG 33620 --- [XNIO-1 task-209] r.c.a.e.r.U.insertSelective              : <==    Updates: 1
2020-06-13 14:50:09.802 DEBUG 33620 --- [XNIO-1 task-210] r.c.a.e.r.E.selectAllCount               : ==>  Preparing: SELECT count(*) from t_exam_paper where deleted=0 
2020-06-13 14:50:09.802 DEBUG 33620 --- [XNIO-1 task-210] r.c.a.e.r.E.selectAllCount               : ==> Parameters: 
2020-06-13 14:50:09.803 DEBUG 33620 --- [XNIO-1 task-210] r.c.a.e.r.E.selectAllCount               : <==      Total: 1
2020-06-13 14:50:09.803 DEBUG 33620 --- [XNIO-1 task-210] r.c.a.e.r.QuestionMapper.selectAllCount  : ==>  Preparing: SELECT count(*) from t_question where deleted=0 
2020-06-13 14:50:09.803 DEBUG 33620 --- [XNIO-1 task-210] r.c.a.e.r.QuestionMapper.selectAllCount  : ==> Parameters: 
2020-06-13 14:50:09.805 DEBUG 33620 --- [XNIO-1 task-210] r.c.a.e.r.QuestionMapper.selectAllCount  : <==      Total: 1
2020-06-13 14:50:09.805 DEBUG 33620 --- [XNIO-1 task-210] r.c.a.e.r.E.selectAllCount               : ==>  Preparing: SELECT count(*) from t_exam_paper_answer 
2020-06-13 14:50:09.805 DEBUG 33620 --- [XNIO-1 task-210] r.c.a.e.r.E.selectAllCount               : ==> Parameters: 
2020-06-13 14:50:09.806 DEBUG 33620 --- [XNIO-1 task-210] r.c.a.e.r.E.selectAllCount               : <==      Total: 1
2020-06-13 14:50:09.807 DEBUG 33620 --- [XNIO-1 task-210] r.c.a.e.r.E.selectAllCount               : ==>  Preparing: SELECT count(*) from t_exam_paper_question_customer_answer 
2020-06-13 14:50:09.807 DEBUG 33620 --- [XNIO-1 task-210] r.c.a.e.r.E.selectAllCount               : ==> Parameters: 
2020-06-13 14:50:09.807 DEBUG 33620 --- [XNIO-1 task-210] r.c.a.e.r.E.selectAllCount               : <==      Total: 1
2020-06-13 14:50:09.808 DEBUG 33620 --- [XNIO-1 task-210] r.c.a.e.r.U.selectCountByDate            : ==>  Preparing: SELECT create_time as name,COUNT(create_time) as value from ( SELECT DATE_FORMAT(create_time,'%Y-%m-%d') as create_time from t_user_event_log WHERE create_time between ? and ? ) a GROUP BY create_time 
2020-06-13 14:50:09.808 DEBUG 33620 --- [XNIO-1 task-210] r.c.a.e.r.U.selectCountByDate            : ==> Parameters: 2020-06-01 00:00:00.0(Timestamp), 2020-06-30 23:59:59.0(Timestamp)
2020-06-13 14:50:09.811 DEBUG 33620 --- [XNIO-1 task-210] r.c.a.e.r.U.selectCountByDate            : <==      Total: 4
2020-06-13 14:50:09.812 DEBUG 33620 --- [XNIO-1 task-210] r.c.a.e.r.E.selectCountByDate            : ==>  Preparing: SELECT create_time as name,COUNT(create_time) as value from ( SELECT DATE_FORMAT(create_time,'%Y-%m-%d') as create_time from t_exam_paper_question_customer_answer WHERE create_time between ? and ? ) a GROUP BY create_time 
2020-06-13 14:50:09.812 DEBUG 33620 --- [XNIO-1 task-210] r.c.a.e.r.E.selectCountByDate            : ==> Parameters: 2020-06-01 00:00:00.0(Timestamp), 2020-06-30 23:59:59.0(Timestamp)
2020-06-13 14:50:09.813 DEBUG 33620 --- [XNIO-1 task-210] r.c.a.e.r.E.selectCountByDate            : <==      Total: 1
2020-06-13 14:50:12.854 DEBUG 33620 --- [XNIO-1 task-211] r.c.a.e.r.SubjectMapper.allSubject       : ==>  Preparing: select id, name, level, level_name, item_order, deleted from t_subject 
2020-06-13 14:50:12.854 DEBUG 33620 --- [XNIO-1 task-211] r.c.a.e.r.SubjectMapper.allSubject       : ==> Parameters: 
2020-06-13 14:50:12.855 DEBUG 33620 --- [XNIO-1 task-211] r.c.a.e.r.SubjectMapper.allSubject       : <==      Total: 1
2020-06-13 14:50:12.870 DEBUG 33620 --- [XNIO-1 task-212] r.c.a.e.r.QuestionMapper.page_COUNT      : ==>  Preparing: SELECT count(0) FROM t_question WHERE deleted = 0 
2020-06-13 14:50:12.871 DEBUG 33620 --- [XNIO-1 task-212] r.c.a.e.r.QuestionMapper.page_COUNT      : ==> Parameters: 
2020-06-13 14:50:12.871 DEBUG 33620 --- [XNIO-1 task-212] r.c.a.e.r.QuestionMapper.page_COUNT      : <==      Total: 1
2020-06-13 14:50:12.873 DEBUG 33620 --- [XNIO-1 task-212] r.c.a.e.repository.QuestionMapper.page   : ==>  Preparing: SELECT id, question_type, subject_id, score, grade_level, difficult, correct, info_text_content_id, create_user, status, create_time, deleted FROM t_question WHERE deleted = 0 order by id desc LIMIT ? 
2020-06-13 14:50:12.873 DEBUG 33620 --- [XNIO-1 task-212] r.c.a.e.repository.QuestionMapper.page   : ==> Parameters: 10(Integer)
2020-06-13 14:50:12.874 DEBUG 33620 --- [XNIO-1 task-212] r.c.a.e.repository.QuestionMapper.page   : <==      Total: 2
2020-06-13 14:50:16.908 DEBUG 33620 --- [XNIO-1 task-213] r.c.a.e.r.SubjectMapper.allSubject       : ==>  Preparing: select id, name, level, level_name, item_order, deleted from t_subject 
2020-06-13 14:50:16.909 DEBUG 33620 --- [XNIO-1 task-213] r.c.a.e.r.SubjectMapper.allSubject       : ==> Parameters: 
2020-06-13 14:50:16.912 DEBUG 33620 --- [XNIO-1 task-213] r.c.a.e.r.SubjectMapper.allSubject       : <==      Total: 1
2020-06-13 14:50:16.914 DEBUG 33620 --- [XNIO-1 task-214] r.c.a.e.r.Q.selectByPrimaryKey           : ==>  Preparing: select id, question_type, subject_id, score, grade_level, difficult, correct, info_text_content_id, create_user, status, create_time, deleted from t_question where id = ? 
2020-06-13 14:50:16.915 DEBUG 33620 --- [XNIO-1 task-214] r.c.a.e.r.Q.selectByPrimaryKey           : ==> Parameters: 2(Integer)
2020-06-13 14:50:16.924 DEBUG 33620 --- [XNIO-1 task-214] r.c.a.e.r.Q.selectByPrimaryKey           : <==      Total: 1
2020-06-13 14:50:44.216 DEBUG 33620 --- [XNIO-1 task-215] r.c.a.e.r.SubjectMapper.allSubject       : ==>  Preparing: select id, name, level, level_name, item_order, deleted from t_subject 
2020-06-13 14:50:44.217 DEBUG 33620 --- [XNIO-1 task-215] r.c.a.e.r.SubjectMapper.allSubject       : ==> Parameters: 
2020-06-13 14:50:44.218 DEBUG 33620 --- [XNIO-1 task-216] r.c.a.e.r.QuestionMapper.page_COUNT      : ==>  Preparing: SELECT count(0) FROM t_question WHERE deleted = 0 
2020-06-13 14:50:44.218 DEBUG 33620 --- [XNIO-1 task-215] r.c.a.e.r.SubjectMapper.allSubject       : <==      Total: 1
2020-06-13 14:50:44.218 DEBUG 33620 --- [XNIO-1 task-216] r.c.a.e.r.QuestionMapper.page_COUNT      : ==> Parameters: 
2020-06-13 14:50:44.219 DEBUG 33620 --- [XNIO-1 task-216] r.c.a.e.r.QuestionMapper.page_COUNT      : <==      Total: 1
2020-06-13 14:50:44.223 DEBUG 33620 --- [XNIO-1 task-216] r.c.a.e.repository.QuestionMapper.page   : ==>  Preparing: SELECT id, question_type, subject_id, score, grade_level, difficult, correct, info_text_content_id, create_user, status, create_time, deleted FROM t_question WHERE deleted = 0 order by id desc LIMIT ? 
2020-06-13 14:50:44.223 DEBUG 33620 --- [XNIO-1 task-216] r.c.a.e.repository.QuestionMapper.page   : ==> Parameters: 10(Integer)
2020-06-13 14:50:44.225 DEBUG 33620 --- [XNIO-1 task-216] r.c.a.e.repository.QuestionMapper.page   : <==      Total: 2
2020-06-13 14:53:14.640 DEBUG 33620 --- [XNIO-1 task-217] r.c.a.e.r.Q.selectByPrimaryKey           : ==>  Preparing: select id, question_type, subject_id, score, grade_level, difficult, correct, info_text_content_id, create_user, status, create_time, deleted from t_question where id = ? 
2020-06-13 14:53:14.641 DEBUG 33620 --- [XNIO-1 task-217] r.c.a.e.r.Q.selectByPrimaryKey           : ==> Parameters: 2(Integer)
2020-06-13 14:53:14.642 DEBUG 33620 --- [XNIO-1 task-217] r.c.a.e.r.Q.selectByPrimaryKey           : <==      Total: 1
2020-06-13 14:53:19.812 DEBUG 33620 --- [XNIO-1 task-218] r.c.a.e.r.Q.selectByPrimaryKey           : ==>  Preparing: select id, question_type, subject_id, score, grade_level, difficult, correct, info_text_content_id, create_user, status, create_time, deleted from t_question where id = ? 
2020-06-13 14:53:19.813 DEBUG 33620 --- [XNIO-1 task-218] r.c.a.e.r.Q.selectByPrimaryKey           : ==> Parameters: 2(Integer)
2020-06-13 14:53:19.815 DEBUG 33620 --- [XNIO-1 task-218] r.c.a.e.r.Q.selectByPrimaryKey           : <==      Total: 1
2020-06-13 14:55:58.888 DEBUG 33620 --- [XNIO-1 task-220] r.c.a.e.r.SubjectMapper.allSubject       : ==>  Preparing: select id, name, level, level_name, item_order, deleted from t_subject 
2020-06-13 14:55:58.888 DEBUG 33620 --- [XNIO-1 task-220] r.c.a.e.r.SubjectMapper.allSubject       : ==> Parameters: 
2020-06-13 14:55:58.888 DEBUG 33620 --- [XNIO-1 task-219] r.c.a.e.r.Q.selectByPrimaryKey           : ==>  Preparing: select id, question_type, subject_id, score, grade_level, difficult, correct, info_text_content_id, create_user, status, create_time, deleted from t_question where id = ? 
2020-06-13 14:55:58.888 DEBUG 33620 --- [XNIO-1 task-219] r.c.a.e.r.Q.selectByPrimaryKey           : ==> Parameters: 2(Integer)
2020-06-13 14:55:58.889 DEBUG 33620 --- [XNIO-1 task-220] r.c.a.e.r.SubjectMapper.allSubject       : <==      Total: 1
2020-06-13 14:55:58.889 DEBUG 33620 --- [XNIO-1 task-219] r.c.a.e.r.Q.selectByPrimaryKey           : <==      Total: 1
2020-06-13 15:07:36.934 DEBUG 33620 --- [XNIO-1 task-231] r.c.a.e.r.SubjectMapper.allSubject       : ==>  Preparing: select id, name, level, level_name, item_order, deleted from t_subject 
2020-06-13 15:07:36.935 DEBUG 33620 --- [XNIO-1 task-231] r.c.a.e.r.SubjectMapper.allSubject       : ==> Parameters: 
2020-06-13 15:07:36.940 DEBUG 33620 --- [XNIO-1 task-231] r.c.a.e.r.SubjectMapper.allSubject       : <==      Total: 1
2020-06-13 15:07:36.946 DEBUG 33620 --- [XNIO-1 task-232] r.c.a.e.r.ExamPaperMapper.page_COUNT     : ==>  Preparing: SELECT count(0) FROM t_exam_paper WHERE deleted = 0 
2020-06-13 15:07:36.946 DEBUG 33620 --- [XNIO-1 task-232] r.c.a.e.r.ExamPaperMapper.page_COUNT     : ==> Parameters: 
2020-06-13 15:07:36.948 DEBUG 33620 --- [XNIO-1 task-232] r.c.a.e.r.ExamPaperMapper.page_COUNT     : <==      Total: 1
2020-06-13 15:07:36.948 DEBUG 33620 --- [XNIO-1 task-232] r.c.a.e.repository.ExamPaperMapper.page  : ==>  Preparing: SELECT id, name, subject_id, paper_type, grade_level, score, question_count, suggest_time, limit_start_time, limit_end_time, frame_text_content_id, create_user, create_time, deleted, task_exam_id FROM t_exam_paper WHERE deleted = 0 order by id desc LIMIT ? 
2020-06-13 15:07:36.949 DEBUG 33620 --- [XNIO-1 task-232] r.c.a.e.repository.ExamPaperMapper.page  : ==> Parameters: 10(Integer)
2020-06-13 15:07:36.952 DEBUG 33620 --- [XNIO-1 task-232] r.c.a.e.repository.ExamPaperMapper.page  : <==      Total: 3
2020-06-13 15:10:11.326 DEBUG 33620 --- [XNIO-1 task-233] r.c.a.e.r.UserMapper.userPage_COUNT      : ==>  Preparing: SELECT count(0) FROM t_user WHERE deleted = 0 AND role = ? 
2020-06-13 15:10:11.326 DEBUG 33620 --- [XNIO-1 task-233] r.c.a.e.r.UserMapper.userPage_COUNT      : ==> Parameters: 1(Integer)
2020-06-13 15:10:11.327 DEBUG 33620 --- [XNIO-1 task-233] r.c.a.e.r.UserMapper.userPage_COUNT      : <==      Total: 1
2020-06-13 15:10:11.328 DEBUG 33620 --- [XNIO-1 task-233] r.c.a.e.repository.UserMapper.userPage   : ==>  Preparing: SELECT id, user_uuid, user_name, password, real_name, age, sex, birth_day, user_level, phone, role, status, image_path, create_time, modify_time, last_active_time, deleted, wx_open_id FROM t_user WHERE deleted = 0 AND role = ? order by id desc LIMIT ? 
2020-06-13 15:10:11.329 DEBUG 33620 --- [XNIO-1 task-233] r.c.a.e.repository.UserMapper.userPage   : ==> Parameters: 1(Integer), 10(Integer)
2020-06-13 15:10:11.330 DEBUG 33620 --- [XNIO-1 task-233] r.c.a.e.repository.UserMapper.userPage   : <==      Total: 1
2020-06-13 15:10:12.620 DEBUG 33620 --- [XNIO-1 task-234] r.c.a.e.r.UserMapper.userPage_COUNT      : ==>  Preparing: SELECT count(0) FROM t_user WHERE deleted = 0 AND role = ? 
2020-06-13 15:10:12.620 DEBUG 33620 --- [XNIO-1 task-234] r.c.a.e.r.UserMapper.userPage_COUNT      : ==> Parameters: 3(Integer)
2020-06-13 15:10:12.621 DEBUG 33620 --- [XNIO-1 task-234] r.c.a.e.r.UserMapper.userPage_COUNT      : <==      Total: 1
2020-06-13 15:10:12.622 DEBUG 33620 --- [XNIO-1 task-234] r.c.a.e.repository.UserMapper.userPage   : ==>  Preparing: SELECT id, user_uuid, user_name, password, real_name, age, sex, birth_day, user_level, phone, role, status, image_path, create_time, modify_time, last_active_time, deleted, wx_open_id FROM t_user WHERE deleted = 0 AND role = ? order by id desc LIMIT ? 
2020-06-13 15:10:12.622 DEBUG 33620 --- [XNIO-1 task-234] r.c.a.e.repository.UserMapper.userPage   : ==> Parameters: 3(Integer), 10(Integer)
2020-06-13 15:10:12.623 DEBUG 33620 --- [XNIO-1 task-234] r.c.a.e.repository.UserMapper.userPage   : <==      Total: 2
2020-06-13 15:11:19.373 DEBUG 33620 --- [XNIO-1 task-235] r.c.a.e.r.UserMapper.userPage_COUNT      : ==>  Preparing: SELECT count(0) FROM t_user WHERE deleted = 0 AND role = ? 
2020-06-13 15:11:19.373 DEBUG 33620 --- [XNIO-1 task-235] r.c.a.e.r.UserMapper.userPage_COUNT      : ==> Parameters: 1(Integer)
2020-06-13 15:11:19.374 DEBUG 33620 --- [XNIO-1 task-235] r.c.a.e.r.UserMapper.userPage_COUNT      : <==      Total: 1
2020-06-13 15:11:19.374 DEBUG 33620 --- [XNIO-1 task-235] r.c.a.e.repository.UserMapper.userPage   : ==>  Preparing: SELECT id, user_uuid, user_name, password, real_name, age, sex, birth_day, user_level, phone, role, status, image_path, create_time, modify_time, last_active_time, deleted, wx_open_id FROM t_user WHERE deleted = 0 AND role = ? order by id desc LIMIT ? 
2020-06-13 15:11:19.374 DEBUG 33620 --- [XNIO-1 task-235] r.c.a.e.repository.UserMapper.userPage   : ==> Parameters: 1(Integer), 10(Integer)
2020-06-13 15:11:19.375 DEBUG 33620 --- [XNIO-1 task-235] r.c.a.e.repository.UserMapper.userPage   : <==      Total: 1
2020-06-13 15:11:20.912 DEBUG 33620 --- [XNIO-1 task-236] r.c.a.e.r.UserMapper.userPage_COUNT      : ==>  Preparing: SELECT count(0) FROM t_user WHERE deleted = 0 AND role = ? 
2020-06-13 15:11:20.912 DEBUG 33620 --- [XNIO-1 task-236] r.c.a.e.r.UserMapper.userPage_COUNT      : ==> Parameters: 3(Integer)
2020-06-13 15:11:20.912 DEBUG 33620 --- [XNIO-1 task-236] r.c.a.e.r.UserMapper.userPage_COUNT      : <==      Total: 1
2020-06-13 15:11:20.913 DEBUG 33620 --- [XNIO-1 task-236] r.c.a.e.repository.UserMapper.userPage   : ==>  Preparing: SELECT id, user_uuid, user_name, password, real_name, age, sex, birth_day, user_level, phone, role, status, image_path, create_time, modify_time, last_active_time, deleted, wx_open_id FROM t_user WHERE deleted = 0 AND role = ? order by id desc LIMIT ? 
2020-06-13 15:11:20.913 DEBUG 33620 --- [XNIO-1 task-236] r.c.a.e.repository.UserMapper.userPage   : ==> Parameters: 3(Integer), 10(Integer)
2020-06-13 15:11:20.914 DEBUG 33620 --- [XNIO-1 task-236] r.c.a.e.repository.UserMapper.userPage   : <==      Total: 2
2020-06-13 15:11:22.552 DEBUG 33620 --- [XNIO-1 task-237] r.c.a.e.r.SubjectMapper.allSubject       : ==>  Preparing: select id, name, level, level_name, item_order, deleted from t_subject 
2020-06-13 15:11:22.553 DEBUG 33620 --- [XNIO-1 task-237] r.c.a.e.r.SubjectMapper.allSubject       : ==> Parameters: 
2020-06-13 15:11:22.555 DEBUG 33620 --- [XNIO-1 task-237] r.c.a.e.r.SubjectMapper.allSubject       : <==      Total: 1
2020-06-13 15:11:22.569 DEBUG 33620 --- [XNIO-1 task-238] r.c.a.e.r.ExamPaperMapper.page_COUNT     : ==>  Preparing: SELECT count(0) FROM t_exam_paper WHERE deleted = 0 
2020-06-13 15:11:22.569 DEBUG 33620 --- [XNIO-1 task-238] r.c.a.e.r.ExamPaperMapper.page_COUNT     : ==> Parameters: 
2020-06-13 15:11:22.570 DEBUG 33620 --- [XNIO-1 task-238] r.c.a.e.r.ExamPaperMapper.page_COUNT     : <==      Total: 1
2020-06-13 15:11:22.571 DEBUG 33620 --- [XNIO-1 task-238] r.c.a.e.repository.ExamPaperMapper.page  : ==>  Preparing: SELECT id, name, subject_id, paper_type, grade_level, score, question_count, suggest_time, limit_start_time, limit_end_time, frame_text_content_id, create_user, create_time, deleted, task_exam_id FROM t_exam_paper WHERE deleted = 0 order by id desc LIMIT ? 
2020-06-13 15:11:22.571 DEBUG 33620 --- [XNIO-1 task-238] r.c.a.e.repository.ExamPaperMapper.page  : ==> Parameters: 10(Integer)
2020-06-13 15:11:22.572 DEBUG 33620 --- [XNIO-1 task-238] r.c.a.e.repository.ExamPaperMapper.page  : <==      Total: 3
